Case 1
Diractive Description    Event            User              yyyy/mm/dd hh:mm
----------------------------------------------------------------------------
                         Start            bvdongen@staffw_e 2002/04/11 17:09
TASKA                    Processed To     bvdongen@staffw_e 2002/04/11 17:09
TASKA                    Released By      bvdongen@staffw_e 2002/04/11 17:09
TASKB                    Processed To     bvdongen@staffw_e 2002/04/11 17:09
TASKB                    Released By      bvdongen@staffw_e 2002/04/11 17:10
TASKC                    Processed To     bvdongen@staffw_e 2002/04/11 17:10
TASKC                    Released By      bvdongen@staffw_e 2002/04/11 17:10
TASKD                    Processed To     bvdongen@staffw_e 2002/04/11 17:10
TASKD                    Released By      bvdongen@staffw_e 2002/04/11 17:10
TASKB                    Processed To     bvdongen@staffw_e 2002/04/11 17:10
TASKB                    Released By      bvdongen@staffw_e 2002/04/11 17:10
TASKC                    Processed To     bvdongen@staffw_e 2002/04/11 17:10
TASKC                    Released By      bvdongen@staffw_e 2002/04/11 17:11
TASKD                    Processed To     bvdongen@staffw_e 2002/04/11 17:11
TASKD                    Released By      bvdongen@staffw_e 2002/04/11 17:11
TASKB                    Processed To     bvdongen@staffw_e 2002/04/11 17:11
TASKB                    Released By      bvdongen@staffw_e 2002/04/11 17:12
TASKC                    Processed To     bvdongen@staffw_e 2002/04/11 17:12
TASKC                    Released By      bvdongen@staffw_e 2002/04/11 17:12
TASKE                    Processed To     bvdongen@staffw_e 2002/04/11 17:12
TASKE                    Released By      bvdongen@staffw_e 2002/04/11 17:12
                         Terminated                         2002/04/11 17:12
Case 2
Diractive Description    Event            User              yyyy/mm/dd hh:mm
----------------------------------------------------------------------------
                         Start            bvdongen@staffw_e 2002/04/11 17:09
TASKA                    Processed To     bvdongen@staffw_e 2002/04/11 17:09
TASKA                    Released By      bvdongen@staffw_e 2002/04/11 17:09
TASKB                    Processed To     bvdongen@staffw_e 2002/04/11 17:09
TASKB                    Released By      bvdongen@staffw_e 2002/04/11 17:10
TASKC                    Processed To     bvdongen@staffw_e 2002/04/11 17:10
TASKC                    Released By      bvdongen@staffw_e 2002/04/11 17:10
TASKE                    Processed To     bvdongen@staffw_e 2002/04/11 17:10
TASKE                    Released By      bvdongen@staffw_e 2002/04/11 17:11
                         Terminated                         2002/04/11 17:11
Case 3
Diractive Description    Event            User              yyyy/mm/dd hh:mm
----------------------------------------------------------------------------
                         Start            bvdongen@staffw_e 2002/04/11 17:10
TASKA                    Processed To     bvdongen@staffw_e 2002/04/11 17:10
TASKA                    Released By      bvdongen@staffw_e 2002/04/11 17:10
TASKB                    Processed To     bvdongen@staffw_e 2002/04/11 17:10
TASKB                    Released By      bvdongen@staffw_e 2002/04/11 17:10
TASKC                    Processed To     bvdongen@staffw_e 2002/04/11 17:10
TASKC                    Released By      bvdongen@staffw_e 2002/04/11 17:10
TASKD                    Processed To     bvdongen@staffw_e 2002/04/11 17:10
TASKD                    Released By      bvdongen@staffw_e 2002/04/11 17:11
TASKB                    Processed To     bvdongen@staffw_e 2002/04/11 17:11
TASKB                    Released By      bvdongen@staffw_e 2002/04/11 17:11
TASKC                    Processed To     bvdongen@staffw_e 2002/04/11 17:11
TASKC                    Released By      bvdongen@staffw_e 2002/04/11 17:12
TASKE                    Processed To     bvdongen@staffw_e 2002/04/11 17:12
TASKE                    Released By      bvdongen@staffw_e 2002/04/11 17:12
                         Terminated                         2002/04/11 17:12
