A_schedule;0;A_start;0,000108958123342341;A_complete;0,000812364252245364;B_schedule;0,00314449765008046;B_start;0,00370628746006534;B_suspend;0,00518432137485231;B_resume;0,00683291187710387;B_suspend;0,00975254533113912;B_resume;0,0107709362055175;B_complete;0,0120483892565567;C_schedule;0,01318701958937;C_start;0,0161181687888327;C_suspend;0,0171828955418379;C_resume;0,018326980451497;C_complete;0,0191834167263652;
A_schedule;0,0201522690994251;A_start;0,0206702723452407;A_complete;0,0216678216610388;B_schedule;0,025058307389069;B_start;0,0281414185139713;B_suspend;0,0282118938339409;B_resume;0,0287101724421114;B_complete;0,0287854358175537;C_schedule;0,0288189392886125;C_start;0,0310781672144205;C_complete;0,0335368719194473;
A_schedule;0,034252254196973;A_withdraw;0,0363107655009824;
A_schedule;0,0385470695360305;A_start;0,039393529595044;A_suspend;0,0404202484496636;A_resume;0,0431019211860581;A_complete;0,0461633233094795;C_schedule;0,0481540269215152;C_start;0,0505319220133566;C_complete;0,050558337013677;
A_schedule;0,0539921467781015;A_start;0,0565948296393294;A_complete;0,0570936042721668;C_schedule;0,0598165055077213;C_start;0,06281896773079;C_suspend;0,0638183886557171;C_resume;0,0660021391959163;C_suspend;0,0690479192514128;C_resume;0,0699964897454872;C_suspend;0,0733325739096876;C_resume;0,07387795418779;C_complete;0,0744941254120527;
A_schedule;0,0762238330854517;A_start;0,0767653078898244;A_complete;0,0793336758069927;B_schedule;0,0796126743629833;B_start;0,0798202502483036;B_complete;0,0825824543604136;C_schedule;0,0839074590330711;C_start;0,0854242401805499;C_complete;0,0871392495011807;
A_schedule;0,0899825734070166;A_start;0,0904735300719039;A_suspend;0,0907067463493958;A_resume;0,0913800708464502;A_complete;0,0921699316903768;B_schedule;0,0930535538144694;B_start;0,0959601077872018;B_complete;0,0970534588624206;C_schedule;0,0994571567975476;C_start;0,100563548170612;C_complete;0,10159297807776;
A_schedule;0,104164232419053;A_start;0,10667670235691;A_complete;0,108558845277811;C_schedule;0,1116162241346;C_start;0,112006484602009;C_suspend;0,113408068361524;C_resume;0,113595155140501;C_suspend;0,115933406072953;C_resume;0,119133912845023;C_abort;0,121499943367477;
A_schedule;0,122462676144399;A_start;0,12501298451227;A_suspend;0,127317779270622;A_resume;0,128116435233905;A_suspend;0,1293835302236;A_resume;0,132810310864847;A_suspend;0,132999445683607;A_resume;0,13600877929356;A_suspend;0,138429467124903;A_resume;0,140751900610566;A_complete;0,141827760995107;B_schedule;0,143686135065056;B_withdraw;0,145222337769357;
A_schedule;0,14642782289108;A_start;0,148121578854948;A_complete;0,151075749284549;C_schedule;0,151702058933248;C_start;0,153415817534551;C_complete;0,156514349936818;
A_schedule;0,157234985256865;A_start;0,159274569248535;A_abort;0,161438528399837;
A_schedule;0,163315511098416;A_start;0,16487216297052;A_complete;0,165513387633837;C_schedule;0,168971908595672;C_start;0,171373393638836;C_complete;0,171710932198847;
A_schedule;0,172227274155982;A_start;0,175283964241519;A_abort;0,176807706208718;
A_schedule;0,177344011920569;A_start;0,177984271099881;A_complete;0,17929967010342;B_schedule;0,180562981262079;B_start;0,182138796059816;B_complete;0,18373795758008;C_schedule;0,186576779327071;C_start;0,187456596160903;C_complete;0,189479547767809;
A_schedule;0,191590639916184;A_start;0,194010582823669;A_complete;0,197061646710305;C_schedule;0,198325348912881;C_start;0,201033755549967;C_complete;0,201746784975209;
A_schedule;0,204653839790909;A_start;0,207785193667708;A_complete;0,210477990504134;C_schedule;0,211503884548114;C_withdraw;0,213090460644;
A_schedule;0,213744948416004;A_start;0,214524499271647;A_complete;0,215645338592973;C_schedule;0,218295025920573;C_start;0,219247566867529;C_suspend;0,222150838246711;C_resume;0,223008453774835;C_complete;0,224771233605376;
A_schedule;0,224772393714779;A_start;0,227235223808546;A_complete;0,228608060689617;B_schedule;0,229514265371512;B_start;0,230531612386888;B_complete;0,232981615057927;C_schedule;0,235721915611066;C_start;0,237687496921151;C_complete;0,237763003567428;
A_schedule;0,240835898984288;A_start;0,240948107446052;A_complete;0,241488227423462;B_schedule;0,242942625587198;B_start;0,24295567806338;B_complete;0,245602525453756;C_schedule;0,246403816938659;C_start;0,246618805580915;C_complete;0,246879493618811;
A_schedule;0,249185554395404;A_start;0,251976287383716;A_suspend;0,25342994140778;A_resume;0,25687465161415;A_suspend;0,257036052670123;A_resume;0,257387887039739;A_suspend;0,260701947669279;A_resume;0,261442817542249;A_complete;0,264846224548011;C_schedule;0,264957896378797;C_withdraw;0,267743401379751;
A_schedule;0,269518102634013;A_start;0,272988775389321;A_complete;0,275474286321292;C_schedule;0,278928665067522;C_start;0,281642363608828;C_complete;0,282913294294202;
A_schedule;0,2831727289239;A_start;0,284075931751027;A_suspend;0,287263549300001;A_resume;0,290368808627439;A_complete;0,292064349386945;B_schedule;0,293377136234388;B_start;0,295969594155193;B_complete;0,297153899307078;C_schedule;0,298924719381224;C_withdraw;0,299275566055763;
A_schedule;0,299359247500737;A_start;0,300595765745837;A_complete;0,302839925027608;C_schedule;0,305048116532918;C_start;0,306779005236523;C_complete;0,310237407111951;
A_schedule;0,310927765084974;A_start;0,31332135657269;A_complete;0,313433088405873;B_schedule;0,316212086576141;B_start;0,316796579346475;B_abort;0,317056127466559;
A_schedule;0,319790079751531;A_start;0,321284245211347;A_complete;0,322054207244138;B_schedule;0,32511873022789;B_withdraw;0,32676538492443;
A_schedule;0,329786032211915;A_withdraw;0,332290687772911;
A_schedule;0,333028979248613;A_start;0,335325351678573;A_suspend;0,335984173654449;A_resume;0,338819422956375;A_complete;0,340447622275355;C_schedule;0,340964435940906;C_start;0,343995235355882;C_complete;0,346072638187454;
A_schedule;0,346826737816122;A_start;0,348229025867315;A_complete;0,350672890939879;B_schedule;0,351769194999684;B_start;0,353868943310873;B_complete;0,354072646106943;B_schedule;0,354835250667141;B_start;0,357111700713479;B_complete;0,358302358510426;C_schedule;0,359938375608181;C_start;0,362450306585136;C_complete;0,362742081624068;
A_schedule;0,363617157397029;A_start;0,36482542341077;A_complete;0,36781421621951;B_schedule;0,368684786397757;B_start;0,369965097535492;B_complete;0,371457917979569;C_schedule;0,374090480362712;C_start;0,375673453009869;C_complete;0,377812304632648;
A_schedule;0,378646187857764;A_start;0,381161403848738;A_abort;0,381784650335451;
A_schedule;0,381907812305144;A_start;0,385014144750635;A_complete;0,386798783758422;B_schedule;0,389135638837211;B_start;0,391158134833353;B_complete;0,394544157928774;B_schedule;0,395077436166402;B_start;0,397208650350674;B_suspend;0,398887039568055;B_resume;0,400501919950734;B_complete;0,401649616985297;C_schedule;0,404503075855448;C_start;0,405043018989899;C_complete;0,407637137038465;
A_schedule;0,408831725796012;A_withdraw;0,408966950121491;
A_schedule;0,411361406866086;A_start;0,413666988549974;A_complete;0,415815792664135;B_schedule;0,418492455452603;B_start;0,421599194059834;B_complete;0,423827077771421;C_schedule;0,426540470164683;C_start;0,427204611193803;C_complete;0,430349488437059;
A_schedule;0,433385707361999;A_start;0,43442291950406;A_complete;0,434800093447039;B_schedule;0,436025896648062;B_withdraw;0,438017312784925;
A_schedule;0,440375201850354;A_start;0,443832018328572;A_complete;0,444162661117541;C_schedule;0,445125331502317;C_start;0,445945452649742;C_complete;0,446225410990236;
A_schedule;0,448009718909614;A_start;0,448788119045073;A_abort;0,450229672262342;
A_schedule;0,451974749293489;A_start;0,453262960245613;A_complete;0,45600152306886;C_schedule;0,458366632917508;C_withdraw;0,460197193247344;
A_schedule;0,460992186674654;A_start;0,464391726507327;A_suspend;0,467761735321902;A_resume;0,470631777987971;A_suspend;0,472134824452547;A_resume;0,475599748711425;A_complete;0,47804675936479;B_schedule;0,480897070299964;B_start;0,483173448684587;B_suspend;0,486177882352624;B_resume;0,48744912003167;B_abort;0,48773645534594;
A_schedule;0,487754062676686;A_start;0,488116121645564;A_complete;0,490327572970677;B_schedule;0,493119109160034;B_start;0,495529854717057;B_complete;0,497227748556826;C_schedule;0,497575758600659;C_withdraw;0,498703601349714;
A_schedule;0,499654043399561;A_start;0,502623243666474;A_complete;0,504372751427582;B_schedule;0,506893294672611;B_start;0,508373200377618;B_complete;0,511751688349048;C_schedule;0,51378755901371;C_start;0,515462708155004;C_complete;0,51658910610422;
A_schedule;0,518266602718439;A_start;0,519883403932909;A_abort;0,520511788196422;
A_schedule;0,522423860780287;A_start;0,525528719336661;A_complete;0,527578733156487;C_schedule;0,528616143215913;C_start;0,530628528289122;C_complete;0,532863748242057;
A_schedule;0,533744121536276;A_start;0,533902408506644;A_complete;0,5367589242281;C_schedule;0,537526522185848;C_start;0,539847569384923;C_complete;0,540777907965498;
A_schedule;0,541597714704242;A_start;0,542822910965899;A_suspend;0,544932916375627;A_resume;0,546377112697681;A_complete;0,548079770338114;C_schedule;0,548952004857711;C_start;0,551049427316886;C_complete;0,553037396496317;
A_schedule;0,555477719920519;A_start;0,558686622698183;A_complete;0,561167272024452;C_schedule;0,563061032641498;C_start;0,565604648166401;C_complete;0,56751020017772;
A_schedule;0,570446954846072;A_withdraw;0,570520376463214;
A_schedule;0,570651993121525;A_start;0,573800336118438;A_abort;0,576036304950119;
A_schedule;0,578752067001511;A_start;0,579086254333056;A_suspend;0,582149274516269;A_resume;0,585429749600331;A_complete;0,588852747763869;B_schedule;0,590194789561792;B_start;0,590272711235836;B_complete;0,593007925972213;C_schedule;0,594766584357583;C_start;0,598009866702746;C_suspend;0,598569425358114;C_resume;0,602014575955562;C_suspend;0,603193745663804;C_resume;0,604645693136263;C_complete;0,60500534629197;
A_schedule;0,606033223943087;A_start;0,606271237442141;A_complete;0,609194255843047;C_schedule;0,610495667760713;C_start;0,610692804271821;C_suspend;0,612060810588042;C_resume;0,614714694505286;C_complete;0,614819730885858;
A_schedule;0,61660918276175;A_start;0,619128666265169;A_complete;0,619462040927223;C_schedule;0,621297843034781;C_start;0,623458405684991;C_complete;0,626362791246114;
A_schedule;0,627945602552953;A_start;0,630264754654491;A_complete;0,631744176165537;B_schedule;0,633757090128105;B_start;0,634073934525886;B_complete;0,63609673853595;C_schedule;0,636183169120664;C_start;0,6385025922015;C_complete;0,639754455845428;
A_schedule;0,642549215953397;A_start;0,642826240299555;A_complete;0,644614899637721;B_schedule;0,647315765176448;B_start;0,648661874123112;B_complete;0,651755807196929;C_schedule;0,652243710329964;C_start;0,654398489644842;C_complete;0,654710441648301;
A_schedule;0,654838568508341;A_start;0,65531024872002;A_complete;0,655654944397005;B_schedule;0,657823177505634;B_start;0,659818284349361;B_complete;0,662229549055661;C_schedule;0,662542325145397;C_start;0,665907906906796;C_complete;0,668700006127539;
A_schedule;0,671141202189675;A_start;0,672633044811341;A_suspend;0,675202104035028;A_resume;0,677266033844919;A_complete;0,680377732587254;B_schedule;0,683060269820595;B_start;0,685230743878897;B_complete;0,686174989720005;B_schedule;0,686427549986144;B_start;0,686466711607258;B_suspend;0,689539978718839;B_resume;0,689789841462497;B_suspend;0,691093864598467;B_resume;0,691991395548233;B_complete;0,695158028155372;B_schedule;0,695686264089697;B_start;0,697884288076441;B_complete;0,699245796217131;C_schedule;0,702206893790087;C_start;0,702792729173477;C_complete;0,705443620241972;
A_schedule;0,706008505624293;A_withdraw;0,707032954114969;
A_schedule;0,708474821517788;A_start;0,709314543802369;A_complete;0,712312045554023;B_schedule;0,712363384054496;B_start;0,714181838822293;B_complete;0,716366504829947;B_schedule;0,718317657332389;B_start;0,721050899160522;B_complete;0,723579285443218;C_schedule;0,724149723449955;C_start;0,727262791247793;C_complete;0,728163768904375;
A_schedule;0,730563093584756;A_start;0,73201461251463;A_complete;0,733516017846544;B_schedule;0,73659471017729;B_start;0,739690294143253;B_complete;0,73972577093001;B_schedule;0,741746305547875;B_withdraw;0,744973383221401;
A_schedule;0,746977526093058;A_start;0,748327496079988;A_abort;0,748630275689519;
A_schedule;0,750417212213507;A_start;0,751379884414039;A_complete;0,75371220423646;B_schedule;0,753937712781611;B_start;0,756571919390506;B_suspend;0,759623717671882;B_resume;0,761537592288935;B_complete;0,763668941080041;C_schedule;0,766976494938718;C_start;0,767900319695603;C_suspend;0,768805040793572;C_resume;0,772223234145916;C_suspend;0,77503732486932;C_resume;0,776844126463403;C_complete;0,77893953611945;
A_schedule;0,780021868502243;A_start;0,782729532435447;A_complete;0,78510791819685;B_schedule;0,785266945025393;B_start;0,788426099165615;B_complete;0,789865810868732;C_schedule;0,790180859996731;C_start;0,793201141667346;C_complete;0,79365144594178;
A_schedule;0,796467469657526;A_withdraw;0,797317436576123;
A_schedule;0,798675709258533;A_withdraw;0,801379679373996;
A_schedule;0,801744638811215;A_start;0,802723114424024;A_complete;0,803549383049055;C_schedule;0,803908784121935;C_start;0,804025908888435;C_complete;0,807420342510644;
A_schedule;0,809825512402717;A_start;0,810986733104478;A_complete;0,81292212901139;B_schedule;0,814051835978818;B_start;0,814386930859959;B_complete;0,8171415724064;B_schedule;0,819036862866294;B_start;0,821378087265961;B_complete;0,822475400853566;B_schedule;0,824431428060053;B_withdraw;0,826258224912131;
A_schedule;0,82775382687881;A_start;0,828700355299387;A_suspend;0,831204712479829;A_resume;0,832916819019981;A_complete;0,834034822709833;B_schedule;0,835889436062038;B_start;0,836349697216065;B_complete;0,839066723987344;B_schedule;0,839838629006409;B_start;0,843204440406731;B_complete;0,846012618695063;C_schedule;0,846035359260795;C_start;0,847916229437235;C_complete;0,849529619881651;
A_schedule;0,852402372500769;A_start;0,85258250864475;A_suspend;0,853197074255959;A_resume;0,855639276075333;A_suspend;0,858466518420352;A_resume;0,858953224218568;A_abort;0,859042233784244;
A_schedule;0,859068264360152;A_start;0,862501096253659;A_suspend;0,865803777128653;A_resume;0,866018168214296;A_complete;0,866859016733038;B_schedule;0,869534530164351;B_start;0,872340933033331;B_complete;0,875725835953038;B_schedule;0,878442028197849;B_start;0,881742566017137;B_complete;0,884959274422727;C_schedule;0,886247640507969;C_start;0,888128973356087;C_complete;0,889595630590016;
A_schedule;0,892105736480315;A_start;0,893969160359121;A_suspend;0,894197619872608;A_resume;0,89585666821707;A_complete;0,896517189819457;C_schedule;0,899171495150465;C_start;0,901547705483003;C_complete;0,903853065972928;
A_schedule;0,905004681206063;A_start;0,905845617089654;A_complete;0,908379167431526;B_schedule;0,909085167398897;B_start;0,911374610045136;B_complete;0,913124560889426;C_schedule;0,915955224339592;C_withdraw;0,91934498588186;
A_schedule;0,921966007297872;A_start;0,923507063361791;A_abort;0,924123921615926;
A_schedule;0,924352062130412;A_start;0,927449750162649;A_complete;0,930546263776099;C_schedule;0,930827307075056;C_start;0,93383007685932;C_suspend;0,936341101408794;C_resume;0,938954853869898;C_suspend;0,939938514541913;C_resume;0,942531163126761;C_complete;0,942621406696466;
A_schedule;0,945078066401443;A_start;0,947044810998099;A_abort;0,948075973879896;
A_schedule;0,949864783215971;A_start;0,95151922446611;A_suspend;0,952655773936487;A_resume;0,953033115819886;A_complete;0,95551563297987;B_schedule;0,957758129354463;B_start;0,958565765590821;B_complete;0,959050449586358;C_schedule;0,962157258545631;C_start;0,962352564729777;C_complete;0,965599870706987;
A_schedule;0,967795200705749;A_start;0,968028525613288;A_complete;0,970646528236103;B_schedule;0,973611353411495;B_start;0,975682047970219;B_complete;0,975851072498093;C_schedule;0,977603246092461;C_start;0,977654244288311;C_complete;0,980618355913774;
A_schedule;0,98264067758929;A_start;0,985658804006461;A_suspend;0,988976890997341;A_resume;0,99121794027451;A_suspend;0,993037507017208;A_resume;0,995964449962938;A_suspend;0,99837119465681;A_resume;1,00115697755407;A_complete;1,0014677425287;C_schedule;1,00166340222091;C_withdraw;1,00427336532286;
A_schedule;1,00592900311878;A_start;1,00650464512647;A_suspend;1,00837577362998;A_resume;1,00926202989973;A_complete;1,01078372006466;B_schedule;1,01315822113894;B_start;1,0133152233773;B_complete;1,01359952581374;B_schedule;1,016828785513;B_start;1,0170171018318;B_suspend;1,02029428060956;B_resume;1,02057332489575;B_complete;1,02088485211425;C_schedule;1,02319402545012;C_start;1,02551417326322;C_complete;1,02672786524959;
A_schedule;1,02996192031585;A_start;1,03149853280209;A_complete;1,03403499543654;C_schedule;1,03604929110669;C_start;1,03914172361611;C_complete;1,04078826527338;
A_schedule;1,0418220466365;A_start;1,04341560066678;A_abort;1,04665086902646;
A_schedule;1,04906136527198;A_start;1,05020862067856;A_suspend;1,05068025748026;A_resume;1,051437232742;A_suspend;1,05363025688146;A_resume;1,05461552201693;A_suspend;1,05722954315004;A_resume;1,05842322213155;A_abort;1,05918930672245;
A_schedule;1,06047869839434;A_start;1,06060392913059;A_suspend;1,06105395960266;A_resume;1,06339442057813;A_suspend;1,06475304536677;A_resume;1,06805152317975;A_complete;1,07145288834161;C_schedule;1,07290596467242;C_start;1,07330488270317;C_suspend;1,07474275712998;C_resume;1,07752507770622;C_complete;1,07784640048986;
A_schedule;1,07867226932689;A_start;1,0789588159791;A_abort;1,08065406160474;
A_schedule;1,08276291091493;A_start;1,08586676790987;A_abort;1,0865107527449;
A_schedule;1,08986026541647;A_start;1,09079640657971;A_complete;1,09333471467512;B_schedule;1,09484067797247;B_start;1,09759463256503;B_complete;1,1009527457532;C_schedule;1,10286271662982;C_start;1,10628419056108;C_complete;1,10747995074457;
A_schedule;1,1089275566612;A_start;1,1106843206734;A_complete;1,11233432768818;B_schedule;1,11417348890973;B_start;1,11582494001454;B_complete;1,1188503545806;C_schedule;1,1192195338307;C_start;1,11955233391847;C_complete;1,12133255174558;
A_schedule;1,1225921065262;A_start;1,12538592666129;A_complete;1,12706170460539;C_schedule;1,12999889928647;C_start;1,13010095426257;C_complete;1,13161302648627;
A_schedule;1,13245540995235;A_start;1,13328646250011;A_suspend;1,13573138839436;A_resume;1,13601989366968;A_complete;1,13610206246732;B_schedule;1,13771313926393;B_start;1,13777326308385;B_abort;1,13913528515453;
A_schedule;1,13953065788276;A_start;1,14272784903975;A_suspend;1,14610577418676;A_resume;1,14948321897019;A_complete;1,15138913228455;B_schedule;1,15252168331871;B_start;1,15282344259645;B_complete;1,15582978005922;B_schedule;1,15854506333805;B_start;1,16014265849663;B_complete;1,160452158352;B_schedule;1,16070922297917;B_start;1,16389101561153;B_complete;1,1672821267356;C_schedule;1,16792889662126;C_start;1,1684585381461;C_complete;1,17019480777445;
A_schedule;1,17115645592276;A_start;1,17424093889228;A_suspend;1,17723964828636;A_resume;1,18030720167088;A_complete;1,1818520342818;C_schedule;1,18323154381748;C_withdraw;1,18633395731902;
A_schedule;1,18681729104558;A_start;1,18766832185955;A_complete;1,18960678993285;B_schedule;1,19179952944655;B_start;1,19369031214511;B_abort;1,19432700444304;
A_schedule;1,19562275691876;A_start;1,19566450956498;A_complete;1,19783926508293;C_schedule;1,20002641657387;C_start;1,20029332318033;C_complete;1,20174706277127;
A_schedule;1,20441506819043;A_start;1,20443151143748;A_complete;1,20712552419152;C_schedule;1,20938655519017;C_start;1,21071107868759;C_suspend;1,21080076651641;C_resume;1,2130560827144;C_complete;1,21637069834267;
A_schedule;1,21857781300625;A_start;1,2186458583407;A_complete;1,2211238331155;C_schedule;1,22151004594505;C_start;1,22413258898855;C_suspend;1,22515327300223;C_resume;1,22566276200168;C_complete;1,22772789869406;
A_schedule;1,23077103440462;A_start;1,23276368576626;A_complete;1,23338372073098;C_schedule;1,23611700592705;C_start;1,23773740623437;C_complete;1,23947160978019;
A_schedule;1,24135175424292;A_start;1,24224778637937;A_complete;1,24331622071299;C_schedule;1,24396336943513;C_start;1,24564376843046;C_complete;1,24601279026117;
A_schedule;1,24615213858488;A_start;1,24910034282463;A_complete;1,25030459160917;C_schedule;1,2515699026537;C_withdraw;1,25251060556588;
A_schedule;1,2541988621896;A_withdraw;1,25663615230587;
A_schedule;1,25825234378054;A_start;1,25909730356943;A_complete;1,26128038346037;B_schedule;1,26146560670006;B_start;1,26414685504278;B_complete;1,26438780158545;B_schedule;1,2649099804516;B_start;1,2652604712736;B_complete;1,2658470152625;B_schedule;1,26766879510089;B_withdraw;1,26815788593214;
A_schedule;1,27012548289107;A_start;1,27261085380128;A_complete;1,2740201007287;B_schedule;1,27694102401438;B_start;1,27896590853278;B_complete;1,28023526055363;B_schedule;1,28179990604501;B_start;1,28402925608518;B_suspend;1,28626869356958;B_resume;1,28884858170447;B_complete;1,29169577463472;C_schedule;1,29219550694527;C_withdraw;1,29261950413477;
A_schedule;1,2960450123614;A_start;1,29654279523432;A_complete;1,29751671560128;C_schedule;1,29868483025995;C_start;1,30095106383993;C_abort;1,30138804163855;
A_schedule;1,30313811071068;A_start;1,3038327608859;A_complete;1,30620327226805;B_schedule;1,3086971767043;B_start;1,3088133106794;B_suspend;1,31026048630398;B_resume;1,31176075962139;B_complete;1,3147101448962;B_schedule;1,31528274841225;B_start;1,31613547247253;B_complete;1,31878181385562;C_schedule;1,32128623115164;C_start;1,3235251429384;C_complete;1,32639614054157;
A_schedule;1,32707143258045;A_withdraw;1,32938431939854;
A_schedule;1,32975007346734;A_start;1,32999677380819;A_suspend;1,33044010805315;A_resume;1,33240751739262;A_complete;1,33436082254209;C_schedule;1,33474248543563;C_start;1,33514746460262;C_complete;1,33805798120739;
A_schedule;1,34144998828965;A_start;1,34252674693643;A_suspend;1,34327102626169;A_resume;1,34665332826585;A_complete;1,34969592132418;B_schedule;1,35264508853046;B_start;1,35395150349682;B_complete;1,35621713891386;C_schedule;1,35636137519193;C_withdraw;1,35933080471134;
A_schedule;1,36254932125707;A_start;1,36396160209066;A_complete;1,36484575924664;B_schedule;1,36521405391007;B_start;1,36552488834261;B_suspend;1,3685025828745;B_resume;1,36888127173329;B_abort;1,36990574114477;
A_schedule;1,37191066364822;A_start;1,37367516745871;A_complete;1,37674096863581;C_schedule;1,37971312810098;C_start;1,38057640817068;C_abort;1,38092885222512;
A_schedule;1,38257682384412;A_start;1,38379967064248;A_complete;1,38665567833555;C_schedule;1,38853154358124;C_start;1,38992250286295;C_suspend;1,39140713930829;C_resume;1,39369606064348;C_complete;1,39497820189475;
A_schedule;1,39795112784001;A_withdraw;1,39906363390684;
A_schedule;1,40115120319145;A_start;1,40399996285851;A_complete;1,4069116450248;B_schedule;1,41017332554071;B_start;1,4132215885135;B_complete;1,41468068073057;C_schedule;1,41583407243565;C_start;1,41757820383969;C_complete;1,41782876996311;
A_schedule;1,41838228233812;A_start;1,42031612773523;A_complete;1,42287655162444;B_schedule;1,42339668274831;B_start;1,42418032073409;B_suspend;1,4251481807587;B_resume;1,42739398033397;B_complete;1,42930808517526;C_schedule;1,43034445072893;C_start;1,43097791958361;C_complete;1,43386952621707;
A_schedule;1,43507085232219;A_start;1,43648188185277;A_complete;1,43754945236368;B_schedule;1,43889152950982;B_start;1,44045106658854;B_complete;1,44165630874826;C_schedule;1,44355156714866;C_start;1,44472912993256;C_suspend;1,44785762734116;C_resume;1,45018370788279;C_complete;1,45088764969033;
A_schedule;1,45323298961739;A_start;1,4539575463245;A_complete;1,45472305613576;C_schedule;1,45687420367904;C_start;1,46003441013292;C_abort;1,46263998439018;
A_schedule;1,46350224903856;A_start;1,46648602896635;A_complete;1,46727201027291;C_schedule;1,46811375176832;C_start;1,46838060755625;C_complete;1,46996055777385;
A_schedule;1,47057513127543;A_start;1,47150632743594;A_complete;1,47267158452208;C_schedule;1,47343495999909;C_start;1,47672758058373;C_complete;1,47974911980499;
A_schedule;1,48237150405799;A_start;1,48278962872994;A_suspend;1,48343532525986;A_resume;1,48414480206298;A_suspend;1,48596794509245;A_resume;1,48670499041166;A_suspend;1,48803841282885;A_resume;1,48892922216651;A_suspend;1,48966804675325;A_resume;1,4918830285557;A_complete;1,49478517510902;B_schedule;1,4969459430431;B_start;1,49780368007972;B_complete;1,50019046543457;C_schedule;1,5007034372506;C_start;1,50191257966799;C_complete;1,50525376383222;
A_schedule;1,50845276842948;A_withdraw;1,50954789864934;
A_schedule;1,51245254412707;A_start;1,51316844662102;A_abort;1,51440592547523;
A_schedule;1,51566396351296;A_start;1,51848247644375;A_complete;1,52025209979911;C_schedule;1,52272960071342;C_start;1,52460829885806;C_complete;1,52582341672516;
A_schedule;1,52866762111888;A_withdraw;1,53119639257622;
A_schedule;1,53153306438213;A_start;1,53490377418348;A_suspend;1,53765232693048;A_resume;1,53947191652292;A_suspend;1,54153520309935;A_resume;1,54428325969881;A_suspend;1,54654682181071;A_resume;1,54671154576257;A_complete;1,54950551496262;B_schedule;1,55208805970162;B_start;1,55421601228914;B_complete;1,55618297662942;C_schedule;1,55673445791601;C_start;1,55969752915229;C_suspend;1,56267476467151;C_resume;1,56347711861114;C_complete;1,56611495415564;
A_schedule;1,56813379250687;A_start;1,56842515140468;A_complete;1,57084203125204;C_schedule;1,57417136826552;C_withdraw;1,57496675266884;
A_schedule;1,57709556376115;A_start;1,57989685237569;A_complete;1,58161604611733;B_schedule;1,58301923014935;B_start;1,58322196862072;B_complete;1,58442710651596;B_schedule;1,5851070256451;B_start;1,58701806576897;B_abort;1,58895603157159;
A_schedule;1,59190722688961;A_start;1,59274164171721;A_complete;1,59461479801232;B_schedule;1,59659593966434;B_withdraw;1,59822945757737;
A_schedule;1,60165408066112;A_withdraw;1,6027828594799;
A_schedule;1,60358575715185;A_start;1,60678496924649;A_suspend;1,60802938444087;A_resume;1,61032045910381;A_complete;1,61126803643775;C_schedule;1,61290413285961;C_start;1,61567973782076;C_complete;1,61871609457173;
A_schedule;1,6204799620108;A_withdraw;1,62049622914734;
A_schedule;1,62321776073723;A_start;1,62571697273718;A_complete;1,62874997180996;C_schedule;1,6292566494004;C_start;1,63236152810148;C_complete;1,63330172690459;
A_schedule;1,63343513379772;A_start;1,63497630980338;A_complete;1,63657270592133;C_schedule;1,63967548654505;C_start;1,64166733329734;C_suspend;1,64382133486571;C_resume;1,6464514148538;C_complete;1,64740535499813;
A_schedule;1,64978188220509;A_start;1,65283995439434;A_complete;1,6555336545215;C_schedule;1,65731435071535;C_start;1,65906882785526;C_complete;1,66006466956363;
A_schedule;1,66194267748182;A_start;1,66289075648981;A_complete;1,66621501709354;C_schedule;1,66688329919351;C_start;1,66690125729332;C_complete;1,66691426556079;
A_schedule;1,66749941555867;A_start;1,67007473956942;A_suspend;1,67180623956827;A_resume;1,67255586903775;A_complete;1,67413751550581;B_schedule;1,67562749335937;B_start;1,67820565378901;B_complete;1,68106954019944;C_schedule;1,68408733217156;C_start;1,68659791207271;C_complete;1,68807421922166;
A_schedule;1,68999932677899;A_start;1,69104615534727;A_complete;1,69365398539392;C_schedule;1,69483863381578;C_start;1,69624212901302;C_complete;1,69678388949413;
A_schedule;1,69695051072469;A_start;1,69727070164582;A_suspend;1,69788977456564;A_resume;1,69990326017756;A_suspend;1,70117592071215;A_resume;1,70239413222751;A_complete;1,7026628903275;B_schedule;1,70356160904339;B_start;1,70547215765206;B_suspend;1,70785640059815;B_resume;1,70908240442319;B_complete;1,71177233289119;B_schedule;1,71340120587815;B_start;1,71671705704971;B_suspend;1,71680228953806;B_resume;1,71862624462261;B_complete;1,7186874488042;B_schedule;1,719548319848;B_start;1,72183271423112;B_complete;1,7225509116203;C_schedule;1,72315946173007;C_start;1,72457711760459;C_complete;1,72529943556745;
A_schedule;1,72828158266849;A_start;1,72873151818931;A_complete;1,7290977479683;C_schedule;1,73230193307002;C_start;1,73393953674854;C_complete;1,73554286539406;
A_schedule;1,73718987485821;A_start;1,7382661173243;A_suspend;1,73880813148733;A_resume;1,74017837988827;A_complete;1,74127658646062;C_schedule;1,7418541132356;C_start;1,7448968290361;C_abort;1,74525532563146;
A_schedule;1,74825168065662;A_start;1,7505769512726;A_complete;1,75316125493555;B_schedule;1,7534664922908;B_start;1,75382201121344;B_suspend;1,75567266669693;B_resume;1,75871956774467;B_complete;1,76083665818603;B_schedule;1,76315517251755;B_start;1,76392341789;B_complete;1,76676652832248;B_schedule;1,76742154455375;B_start;1,76842280062717;B_abort;1,76922412377705;
A_schedule;1,77102554654023;A_withdraw;1,77159509446453;
A_schedule;1,77438532397759;A_start;1,77588178701505;A_complete;1,77894009431313;C_schedule;1,78004313194833;C_start;1,78260844151696;C_complete;1,78423578072236;
A_schedule;1,78725031828475;A_start;1,78919256799499;A_suspend;1,79073493938389;A_resume;1,79155048763884;A_complete;1,79215624105321;C_schedule;1,79449976454069;C_start;1,79726323501543;C_complete;1,79863168060547;
A_schedule;1,80021338427226;A_start;1,80068833421845;A_complete;1,80228403757469;C_schedule;1,80567358880782;C_start;1,80610664696077;C_complete;1,80949887587243;
A_schedule;1,8119876246977;A_start;1,81209359422792;A_complete;1,81455938346496;C_schedule;1,81706870139169;C_start;1,82003201333767;C_suspend;1,8212226138599;C_resume;1,82391240329566;C_complete;1,8252818316412;
A_schedule;1,8256678580397;A_start;1,82641366768965;A_complete;1,8277965039516;C_schedule;1,82976287260115;C_start;1,83046035442385;C_complete;1,83152002132718;
A_schedule;1,8322943700623;A_start;1,83399393838125;A_complete;1,83530953676543;B_schedule;1,83716651440288;B_start;1,83737656107244;B_complete;1,83833934333234;B_schedule;1,83863702522811;B_start;1,83882101917213;B_complete;1,83903519857914;C_schedule;1,83956834103285;C_start;1,84007950052748;C_complete;1,841006307106;
A_schedule;1,84256674221089;A_start;1,8452161879282;A_abort;1,84708473935866;
A_schedule;1,85032593457921;A_withdraw;1,85314968738142;
A_schedule;1,85504047606729;A_start;1,85750048836538;A_complete;1,85858886987747;B_schedule;1,86194635158528;B_start;1,8625241238252;B_complete;1,86416312109537;C_schedule;1,86551202819101;C_start;1,86679124923507;C_abort;1,8668764135008;
A_schedule;1,86846524460836;A_start;1,86895210348302;A_complete;1,86930633281817;B_schedule;1,87209457578946;B_start;1,87252031129255;B_complete;1,87561808612211;C_schedule;1,87708893370614;C_start;1,87742619890842;C_complete;1,87857006922261;
A_schedule;1,88104918850068;A_start;1,88406268039479;A_abort;1,88440607348619;
A_schedule;1,88608623994838;A_start;1,88917067863965;A_complete;1,89235944973027;C_schedule;1,89355775099345;C_start;1,89437892371401;C_complete;1,89590678844575;
A_schedule;1,89673929556577;A_withdraw;1,89857231571578;
A_schedule;1,90116312099659;A_start;1,90369097439947;A_suspend;1,90533307707099;A_resume;1,9066102036013;A_suspend;1,90836809258649;A_resume;1,90871380845136;A_complete;1,91077028669436;B_schedule;1,91267745687219;B_start;1,91522428043148;B_suspend;1,91733211023772;B_resume;1,92019902222253;B_suspend;1,92269446995568;B_resume;1,92380140035594;B_complete;1,92653515394906;C_schedule;1,92701060293701;C_start;1,92890306006787;C_complete;1,93008798443285;
A_schedule;1,931836005407;A_start;1,93277577431258;A_complete;1,93570214022798;C_schedule;1,93620265078627;C_start;1,93915048934933;C_suspend;1,94039944570169;C_resume;1,94303005025884;C_complete;1,94641071193554;
A_schedule;1,94680962025692;A_start;1,9471397943384;A_complete;1,94718937910673;C_schedule;1,94781417723667;C_start;1,95065688561105;C_complete;1,9522486801062;
A_schedule;1,95303788959184;A_start;1,95644431608768;A_complete;1,959209548248;B_schedule;1,95926809329184;B_start;1,96021915670038;B_complete;1,9629581707866;C_schedule;1,96419646781093;C_start;1,96690624643654;C_complete;1,96943986386274;
A_schedule;1,96977929682018;A_start;1,97150716352108;A_complete;1,97366692139541;C_schedule;1,9749395905512;C_withdraw;1,97818967502745;
A_schedule;1,97883684049076;A_withdraw;1,97973901604968;
A_schedule;1,98221559119702;A_start;1,98526862897173;A_suspend;1,98770099068901;A_resume;1,99048656844954;A_complete;1,99284284320472;C_schedule;1,99501902529866;C_start;1,99513206856015;C_complete;1,99810175838744;
A_schedule;1,99892408628592;A_withdraw;1,9994099237471;
A_schedule;2,00064851907276;A_start;2,00131671973536;A_complete;2,00192679755694;C_schedule;2,00312039903494;C_withdraw;2,00505865819933;
A_schedule;2,00848666354593;A_start;2,01163626906701;A_complete;2,01299147906441;C_schedule;2,01585635027085;C_start;2,01796792302856;C_suspend;2,01914839886821;C_resume;2,02083203278016;C_complete;2,02188209331749;
A_schedule;2,02527008706723;A_start;2,02810358451582;A_complete;2,02905777434676;C_schedule;2,03186756795104;C_start;2,03354472227996;C_complete;2,03391866344383;
A_schedule;2,0366981058679;A_start;2,03884281645555;A_complete;2,04050096139771;B_schedule;2,04216273354864;B_start;2,04219440975834;B_suspend;2,04321855208642;B_resume;2,04428268018495;B_complete;2,04708379842567;C_schedule;2,04996895743534;C_start;2,05207832080001;C_complete;2,05528642956859;
A_schedule;2,05795984836974;A_start;2,06079915655169;A_suspend;2,06249301541377;A_resume;2,06270484519741;A_complete;2,06303132158387;B_schedule;2,06422630343715;B_start;2,06444801997471;B_suspend;2,06777470109874;B_resume;2,07077189004081;B_suspend;2,0720613407482;B_resume;2,0746677065585;B_complete;2,07695877409909;C_schedule;2,08006006999737;C_start;2,08274456477051;C_complete;2,08414978449905;
A_schedule;2,08717957456408;A_start;2,08775860160595;A_complete;2,08853844904095;B_schedule;2,09041644649308;B_start;2,09175077679134;B_complete;2,09290298651225;B_schedule;2,09517163984451;B_start;2,09729481157976;B_complete;2,09745773794485;B_schedule;2,09836723899449;B_start;2,09924662358632;B_complete;2,10045583166195;C_schedule;2,10157182775341;C_start;2,10393046175563;C_complete;2,1041402327052;
A_schedule;2,1047186060136;A_start;2,10605551341723;A_complete;2,10897341303482;B_schedule;2,10929282346236;B_start;2,11148815932878;B_complete;2,11427069972301;B_schedule;2,11525645392733;B_start;2,1154208478272;B_suspend;2,11886140553462;B_resume;2,12147504658949;B_complete;2,12370248702387;B_schedule;2,12568754168266;B_start;2,12832490847924;B_complete;2,13122431959911;B_schedule;2,13299738636932;B_start;2,13328311823877;B_complete;2,13460693949471;C_schedule;2,13604882907142;C_start;2,13740375207433;C_complete;2,13794918887692;
A_schedule;2,14121855405715;A_withdraw;2,14313312434468;
A_schedule;2,14548937846848;A_start;2,1471765780912;A_complete;2,15046840976639;C_schedule;2,15211699882153;C_start;2,15466626912853;C_suspend;2,15600014363816;C_resume;2,1565971589783;C_suspend;2,1588025280006;C_resume;2,16226936544828;C_complete;2,16528643522825;
A_schedule;2,16720502720111;A_start;2,16827408493878;A_suspend;2,16890415541679;A_resume;2,16993780286995;A_suspend;2,17050729947773;A_resume;2,17316049981067;A_complete;2,17493121816046;C_schedule;2,1769087882001;C_start;2,17775799253205;C_complete;2,17776853023194;
A_schedule;2,17790020424905;A_withdraw;2,18098618768919;
A_schedule;2,18198754601245;A_start;2,18215014234657;A_complete;2,18221797398777;B_schedule;2,18253417661051;B_start;2,18322814394358;B_complete;2,18599943601132;C_schedule;2,1871967270288;C_start;2,18904477155108;C_complete;2,1908169441643;
A_schedule;2,19241393629959;A_start;2,19254462330233;A_suspend;2,19441724257518;A_resume;2,19670082686288;A_complete;2,19849941799152;C_schedule;2,20133361748918;C_start;2,20280675281861;C_complete;2,20394405109821;
A_schedule;2,20493631860558;A_withdraw;2,20742367370177;
A_schedule;2,20763250329118;A_start;2,21061243041832;A_suspend;2,21065357330533;A_resume;2,21335030481795;A_complete;2,21341899399865;B_schedule;2,21587430535389;B_start;2,21778348279218;B_suspend;2,22051571424526;B_resume;2,22147734582864;B_complete;2,22488081278667;C_schedule;2,22693233640651;C_start;2,22727381789365;C_complete;2,22890584986696;
A_schedule;2,22898795219306;A_start;2,23057929043716;A_complete;2,23230497968972;B_schedule;2,23483335525573;B_start;2,23510517098475;B_complete;2,23672155719477;C_schedule;2,23720407174389;C_start;2,23741244003759;C_complete;2,24087185783557;
A_schedule;2,24377284929344;A_start;2,2456776925036;A_suspend;2,24673597609702;A_resume;2,24680757732777;A_complete;2,24744424580745;C_schedule;2,2498019317815;C_start;2,25204514375461;C_suspend;2,25422076813993;C_resume;2,25616998030293;C_complete;2,25629207154755;
A_schedule;2,25868028490287;A_start;2,26016062699879;A_complete;2,26039065074454;B_schedule;2,26337450026282;B_start;2,26369820579485;B_complete;2,26416912283942;C_schedule;2,26420079572158;C_start;2,26551778519933;C_abort;2,26824620726337;
A_schedule;2,27034008561814;A_start;2,2725900036603;A_suspend;2,27300206941274;A_resume;2,27547756459292;A_suspend;2,27860898088935;A_resume;2,28028449946659;A_complete;2,28122262670109;B_schedule;2,28182095704445;B_start;2,2835025368129;B_complete;2,2838905974883;C_schedule;2,28434563010523;C_start;2,28677745814396;C_complete;2,28816072359202;
A_schedule;2,29043029857469;A_start;2,29251752283987;A_complete;2,29433536451284;B_schedule;2,29630469645296;B_start;2,29883153123309;B_abort;2,30141271387725;
A_schedule;2,30339869657311;A_start;2,30385209105508;A_complete;2,30385220354947;B_schedule;2,3052654315171;B_withdraw;2,30545853779444;
A_schedule;2,30840883799828;A_withdraw;2,30941723253959;
A_schedule;2,31258712383149;A_start;2,31468082359384;A_complete;2,31667221864983;C_schedule;2,31751438426403;C_withdraw;2,32029857265135;
A_schedule;2,32363974655487;A_start;2,32630766229057;A_suspend;2,32823920248484;A_resume;2,33047810998364;A_complete;2,33139816685515;C_schedule;2,33177845124737;C_start;2,33449597030833;C_complete;2,33767732574779;
A_schedule;2,34063641679111;A_start;2,34110750067824;A_complete;2,34347276036957;B_schedule;2,34670010016513;B_start;2,34900311051105;B_suspend;2,35235593523248;B_resume;2,3528419624474;B_complete;2,35574079413426;C_schedule;2,35638934784543;C_start;2,35665874036365;C_complete;2,35894323295441;
A_schedule;2,36130520870372;A_start;2,36468881223441;A_complete;2,36521332162859;C_schedule;2,36656692185756;C_start;2,36842125808633;C_complete;2,37091181830813;
A_schedule;2,37428347197258;A_start;2,37690047702927;A_complete;2,37922963399291;B_schedule;2,38229914245312;B_start;2,38367013588949;B_complete;2,38575588158468;C_schedule;2,38860029461891;C_withdraw;2,39180369192036;
A_schedule;2,39312813712362;A_withdraw;2,39641840198278;
A_schedule;2,39805950050585;A_start;2,39814140136392;A_complete;2,39843025880206;C_schedule;2,39937359133587;C_start;2,4002843417224;C_suspend;2,40183496792128;C_resume;2,40183562044209;C_suspend;2,40311393681623;C_resume;2,40447725636477;C_suspend;2,40589625816857;C_resume;2,4065804073891;C_complete;2,40925431782671;
A_schedule;2,40973859593214;A_start;2,4115987758398;A_abort;2,41362011935174;
A_schedule;2,41615766382408;A_start;2,41758307091045;A_suspend;2,42062491253212;A_resume;2,42149139358985;A_complete;2,42416108957291;B_schedule;2,42544035434225;B_start;2,42709492584173;B_suspend;2,43016145831077;B_resume;2,43285389671898;B_complete;2,43325789893829;B_schedule;2,43506792270798;B_start;2,43584438294056;B_complete;2,43821994168199;C_schedule;2,43976846773067;C_withdraw;2,43988290352152;
A_schedule;2,44195773638138;A_start;2,44440131431232;A_complete;2,44665154493446;B_schedule;2,44712458921842;B_start;2,44889326436613;B_complete;2,44928471620046;C_schedule;2,45062334923973;C_start;2,45369319802719;C_complete;2,4547196414658;
A_schedule;2,45686192752813;A_start;2,45904572731201;A_complete;2,46129067186848;B_schedule;2,46421313108294;B_start;2,46514908468331;B_suspend;2,46742198305664;B_resume;2,46763585240761;B_complete;2,46888976454243;C_schedule;2,47219949086138;C_start;2,47256436486916;C_complete;2,47447110675987;
A_schedule;2,4752959837238;A_start;2,47677245965234;A_suspend;2,47716237753856;A_resume;2,4785062361819;A_abort;2,48173135834643;
A_schedule;2,48494291383637;A_start;2,4866199743588;A_complete;2,48783438997149;C_schedule;2,49107698901854;C_start;2,49226979494334;C_complete;2,49555746278202;
A_schedule;2,49871581790891;A_start;2,50156987382797;A_complete;2,50489133913167;C_schedule;2,50651284583566;C_start;2,50651418346226;C_suspend;2,50764129403008;C_resume;2,51013749716448;C_abort;2,51226621041456;
A_schedule;2,51345904886774;A_start;2,51515949661067;A_complete;2,51558310959404;C_schedule;2,51904410689248;C_start;2,52021369875163;C_complete;2,52333361816838;
A_schedule;2,5254654482657;A_start;2,52813864227533;A_complete;2,52989413562722;C_schedule;2,53317468344984;C_start;2,53519529080788;C_complete;2,53583712022939;
A_schedule;2,5376295250446;A_start;2,53824284520427;A_complete;2,54135736144154;C_schedule;2,54211361687339;C_start;2,54472659039311;C_complete;2,54716003202419;
A_schedule;2,54723486033132;A_start;2,54811721455674;A_complete;2,54969490180115;B_schedule;2,55195050417226;B_withdraw;2,55430947036721;
A_schedule;2,55721383806829;A_withdraw;2,55866778135532;
A_schedule;2,56113292850528;A_start;2,56143823026569;A_complete;2,56308863772008;C_schedule;2,56400354686128;C_start;2,56648758360663;C_complete;2,56910310732362;
A_schedule;2,57091586375059;A_start;2,57179626081294;A_complete;2,57283897290472;C_schedule;2,57571243649161;C_start;2,57607539871403;C_complete;2,57846959568107;
A_schedule;2,58061079022203;A_start;2,58071117021124;A_complete;2,58114511452247;B_schedule;2,58412742663252;B_start;2,58452129331029;B_complete;2,5849513279051;B_schedule;2,58606488747399;B_start;2,58797365167993;B_complete;2,5892871409273;C_schedule;2,59266292289734;C_start;2,59400699348933;C_complete;2,59444707259536;
A_schedule;2,59459263789985;A_start;2,59506008898703;A_complete;2,59562649466776;B_schedule;2,59621716992115;B_start;2,59880355483943;B_suspend;2,59895046222987;B_resume;2,60200411716263;B_complete;2,60435327207799;C_schedule;2,60493246695518;C_start;2,60746587348371;C_suspend;2,60909412037613;C_resume;2,61195184079244;C_abort;2,61236255640849;
A_schedule;2,61281018505138;A_withdraw;2,61607299080707;
A_schedule;2,61708992839946;A_withdraw;2,61950348932037;
A_schedule;2,6227256603096;A_start;2,62554034944009;A_complete;2,62611175146432;C_schedule;2,62783075632049;C_start;2,63126814410174;C_abort;2,63338457267673;
A_schedule;2,63464421405741;A_start;2,63775986552678;A_complete;2,63892577611679;B_schedule;2,6404311823636;B_start;2,64276499179282;B_complete;2,64416788795562;C_schedule;2,64656040392098;C_start;2,64854761602894;C_complete;2,64963567663087;
A_schedule;2,64979152202917;A_start;2,6518175289756;A_complete;2,65248909954971;B_schedule;2,65277359355564;B_start;2,65570306606888;B_complete;2,6558172856409;C_schedule;2,6561314555826;C_start;2,65630256690525;C_complete;2,65751013210845;
A_schedule;2,66016117538836;A_start;2,66187556998112;A_complete;2,66474513635492;B_schedule;2,66550826769283;B_start;2,66553927844345;B_suspend;2,66881379397657;B_resume;2,67016872255287;B_complete;2,67326565233007;C_schedule;2,67627822063676;C_start;2,67705411545628;C_suspend;2,67869268685333;C_resume;2,67967459081814;C_abort;2,68044795101903;
A_schedule;2,68170904378348;A_start;2,68347434070246;A_complete;2,68547674789119;C_schedule;2,68625649690673;C_start;2,6886672637144;C_suspend;2,68920862689912;C_resume;2,68943573529638;C_complete;2,69060075191373;
A_schedule;2,69398833619036;A_start;2,69525952828634;A_abort;2,69544177352347;
A_schedule;2,69869690808021;A_start;2,70070516822711;A_complete;2,70079125942882;C_schedule;2,703638705965;C_start;2,70538080987656;C_complete;2,70793008523469;
A_schedule;2,70846174127655;A_withdraw;2,71074697661808;
A_schedule;2,71186295230452;A_start;2,71479922799012;A_complete;2,71712974770344;B_schedule;2,72045062688347;B_start;2,72325062309553;B_complete;2,72623444092945;B_schedule;2,72874933503206;B_start;2,72999414479515;B_complete;2,73117746678407;B_schedule;2,73361292953713;B_start;2,73559738787783;B_complete;2,73899611112493;B_schedule;2,74143630398935;B_start;2,74412940905475;B_complete;2,74425789242377;C_schedule;2,74662547569541;C_start;2,74678881701644;C_complete;2,7486076889537;
A_schedule;2,75042543712576;A_withdraw;2,75189740834563;
A_schedule;2,7534590462213;A_start;2,75362974872728;A_complete;2,75567377418176;B_schedule;2,75795678010521;B_start;2,75801208602853;B_suspend;2,76079480500225;B_resume;2,76108527509819;B_complete;2,76385621902106;C_schedule;2,76576381393533;C_start;2,76689309219202;C_complete;2,76985933590913;
A_schedule;2,77247457397041;A_withdraw;2,77520081916817;
A_schedule;2,77544574558043;A_start;2,77546223204829;A_complete;2,77724939757091;C_schedule;2,77788969765889;C_start;2,77881217572495;C_complete;2,78132536731815;
A_schedule;2,78414705929915;A_start;2,78516043556253;A_suspend;2,78812187862382;A_resume;2,790459972512;A_suspend;2,79334965548413;A_resume;2,79562638131675;A_complete;2,79731540386921;B_schedule;2,80057853146637;B_withdraw;2,80402677173131;
A_schedule;2,80510330624303;A_start;2,80716253634212;A_complete;2,80906321232194;C_schedule;2,81181015333277;C_start;2,81465672035604;C_complete;2,81637574700451;
A_schedule;2,81823269288159;A_start;2,82067267255236;A_complete;2,8237566100482;C_schedule;2,82582585723301;C_start;2,82788654673236;C_complete;2,82841298167477;
A_schedule;2,83024098653792;A_start;2,8324224166944;A_complete;2,833356356798;C_schedule;2,83522501848508;C_start;2,83795630063751;C_abort;2,84130462809601;
A_schedule;2,84382050076642;A_withdraw;2,84497041973453;
A_schedule;2,84516500161812;A_start;2,84859976325566;A_complete;2,84883399728116;B_schedule;2,84960523148119;B_start;2,85278274017198;B_complete;2,85464490382421;B_schedule;2,85546924623001;B_start;2,85665674963901;B_complete;2,85859104880526;C_schedule;2,85992895110555;C_start;2,8615190520197;C_complete;2,86339632406856;
A_schedule;2,86607133299468;A_start;2,86892851608475;A_complete;2,86979665205904;C_schedule;2,87232618176494;C_start;2,87400600644145;C_complete;2,87492796744239;
A_schedule;2,87495636156139;A_withdraw;2,87593165803183;
A_schedule;2,87896482597797;A_start;2,88224724866611;A_complete;2,88273066799997;B_schedule;2,88448355786386;B_start;2,88460003723836;B_suspend;2,88688440870383;B_resume;2,88953516410482;B_complete;2,890119814204;C_schedule;2,89084060887075;C_start;2,89282979060307;C_complete;2,89622604162367;
A_schedule;2,89654672085372;A_start;2,89857583306891;A_complete;2,89894771146969;C_schedule;2,90132264584665;C_start;2,90411668448036;C_suspend;2,90639079242343;C_resume;2,90937702263505;C_complete;2,91275759089492;
A_schedule;2,91365055127729;A_withdraw;2,91411063753669;
A_schedule;2,91623527225359;A_start;2,91652249132878;A_abort;2,91862256383238;
A_schedule;2,92013284206849;A_start;2,92146674810889;A_suspend;2,92460514340847;A_resume;2,92477044820488;A_complete;2,92730437965656;B_schedule;2,92925801173906;B_start;2,92947510045228;B_complete;2,93202646454382;C_schedule;2,93390632271216;C_start;2,93419453499276;C_complete;2,93612458673629;
A_schedule;2,93866525458159;A_start;2,94186391864625;A_abort;2,94422093901569;
A_schedule;2,94753280549129;A_start;2,94770320822458;A_complete;2,94832797685942;B_schedule;2,94899511344556;B_start;2,94956058544145;B_suspend;2,95211184924119;B_resume;2,95274562205142;B_complete;2,95603204914853;B_schedule;2,95864342144017;B_start;2,95874107338022;B_complete;2,95945513607229;B_schedule;2,96008877338641;B_start;2,9630120758698;B_complete;2,96501473892001;B_schedule;2,96625627720398;B_start;2,96818622074756;B_complete;2,97011435191638;C_schedule;2,97259999853688;C_start;2,97454635465045;C_complete;2,97696942873072;
A_schedule;2,97707831649717;A_start;2,97989065027084;A_complete;2,98022344712484;C_schedule;2,98313522464822;C_start;2,98314058395206;C_suspend;2,9854225631441;C_resume;2,98789148775621;C_complete;2,98960101495969;
A_schedule;2,99282438272105;A_start;2,99614478854346;A_complete;2,99715193753784;B_schedule;2,99786606592533;B_start;3,00031879389684;B_complete;3,00321996847762;B_schedule;3,0035167695395;B_start;3,00479444224523;B_complete;3,00801055054115;B_schedule;3,00955542959854;B_start;3,01133859721691;B_abort;3,01163210368475;
A_schedule;3,01406423109842;A_start;3,0161830185421;A_abort;3,01795933570732;
A_schedule;3,01834843746393;A_start;3,01853001357327;A_suspend;3,02043906747712;A_resume;3,02202878500005;A_complete;3,02500361529948;B_schedule;3,02801371269419;B_start;3,0302847676406;B_complete;3,03255563498209;B_schedule;3,03406538621089;B_start;3,03547160006322;B_suspend;3,03660722863666;B_resume;3,03789228124757;B_complete;3,04065447175687;C_schedule;3,04197028506961;C_start;3,04506372349957;C_complete;3,04663261833775;
A_schedule;3,04978106370254;A_start;3,05183526767844;A_complete;3,05375384174274;C_schedule;3,05545753263383;C_start;3,05546825745033;C_suspend;3,05594510753872;C_resume;3,05744871706055;C_complete;3,05937948379141;
A_schedule;3,0624915879016;A_start;3,06306704274417;A_complete;3,06535649634962;C_schedule;3,06705978582774;C_withdraw;3,06826938997094;
A_schedule;3,06899100269139;A_start;3,0707921056051;A_complete;3,07345553230617;C_schedule;3,07521648375323;C_start;3,07544118170173;C_complete;3,07778603491412;
A_schedule;3,08094199895115;A_start;3,08234590656583;A_complete;3,08324434007388;B_schedule;3,08480575365764;B_start;3,08644524591606;B_complete;3,08823674742113;C_schedule;3,08840066590023;C_start;3,08895781147617;C_complete;3,09100853081488;
A_schedule;3,0923472505965;A_start;3,09581414209161;A_suspend;3,09764979166599;A_resume;3,0979383658511;A_suspend;3,09901346607916;A_resume;3,09946714083263;A_complete;3,09996906145049;C_schedule;3,10039827459938;C_start;3,10069594688603;C_complete;3,1028239676897;
A_schedule;3,1062852635708;A_start;3,1079294151067;A_complete;3,11078699325864;B_schedule;3,11088696648302;B_start;3,11111127141824;B_complete;3,11207168042407;C_schedule;3,1149020548441;C_start;3,11560657381131;C_complete;3,11897955215277;
A_schedule;3,12042555434648;A_withdraw;3,1220789019733;
A_schedule;3,12412448989602;A_start;3,12656310447427;A_complete;3,12807833347243;B_schedule;3,12925262159195;B_start;3,13002357685602;B_complete;3,13135347104657;C_schedule;3,131429437805;C_start;3,1318189378443;C_complete;3,13261920663515;
A_schedule;3,13304165890763;A_start;3,13319953211693;A_complete;3,13601502397634;C_schedule;3,13918789191585;C_start;3,14235891231025;C_complete;3,14296373585724;
A_schedule;3,1462080833363;A_start;3,14752903335223;A_complete;3,14963428243774;B_schedule;3,14977142159962;B_start;3,15226531058336;B_complete;3,15486672756701;C_schedule;3,15810371621693;C_start;3,16147065758802;C_complete;3,16301217754921;
A_schedule;3,1661819136902;A_start;3,16825538645045;A_suspend;3,16924423882382;A_resume;3,17206376597459;A_abort;3,17506513621709;
A_schedule;3,17657931882422;A_start;3,17711425113925;A_complete;3,17842498045421;C_schedule;3,18045797974142;C_start;3,18264492690084;C_suspend;3,18269989047904;C_resume;3,18286658603432;C_complete;3,18459567556338;
A_schedule;3,1880133995437;A_start;3,18995770405712;A_complete;3,19219512601881;C_schedule;3,1938522690616;C_start;3,19479744077155;C_complete;3,19574453116608;
A_schedule;3,19756255331675;A_start;3,19905084782901;A_abort;3,201264195377;
A_schedule;3,20315453252826;A_start;3,20407251977627;A_suspend;3,20555133057253;A_resume;3,20576608253112;A_complete;3,20694280818861;C_schedule;3,20838471239322;C_start;3,20981720566568;C_abort;3,21292314848526;
A_schedule;3,21440365950467;A_start;3,21546306972838;A_complete;3,21707927490934;B_schedule;3,21861943837009;B_start;3,21923821745602;B_complete;3,22241926742168;B_schedule;3,22457556916763;B_start;3,22676477598078;B_complete;3,22997393727322;B_schedule;3,23281952835936;B_start;3,23373549143434;B_complete;3,23619000710379;C_schedule;3,23922068160835;C_start;3,23982281304941;C_suspend;3,2400929095521;C_resume;3,2402104286076;C_complete;3,24227033669174;
A_schedule;3,24499066798307;A_start;3,24693514302877;A_complete;3,25014212551953;B_schedule;3,2503524614747;B_start;3,25113678753809;B_complete;3,25147256617331;B_schedule;3,25336149386647;B_start;3,25427513642514;B_complete;3,25438990053468;B_schedule;3,25648021643994;B_start;3,25955378261278;B_abort;3,26084684530926;
A_schedule;3,26411581477764;A_withdraw;3,26661279686959;
A_schedule;3,26935204358435;A_start;3,27100300107041;A_complete;3,27170556402901;C_schedule;3,27373335040627;C_start;3,2738734338232;C_suspend;3,27689406024971;C_resume;3,28020882407791;C_complete;3,28073477275514;
A_schedule;3,28254870370599;A_start;3,28574772594826;A_suspend;3,28804176457439;A_resume;3,28833333044895;A_complete;3,28983514860414;B_schedule;3,29151218377551;B_start;3,29360961440478;B_complete;3,2943133507894;C_schedule;3,29626441297457;C_start;3,29931509300594;C_complete;3,30087866283106;
A_schedule;3,30261891699693;A_start;3,3048320913254;A_suspend;3,30638416627739;A_resume;3,30940464083849;A_suspend;3,31191062412431;A_resume;3,31443051494554;A_complete;3,31668628227554;B_schedule;3,31746331602496;B_start;3,31917767351195;B_abort;3,32160944662044;
A_schedule;3,32418096473783;A_withdraw;3,32526246769864;
A_schedule;3,32538447245153;A_start;3,32806051666719;A_complete;3,33152850555456;B_schedule;3,33215885329506;B_start;3,33360312794684;B_complete;3,33386012251139;C_schedule;3,33567634307837;C_start;3,33569266611367;C_suspend;3,3370276679052;C_resume;3,33817218069452;C_complete;3,34021952897536;
A_schedule;3,34025198437383;A_start;3,34287693420386;A_complete;3,34480656464519;C_schedule;3,34679222806234;C_start;3,34845748936802;C_suspend;3,34972086985362;C_resume;3,35266795043652;C_complete;3,35413608446348;
A_schedule;3,35696884160117;A_start;3,35895936692638;A_complete;3,35974090386298;B_schedule;3,36224128741984;B_start;3,36452521491608;B_abort;3,36576617524648;
A_schedule;3,36759037550331;A_start;3,3685395034182;A_complete;3,36878248860496;C_schedule;3,37203259406831;C_start;3,37335677043625;C_suspend;3,37437784130613;C_resume;3,37712070861824;C_complete;3,38051233562873;
A_schedule;3,38136364816455;A_start;3,38180857261532;A_suspend;3,38367876231495;A_resume;3,38492450501912;A_complete;3,38659499719182;C_schedule;3,38850710709327;C_withdraw;3,3898732111993;
A_schedule;3,39160497415448;A_start;3,3934101398077;A_complete;3,39557516788772;C_schedule;3,39635267053219;C_withdraw;3,39718531650659;
A_schedule;3,3974476559702;A_start;3,39784722193952;A_complete;3,39850579137338;C_schedule;3,39955624704533;C_start;3,40103082628532;C_suspend;3,40270711002813;C_resume;3,40375201172072;C_complete;3,40478917849961;
A_schedule;3,40738709408388;A_start;3,4088384875811;A_complete;3,40898313230233;B_schedule;3,41005061615982;B_start;3,41191071326223;B_suspend;3,41522157624745;B_resume;3,41541266146588;B_suspend;3,41546078011095;B_resume;3,41564219299794;B_complete;3,41610539290154;B_schedule;3,41920098472069;B_start;3,42062562156287;B_complete;3,42363815045165;C_schedule;3,42449017829979;C_start;3,42733552559932;C_complete;3,42754362216671;
A_schedule;3,42909962701054;A_start;3,43123808094565;A_complete;3,43366173117182;C_schedule;3,4368665429841;C_start;3,43968247918463;C_complete;3,44304126282966;
A_schedule;3,44621071554623;A_start;3,44879884533131;A_complete;3,44963567748911;B_schedule;3,45080992704444;B_start;3,45210828357731;B_suspend;3,45214272794287;B_resume;3,45238556886841;B_suspend;3,4543483228303;B_resume;3,45635005700589;B_suspend;3,45791239156581;B_resume;3,45971193599527;B_complete;3,46085345027353;C_schedule;3,46336631413982;C_start;3,46380225320656;C_complete;3,46588390900028;
A_schedule;3,46852118687982;A_start;3,47168904307666;A_complete;3,47190494336407;C_schedule;3,472207118521;C_start;3,47432233602254;C_complete;3,47564481957912;
A_schedule;3,47721380847118;A_start;3,47910014562593;A_complete;3,48251109726616;C_schedule;3,48535823182545;C_start;3,4868057518777;C_complete;3,48823499083583;
A_schedule;3,49042845856456;A_start;3,49301724092381;A_suspend;3,49418358004186;A_resume;3,49477628446442;A_complete;3,49760745477881;B_schedule;3,50085186607935;B_start;3,50339590948553;B_complete;3,5053095160563;B_schedule;3,50779834807002;B_start;3,51099980552518;B_complete;3,51352491229125;B_schedule;3,51635411625546;B_start;3,5178373412782;B_complete;3,51979371543954;B_schedule;3,51996551125193;B_start;3,52030166888208;B_suspend;3,52200465762062;B_resume;3,5242826468489;B_complete;3,5264196357845;C_schedule;3,52923064210658;C_start;3,52926782004295;C_suspend;3,5314390294063;C_resume;3,53375137194072;C_complete;3,53413236094315;
A_schedule;3,53525040800094;A_start;3,53619703537777;A_suspend;3,53782106207088;A_resume;3,53930516550705;A_complete;3,54007212500598;B_schedule;3,54210704605955;B_start;3,54411085414014;B_complete;3,54431258836929;C_schedule;3,54695601026792;C_start;3,5490853872923;C_complete;3,55139864514219;
A_schedule;3,55423471767506;A_start;3,55635973887951;A_suspend;3,5577385007394;A_resume;3,56090402972121;A_complete;3,56352524602617;C_schedule;3,56691573276475;C_start;3,57029627315124;C_complete;3,57357986511326;
A_schedule;3,57684226068279;A_start;3,57710369350226;A_complete;3,57860591250452;C_schedule;3,57988973018493;C_start;3,5809152750848;C_abort;3,58157916813474;
A_schedule;3,58172109323883;A_start;3,5846060007914;A_complete;3,58637211280357;C_schedule;3,58733175907561;C_start;3,58881553725707;C_suspend;3,59110770812063;C_resume;3,59456036614654;C_complete;3,594985478113;
A_schedule;3,59787241957868;A_start;3,59812956891255;A_complete;3,60134259608134;C_schedule;3,60166485562189;C_start;3,60310098753446;C_complete;3,60635802088654;
A_schedule;3,60748332903474;A_start;3,60893374942921;A_complete;3,61111511572541;B_schedule;3,61143676337734;B_withdraw;3,61219035056678;
A_schedule;3,61236935333161;A_withdraw;3,61465851896759;
A_schedule;3,61549985873473;A_start;3,61845612925308;A_abort;3,61877834971043;
A_schedule;3,62196690100083;A_start;3,62337822782056;A_complete;3,62676187077562;B_schedule;3,62942326179957;B_start;3,63152398340591;B_complete;3,63476426182508;B_schedule;3,63537336888839;B_start;3,63873817227269;B_suspend;3,63988502584106;B_resume;3,64014705040284;B_complete;3,64115226436923;C_schedule;3,64245741926101;C_start;3,64524144870907;C_complete;3,6456918372391;
A_schedule;3,6486952119578;A_withdraw;3,64908088091275;
A_schedule;3,65106683603274;A_withdraw;3,65154286971341;
A_schedule;3,6539467886129;A_start;3,65734945960543;A_complete;3,66029570742749;B_schedule;3,66080658710496;B_start;3,66218197642269;B_complete;3,66309882136637;C_schedule;3,66437533694907;C_withdraw;3,66452764733952;
A_schedule;3,66483738683422;A_start;3,6651094460572;A_complete;3,6662531188162;B_schedule;3,66949807005584;B_start;3,6698092817581;B_abort;3,67082104387776;
A_schedule;3,67219531334153;A_start;3,67254532932484;A_complete;3,6749753359925;C_schedule;3,67500161596722;C_start;3,67761078418212;C_complete;3,67938967379935;
A_schedule;3,67955819652221;A_start;3,68168365910241;A_complete;3,68247000468707;B_schedule;3,68560539651661;B_start;3,68906000535934;B_complete;3,69037445893789;C_schedule;3,69204850000904;C_start;3,69347077657584;C_complete;3,69380260814796;
A_schedule;3,69601963845424;A_withdraw;3,69691833609087;
A_schedule;3,69960252602403;A_start;3,70180261519918;A_complete;3,70358801717035;B_schedule;3,70597237774927;B_start;3,70632613083903;B_complete;3,70879381495695;C_schedule;3,70953472556397;C_withdraw;3,71182159363363;
A_schedule;3,71251125267654;A_start;3,71390388433873;A_suspend;3,71698285247839;A_resume;3,71790568583754;A_complete;3,71946246915871;C_schedule;3,72282567372894;C_start;3,7229916810708;C_complete;3,72401843305204;
A_schedule;3,72495563048222;A_withdraw;3,72546223329198;
A_schedule;3,72739067996897;A_withdraw;3,7301435805938;
A_schedule;3,7305934434569;A_withdraw;3,73224696949344;
A_schedule;3,73279730519182;A_start;3,73516377730831;A_abort;3,73557056075272;
A_schedule;3,73806254294079;A_withdraw;3,74015889061168;
A_schedule;3,74172728157039;A_start;3,74202178646616;A_suspend;3,7430987853214;A_resume;3,74415890473594;A_complete;3,74730715860399;C_schedule;3,74851589800608;C_start;3,75165657988206;C_complete;3,75366118491931;
A_schedule;3,75704324689932;A_start;3,76034091763237;A_complete;3,76365464989471;B_schedule;3,7651435378955;B_start;3,76715161594943;B_complete;3,76883777809174;C_schedule;3,77012397733051;C_start;3,77332209551726;C_abort;3,77532512641725;
A_schedule;3,77703932679529;A_start;3,77786346285332;A_abort;3,77816781459356;
A_schedule;3,78079870384438;A_start;3,78220494631548;A_complete;3,78426377157706;B_schedule;3,78571095415746;B_start;3,788836270346;B_complete;3,7890355134247;B_schedule;3,78997297569811;B_start;3,79308491905329;B_suspend;3,79620183429182;B_resume;3,79888119667561;B_complete;3,80166093844713;C_schedule;3,80381641428781;C_withdraw;3,80709390463986;
A_schedule;3,81053237030088;A_start;3,81186160602697;A_complete;3,815202187923;C_schedule;3,81791128547855;C_start;3,81957281109902;C_complete;3,82273348531452;
A_schedule;3,82377930695494;A_start;3,82380163966606;A_complete;3,82410767830636;B_schedule;3,82432858510421;B_start;3,82545146617889;B_complete;3,82702754378907;B_schedule;3,827317665344;B_start;3,82893232089312;B_complete;3,83197271892923;C_schedule;3,83412920110761;C_start;3,83423515677309;C_complete;3,83734243876339;
A_schedule;3,83868446302787;A_start;3,83927964581946;A_complete;3,84013822379185;B_schedule;3,84212168058406;B_start;3,84506818194091;B_complete;3,84678382753271;B_schedule;3,84962495827413;B_start;3,85133113497674;B_complete;3,8525931078103;B_schedule;3,85372852039128;B_start;3,85431953423863;B_complete;3,8572234407119;B_schedule;3,85808797302727;B_start;3,85962333463087;B_abort;3,86035583008197;
A_schedule;3,86187500920237;A_start;3,86433823923612;A_complete;3,86570644167659;C_schedule;3,86581222268675;C_start;3,86687532164958;C_suspend;3,86711019265769;C_resume;3,86825529056012;C_complete;3,86882672007131;
A_schedule;3,86960802306485;A_withdraw;3,87155329462095;
A_schedule;3,87454814898956;A_start;3,87601048813667;A_suspend;3,87740853538788;A_resume;3,87982106508085;A_complete;3,87984452462761;B_schedule;3,88077782706629;B_start;3,88143846748021;B_complete;3,88202855467777;B_schedule;3,88264141102263;B_start;3,88537731960079;B_complete;3,88836709977153;B_schedule;3,88960890533861;B_start;3,89046230263678;B_abort;3,89110331785438;
A_schedule;3,89267244355869;A_start;3,89388149941967;A_complete;3,89621370119372;C_schedule;3,89922249089512;C_start;3,90154104162421;C_suspend;3,90347753072435;C_resume;3,90583828001237;C_complete;3,90612237753359;
A_schedule;3,9090678990631;A_start;3,91218549739601;A_complete;3,91396609521568;C_schedule;3,91438333320871;C_start;3,91784682209577;C_complete;3,91961245001908;
A_schedule;3,92218189936991;A_start;3,92244748208193;A_complete;3,92548588708935;B_schedule;3,92566793937294;B_start;3,92785994644347;B_complete;3,92847495211754;B_schedule;3,92899942867613;B_start;3,93098871939421;B_complete;3,93304545475176;C_schedule;3,93536655981572;C_start;3,93752793585816;C_suspend;3,94070003868061;C_resume;3,94300078344369;C_complete;3,94393211126508;
A_schedule;3,94564280054247;A_start;3,94807602053656;A_complete;3,94833993364106;B_schedule;3,94896126395906;B_withdraw;3,95143730739558;
A_schedule;3,95452274267154;A_start;3,95759165200838;A_complete;3,95989833826509;B_schedule;3,96124414279539;B_start;3,96425207210672;B_complete;3,96647585897557;B_schedule;3,96712802299104;B_start;3,96795858954687;B_complete;3,96840319973449;C_schedule;3,96892812383561;C_start;3,96932336393769;C_complete;3,96980768513943;
A_schedule;3,97156326341953;A_start;3,97254579782828;A_complete;3,9759185354374;B_schedule;3,9783500657682;B_start;3,98169400408611;B_complete;3,9846016385434;C_schedule;3,98557445043439;C_start;3,98879677389696;C_complete;3,99211028812472;
A_schedule;3,99379853675458;A_withdraw;3,99706082021778;
A_schedule;4,00032664047386;A_start;4,00151744056266;A_complete;4,00418895679467;C_schedule;4,00481160825196;C_start;4,00740318624432;C_suspend;4,01047544455407;C_resume;4,01101603491729;C_complete;4,01127193365957;
A_schedule;4,0115722088279;A_start;4,01251917385606;A_abort;4,01309439120005;
A_schedule;4,01523781324633;A_start;4,0164136666701;A_complete;4,01899715829091;B_schedule;4,02093204387832;B_start;4,02219568651182;B_abort;4,02387702653585;
A_schedule;4,02474693775002;A_start;4,02673925944287;A_complete;4,02891866809093;C_schedule;4,02939590787799;C_start;4,03005839362837;C_complete;4,03094239405699;
A_schedule;4,03179869429247;A_start;4,03401119074745;A_complete;4,03645977991174;B_schedule;4,03926522629303;B_start;4,04242150817946;B_complete;4,0431206428006;B_schedule;4,04497228725005;B_start;4,04513472563283;B_complete;4,04528031652444;B_schedule;4,045778676515;B_start;4,04728452890574;B_complete;4,05036264562093;C_schedule;4,05127395197309;C_start;4,05180318105784;C_complete;4,05238167079935;
A_schedule;4,05552655278168;A_start;4,05688537374953;A_abort;4,05908526214059;
A_schedule;4,05921948343004;A_start;4,06258501352244;A_complete;4,06268634023662;B_schedule;4,06308105652634;B_start;4,06311692678234;B_abort;4,06628943902291;
A_schedule;4,06870297565345;A_start;4,07115923230109;A_complete;4,07242976821888;C_schedule;4,07345508811057;C_start;4,07528806416343;C_complete;4,07753334157557;
A_schedule;4,08081773335935;A_start;4,08151483923332;A_suspend;4,08342368252407;A_resume;4,08645263672871;A_complete;4,08972324550106;B_schedule;4,0901404537516;B_start;4,09185000461164;B_abort;4,0942416279706;
A_schedule;4,09512425358116;A_start;4,09818827499435;A_suspend;4,09883277782096;A_resume;4,10050088222488;A_abort;4,10192920423611;
A_schedule;4,10419852974559;A_start;4,10596530467349;A_complete;4,10767045221938;B_schedule;4,10785443573614;B_start;4,11131628771707;B_abort;4,11445631852257;
A_schedule;4,11676843578526;A_start;4,1201520493503;A_abort;4,12361324567367;
A_schedule;4,12518847557819;A_start;4,12711716536432;A_complete;4,12966742480866;C_schedule;4,13120616954499;C_start;4,13299885214009;C_complete;4,13398063883586;
A_schedule;4,13684443541731;A_start;4,13712338341186;A_abort;4,14035505815021;
A_schedule;4,14234235832959;A_start;4,14374086282623;A_complete;4,14692624981237;C_schedule;4,14962835595361;C_start;4,15255274369135;C_suspend;4,15458873367202;C_resume;4,15667591914502;C_complete;4,15913739537872;
A_schedule;4,16038084282384;A_start;4,16146207809571;A_complete;4,16441895928033;B_schedule;4,16730284291487;B_start;4,16886617223564;B_complete;4,17147572124668;B_schedule;4,17480992093624;B_start;4,17536429387594;B_complete;4,17811652113192;C_schedule;4,17916094110599;C_start;4,18037778326187;C_complete;4,18258307866118;
A_schedule;4,1851697746024;A_start;4,18558049262921;A_complete;4,18627655740743;C_schedule;4,18868790755772;C_start;4,19131558923982;C_complete;4,19213438709751;
A_schedule;4,19258254808018;A_start;4,1940147429737;A_suspend;4,19691164341121;A_resume;4,19770226001047;A_complete;4,20097855086432;C_schedule;4,20168117687959;C_start;4,20192362884861;C_suspend;4,20346260529832;C_resume;4,20502637419364;C_abort;4,20530225790248;
A_schedule;4,20611259467033;A_start;4,20889582029809;A_complete;4,21003463042143;C_schedule;4,21172693473959;C_start;4,21320992161054;C_suspend;4,21372800593801;C_resume;4,21394540709863;C_suspend;4,21632983811367;C_resume;4,21911464867945;C_complete;4,21973913324149;
A_schedule;4,22302454068267;A_start;4,22547645682546;A_complete;4,22664787447623;B_schedule;4,22983140948377;B_start;4,23030688156561;B_complete;4,23327976345899;C_schedule;4,23564895537694;C_start;4,23828145511248;C_complete;4,24099793931074;
A_schedule;4,243794123073;A_start;4,24400377837527;A_complete;4,24429434698767;C_schedule;4,24500551920856;C_start;4,24576454043401;C_complete;4,24658427524264;
A_schedule;4,24806091683018;A_start;4,24858051681884;A_complete;4,25191041245772;B_schedule;4,25380056689674;B_start;4,25449191598939;B_abort;4,25482381494334;
A_schedule;4,25777850808097;A_start;4,26118934908946;A_complete;4,26119154653053;B_schedule;4,26337178302896;B_start;4,26339434223094;B_complete;4,2646565749698;C_schedule;4,26626063641904;C_start;4,26929510122378;C_suspend;4,27177444389154;C_resume;4,27363137896625;C_complete;4,27596418102459;
A_schedule;4,27596785353024;A_start;4,2790564627115;A_complete;4,28133263087754;B_schedule;4,2818813064999;B_start;4,2845805011667;B_complete;4,2848929474874;B_schedule;4,28676617572718;B_withdraw;4,28826682170135;
A_schedule;4,28894256947064;A_start;4,28925462985514;A_suspend;4,28945970382645;A_resume;4,28979796976232;A_complete;4,29033199278799;B_schedule;4,29040015763409;B_start;4,29252552882341;B_complete;4,2943244348749;C_schedule;4,29506472845969;C_start;4,29529700004625;C_complete;4,29755821818253;
A_schedule;4,29773965983541;A_start;4,2991249176832;A_suspend;4,30169491369937;A_resume;4,30265179831702;A_suspend;4,30559152990948;A_resume;4,30586253769353;A_suspend;4,30827558044499;A_resume;4,31134903437406;A_complete;4,31202270079423;B_schedule;4,31512660081918;B_start;4,31555202822265;B_complete;4,31866861800598;C_schedule;4,32024195956667;C_start;4,3228964004132;C_complete;4,32533033489016;
A_schedule;4,3271616520166;A_start;4,32900578528481;A_complete;4,33227885921466;C_schedule;4,33265722615114;C_start;4,33483770966025;C_suspend;4,33806149813042;C_resume;4,33854559125191;C_complete;4,33889940091305;
A_schedule;4,34096741303801;A_start;4,34217005264913;A_suspend;4,34463328839855;A_resume;4,34515597296477;A_complete;4,34632403059125;C_schedule;4,34929875286535;C_withdraw;4,35241993158221;
A_schedule;4,35464986230686;A_start;4,3556765936923;A_complete;4,3578797226057;C_schedule;4,35842265997942;C_start;4,36066063613462;C_complete;4,36256925455462;
A_schedule;4,36344663103065;A_start;4,36520202041881;A_complete;4,36600574391842;C_schedule;4,36933827435131;C_start;4,37121217337456;C_complete;4,37461843032603;
A_schedule;4,37591042435896;A_start;4,37726247487524;A_abort;4,38073214022733;
A_schedule;4,3811700208769;A_start;4,38249545088425;A_suspend;4,38590965374088;A_resume;4,38866301980225;A_suspend;4,39058547147012;A_resume;4,39383410457715;A_complete;4,39560257423888;C_schedule;4,39659229985651;C_start;4,39856766885269;C_complete;4,40080754120006;
A_schedule;4,4034559187324;A_start;4,40397619148683;A_complete;4,40694513534253;B_schedule;4,40762660787246;B_withdraw;4,40774115003942;
A_schedule;4,40788616368889;A_start;4,40865483725954;A_complete;4,40883260940123;B_schedule;4,41103066969016;B_start;4,41390456645846;B_complete;4,41534109578707;B_schedule;4,41781174648591;B_start;4,41951710639275;B_complete;4,42084295354531;C_schedule;4,42427198915295;C_start;4,42616350357679;C_complete;4,42895912359623;
A_schedule;4,43223449374878;A_start;4,43308019057439;A_complete;4,43367993083019;C_schedule;4,43631624615065;C_start;4,43644074853283;C_complete;4,43722407530003;
A_schedule;4,43869276460544;A_start;4,43974631717557;A_complete;4,44304642707154;B_schedule;4,44575937452706;B_start;4,44868421983684;B_complete;4,45213919624802;C_schedule;4,4548823965031;C_start;4,45726165397111;C_complete;4,45994617650285;
A_schedule;4,46308253224317;A_start;4,4633505585031;A_complete;4,46621211708891;C_schedule;4,469655815748;C_withdraw;4,47165544416121;
A_schedule;4,47486309217735;A_start;4,4764092329537;A_complete;4,4795690945466;B_schedule;4,47980705438466;B_start;4,48245856327411;B_complete;4,48407979989456;B_schedule;4,48525567001908;B_start;4,48538237436635;B_suspend;4,48762962193803;B_resume;4,49058527823298;B_complete;4,49340999562344;C_schedule;4,4964969316368;C_start;4,49684145567233;C_abort;4,49698033656103;
A_schedule;4,49866220033274;A_start;4,49868374924213;A_complete;4,50055349750942;C_schedule;4,50212500045017;C_start;4,50409013968762;C_complete;4,50415295539035;
A_schedule;4,50505688938978;A_start;4,5052184591461;A_complete;4,50643956316828;B_schedule;4,50694874552815;B_start;4,51035686741589;B_suspend;4,51362258580532;B_resume;4,51636489788587;B_complete;4,51848286351499;B_schedule;4,52177368009223;B_start;4,52212100460665;B_suspend;4,52428092637112;B_resume;4,52459043522766;B_complete;4,52668565066252;C_schedule;4,52698176029338;C_start;4,52727674734907;C_complete;4,52817065459546;
A_schedule;4,53103243909976;A_start;4,53402497903476;A_abort;4,53462674172219;
A_schedule;4,53591926651036;A_start;4,53839100374898;A_complete;4,54073024282923;C_schedule;4,54234993265061;C_start;4,54557645772324;C_complete;4,54888120706729;
A_schedule;4,55227951078268;A_start;4,55407468417413;A_complete;4,5553915446152;B_schedule;4,55793578768336;B_start;4,55948697615045;B_suspend;4,56227123837581;B_resume;4,56542251339932;B_complete;4,56621942099849;B_schedule;4,56628947025455;B_start;4,56710903553175;B_complete;4,56806624608644;B_schedule;4,57031492388503;B_start;4,57044324660899;B_complete;4,57130687280247;B_schedule;4,57382637665917;B_start;4,5767113257041;B_complete;4,57815631192028;B_schedule;4,57962173479932;B_start;4,58290905523204;B_complete;4,58440630564291;B_schedule;4,58755213729616;B_start;4,58995546269256;B_suspend;4,5903202313089;B_resume;4,59254660748249;B_suspend;4,59391613855162;B_resume;4,59430842852776;B_abort;4,59755473391527;
A_schedule;4,5992522651294;A_start;4,60023187005653;A_suspend;4,60086493697276;A_resume;4,60396742638355;A_abort;4,60638158335576;
A_schedule;4,60956943212497;A_withdraw;4,61210618782853;
A_schedule;4,61341671356866;A_withdraw;4,61374381819203;
A_schedule;4,61408303639068;A_start;4,61537441041501;A_complete;4,61538179038325;C_schedule;4,617516501417;C_start;4,6196802291686;C_complete;4,62147844760976;
A_schedule;4,62475502054116;A_withdraw;4,62762435358955;
A_schedule;4,63084193946916;A_start;4,63415328953932;A_suspend;4,63534416773149;A_resume;4,63550339673302;A_complete;4,63812807388765;B_schedule;4,64151939025678;B_start;4,64420253477874;B_complete;4,6442294333392;B_schedule;4,64743115836851;B_start;4,64777093407206;B_complete;4,6504328441224;B_schedule;4,65076783613605;B_start;4,65115163795578;B_complete;4,6522111070905;B_schedule;4,65363847072714;B_start;4,65412937084167;B_complete;4,65674622341854;B_schedule;4,65983576284876;B_start;4,66330674964572;B_complete;4,66599455190427;B_schedule;4,66935067364021;B_start;4,6722502042701;B_complete;4,67485352490135;B_schedule;4,67606347567278;B_start;4,67795618043843;B_suspend;4,68062047082801;B_resume;4,68264143968958;B_abort;4,68411029766462;
A_schedule;4,68420185581554;A_start;4,68583274202925;A_suspend;4,68917335678836;A_resume;4,69197152059738;A_complete;4,69479026608395;B_schedule;4,69811780166087;B_start;4,7009122980655;B_complete;4,70147503762887;C_schedule;4,70269962397772;C_withdraw;4,70311972946769;
A_schedule;4,70465151419436;A_start;4,7052890974721;A_suspend;4,70667180541689;A_resume;4,70986020914925;A_suspend;4,71210829568897;A_resume;4,71322591360755;A_abort;4,71428869092455;
A_schedule;4,71479984156515;A_start;4,71735958081424;A_suspend;4,71764575092594;A_resume;4,71908822058564;A_complete;4,72175340759309;C_schedule;4,72423741592663;C_start;4,72730176757937;C_complete;4,7289771069918;
A_schedule;4,73172158063971;A_start;4,73344121268989;A_complete;4,73507700092967;B_schedule;4,73569715061684;B_start;4,73822936658204;B_suspend;4,73884596883241;B_resume;4,74200933092733;B_complete;4,74426876873379;B_schedule;4,74640043780608;B_start;4,74776339689075;B_complete;4,74819469869867;B_schedule;4,74869646009594;B_start;4,75066319467603;B_complete;4,75310734982809;C_schedule;4,75657552478595;C_start;4,75897092760391;C_suspend;4,76223438776731;C_resume;4,76249826574995;C_complete;4,76270460481787;
A_schedule;4,7656525811811;A_withdraw;4,76572057864137;
A_schedule;4,76711913171715;A_start;4,76954698261074;A_complete;4,77137669863522;C_schedule;4,77237216138423;C_withdraw;4,77271879998928;
A_schedule;4,77610452292234;A_start;4,77903718895039;A_complete;4,77988577824241;B_schedule;4,78251960114317;B_start;4,78587012830313;B_complete;4,7861281246765;C_schedule;4,78892874046707;C_start;4,79192508739975;C_complete;4,79431298893339;
A_schedule;4,79652776563792;A_withdraw;4,79739239881099;
A_schedule;4,79936818393697;A_start;4,8014018098911;A_complete;4,8019820184062;C_schedule;4,80449251923386;C_start;4,80639002596661;C_complete;4,80836740473912;
A_schedule;4,81054427598105;A_withdraw;4,81169583048257;
A_schedule;4,81476198157502;A_start;4,81693382209858;A_complete;4,81867302656852;B_schedule;4,82134079910206;B_start;4,82151891588323;B_complete;4,82494161631944;B_schedule;4,82507750923428;B_start;4,82687624298786;B_suspend;4,83013286319328;B_resume;4,8331202066927;B_complete;4,83509613865397;B_schedule;4,83725250570245;B_start;4,84050071823164;B_complete;4,84304404742659;C_schedule;4,84605908784982;C_start;4,84952769155562;C_complete;4,84986400204555;
A_schedule;4,85061288616432;A_start;4,85269752891326;A_complete;4,85389035033747;B_schedule;4,85511209144088;B_withdraw;4,85675749993242;
A_schedule;4,85957869838037;A_start;4,86155000059321;A_suspend;4,8642814119618;A_resume;4,86498896407525;A_suspend;4,86671262059341;A_resume;4,86955799143955;A_suspend;4,87297976107866;A_resume;4,87360395417554;A_suspend;4,87433743349295;A_resume;4,8745378695894;A_suspend;4,87604826158429;A_resume;4,87730302540552;A_complete;4,8799735946183;B_schedule;4,880637751585;B_start;4,88407900075415;B_complete;4,88603436930861;C_schedule;4,88944835620511;C_start;4,89215609012818;C_complete;4,89357307749257;
A_schedule;4,89595888134499;A_start;4,89761967604701;A_complete;4,89865333450789;B_schedule;4,9018848907985;B_withdraw;4,9036823725344;
A_schedule;4,90563984189874;A_start;4,90897309623606;A_abort;4,91226516955066;
A_schedule;4,91253964741837;A_start;4,91312686497662;A_complete;4,91351309766953;B_schedule;4,91598191027878;B_withdraw;4,91790961500858;
A_schedule;4,92083392033398;A_start;4,92144729250705;A_complete;4,92183172292101;C_schedule;4,92451282161022;C_start;4,92732377855605;C_complete;4,92793388038343;
A_schedule;4,92974297345628;A_withdraw;4,93058723885365;
A_schedule;4,93093295099646;A_start;4,9337050488943;A_complete;4,93614433452279;B_schedule;4,93883814026776;B_start;4,94136582633331;B_abort;4,94151760971807;
A_schedule;4,9441890218004;A_start;4,94641901083943;A_complete;4,94970352066674;C_schedule;4,951165917724;C_start;4,95192499393467;C_complete;4,95300598955913;
A_schedule;4,95491771893608;A_start;4,95739735084417;A_complete;4,95747361600256;C_schedule;4,96005612273034;C_start;4,96095200765638;C_suspend;4,96201507293153;C_resume;4,96472373096427;C_suspend;4,96558970582069;C_resume;4,96607208786331;C_complete;4,96631391293744;
A_schedule;4,96957586132339;A_start;4,97272588052146;A_complete;4,97313070159968;C_schedule;4,97596741596417;C_start;4,97621570766204;C_suspend;4,97811732034864;C_resume;4,97994866083253;C_abort;4,98103967730356;
A_schedule;4,98178499960663;A_start;4,98281872700802;A_complete;4,9854022565786;B_schedule;4,98837890390617;B_start;4,9893455325574;B_abort;4,99173497085737;
A_schedule;4,99472399268253;A_start;4,99614964772545;A_complete;4,99792111240417;C_schedule;4,99904470879927;C_start;5,00057914424784;C_complete;5,00164954427034;
A_schedule;5,00173546378371;A_start;5,00213420182666;A_complete;5,00328619627624;C_schedule;5,00508416747712;C_start;5,00645860187877;C_complete;5,00671494333234;
A_schedule;5,00854921807088;A_start;5,01016805645647;A_complete;5,01124638998104;B_schedule;5,01357648707117;B_start;5,01398689562564;B_complete;5,01547552522646;B_schedule;5,0164691161513;B_start;5,01909253033065;B_suspend;5,02004849977836;B_resume;5,02171486654292;B_complete;5,02327492231011;B_schedule;5,02340386342095;B_start;5,02451817901681;B_complete;5,02454400538246;C_schedule;5,02585614131465;C_start;5,02631290770659;C_complete;5,02925341027083;
A_schedule;5,03199010207834;A_start;5,03200881979945;A_complete;5,03259123106868;B_schedule;5,03572010769049;B_start;5,03789671622022;B_complete;5,03993681566983;C_schedule;5,04326254079771;C_withdraw;5,04408133385489;
A_schedule;5,04601658687331;A_start;5,04855741469266;A_complete;5,05109032058357;B_schedule;5,05323544674481;B_start;5,05534030689482;B_complete;5,05703763285095;B_schedule;5,05849927826945;B_start;5,0591995158126;B_complete;5,05961228023645;B_schedule;5,0613737044623;B_withdraw;5,06324310436967;
A_schedule;5,06659495159368;A_withdraw;5,06884646223301;
A_schedule;5,06971514495024;A_start;5,07171437468463;A_abort;5,07243673774872;
A_schedule;5,07384882732164;A_start;5,07480144382376;A_abort;5,07826465256867;
A_schedule;5,07864987664732;A_start;5,07961461974708;A_suspend;5,08160166564306;A_resume;5,08431951307283;A_complete;5,08556999293795;B_schedule;5,08694066503084;B_start;5,09033057008248;B_abort;5,092184322296;
A_schedule;5,09507392843725;A_start;5,09603746442654;A_complete;5,09820930664621;B_schedule;5,09871438305546;B_start;5,09990282833879;B_suspend;5,10175912791681;B_resume;5,1034776284812;B_complete;5,10360639132138;C_schedule;5,10518466318575;C_start;5,1056247568631;C_complete;5,10905345862071;
A_schedule;5,11234592563737;A_start;5,11357979771855;A_complete;5,11424933186369;C_schedule;5,11629119754716;C_start;5,11731791397161;C_complete;5,12005655104196;
A_schedule;5,12157993915348;A_start;5,12359571651904;A_complete;5,12392035577633;B_schedule;5,12410924811168;B_start;5,12441650221201;B_suspend;5,12728786999488;B_resume;5,12879935481113;B_complete;5,1290368180958;B_schedule;5,13041840746882;B_start;5,13253402715458;B_complete;5,13440685161912;C_schedule;5,13609443961144;C_start;5,13863174632812;C_complete;5,14048545585117;
A_schedule;5,14172133343365;A_start;5,14480295505846;A_complete;5,14548856240192;B_schedule;5,14721783677102;B_start;5,14977735484878;B_complete;5,14986744293936;B_schedule;5,15284060395141;B_start;5,15533896335788;B_suspend;5,15592748036497;B_resume;5,15640633705414;B_complete;5,15806230375892;C_schedule;5,16093823861188;C_start;5,16117692658735;C_complete;5,16227581479243;
A_schedule;5,16528548643044;A_start;5,16535713543028;A_complete;5,16757007074354;B_schedule;5,17085751007834;B_withdraw;5,17349496979537;
A_schedule;5,17445423160097;A_start;5,17544132552089;A_complete;5,17614982874591;C_schedule;5,17707533818126;C_start;5,1792884305598;C_complete;5,18139843577874;
A_schedule;5,18353092190065;A_start;5,18662138756351;A_complete;5,18853286791191;C_schedule;5,19179514158005;C_start;5,19414470615608;C_complete;5,19449140925684;
A_schedule;5,19543200371683;A_start;5,1970057075426;A_abort;5,19891687518975;
