A_normal;0;D_normal;0,000108958123342341;E_normal;0,000812364252245364;F_normal;0,00314449765008046;E_normal;0,00370628746006534;F_normal;0,00518432137485231;E_normal;0,00683291187710387;F_normal;0,00975254533113912;E_normal;0,0107709362055175;G_normal;0,0120483892565567;
A_normal;0,01318701958937;D_normal;0,0161181687888327;E_normal;0,0171828955418379;F_normal;0,018326980451497;E_normal;0,0191834167263652;F_normal;0,0201522690994251;E_normal;0,0206702723452407;G_normal;0,0216678216610388;
A_normal;0,025058307389069;D_normal;0,0281414185139713;E_normal;0,0282118938339409;G_normal;0,0287101724421114;
A_normal;0,0287854358175537;D_normal;0,0288189392886125;E_normal;0,0310781672144205;G_normal;0,0335368719194473;
A_normal;0,034252254196973;D_normal;0,0363107655009824;E_normal;0,0385470695360305;G_normal;0,039393529595044;
A_normal;0,0404202484496636;B_normal;0,0431019211860581;C_normal;0,0461633233094795;D_normal;0,0481540269215152;E_normal;0,0505319220133566;G_normal;0,050558337013677;
A_normal;0,0539921467781015;B_normal;0,0565948296393294;C_normal;0,0570936042721668;D_normal;0,0598165055077213;E_normal;0,06281896773079;F_normal;0,0638183886557171;E_normal;0,0660021391959163;F_normal;0,0690479192514128;E_normal;0,0699964897454872;F_normal;0,0733325739096876;E_normal;0,07387795418779;G_normal;0,0744941254120527;
A_normal;0,0762238330854517;D_normal;0,0767653078898244;E_normal;0,0793336758069927;F_normal;0,0796126743629833;E_normal;0,0798202502483036;G_normal;0,0825824543604136;
A_normal;0,0839074590330711;D_normal;0,0854242401805499;E_normal;0,0871392495011807;G_normal;0,0899825734070166;
A_normal;0,0904735300719039;B_normal;0,0907067463493958;C_normal;0,0913800708464502;D_normal;0,0921699316903768;E_normal;0,0930535538144694;F_normal;0,0959601077872018;E_normal;0,0970534588624206;G_normal;0,0994571567975476;
A_normal;0,100563548170612;D_normal;0,10159297807776;E_normal;0,104164232419053;F_normal;0,10667670235691;E_normal;0,108558845277811;G_normal;0,1116162241346;
A_normal;0,112006484602009;B_normal;0,113408068361524;C_normal;0,113595155140501;B_normal;0,115933406072953;C_normal;0,119133912845023;D_normal;0,121499943367477;E_normal;0,122462676144399;F_normal;0,12501298451227;E_normal;0,127317779270622;G_normal;0,128116435233905;
A_normal;0,1293835302236;B_normal;0,132810310864847;C_normal;0,132999445683607;D_normal;0,13600877929356;E_normal;0,138429467124903;F_normal;0,140751900610566;E_normal;0,141827760995107;F_normal;0,143686135065056;E_normal;0,145222337769357;F_normal;0,14642782289108;E_normal;0,148121578854948;G_normal;0,151075749284549;
A_normal;0,151702058933248;B_normal;0,153415817534551;C_normal;0,156514349936818;D_normal;0,157234985256865;E_normal;0,159274569248535;G_normal;0,161438528399837;
A_normal;0,163315511098416;B_normal;0,16487216297052;C_normal;0,165513387633837;D_normal;0,168971908595672;E_normal;0,171373393638836;G_normal;0,171710932198847;
A_normal;0,172227274155982;D_normal;0,175283964241519;E_normal;0,176807706208718;F_normal;0,177344011920569;E_normal;0,177984271099881;F_normal;0,17929967010342;E_normal;0,180562981262079;G_normal;0,182138796059816;
A_normal;0,18373795758008;D_normal;0,186576779327071;E_normal;0,187456596160903;G_normal;0,189479547767809;
A_normal;0,191590639916184;D_normal;0,194010582823669;E_normal;0,197061646710305;G_normal;0,198325348912881;
A_normal;0,201033755549967;D_normal;0,201746784975209;E_normal;0,204653839790909;F_normal;0,207785193667708;E_normal;0,210477990504134;G_normal;0,211503884548114;
A_normal;0,213090460644;B_normal;0,213744948416004;C_normal;0,214524499271647;D_normal;0,215645338592973;E_normal;0,218295025920573;F_normal;0,219247566867529;E_normal;0,222150838246711;F_normal;0,223008453774835;E_normal;0,224771233605376;F_normal;0,224772393714779;E_normal;0,227235223808546;G_normal;0,228608060689617;
A_normal;0,229514265371512;B_normal;0,230531612386888;C_normal;0,232981615057927;D_normal;0,235721915611066;E_normal;0,237687496921151;F_normal;0,237763003567428;E_normal;0,240835898984288;F_normal;0,240948107446052;E_normal;0,241488227423462;F_normal;0,242942625587198;E_normal;0,24295567806338;G_normal;0,245602525453756;
A_normal;0,246403816938659;B_normal;0,246618805580915;C_normal;0,246879493618811;B_normal;0,249185554395404;C_normal;0,251976287383716;B_normal;0,25342994140778;C_normal;0,25687465161415;B_normal;0,257036052670123;C_normal;0,257387887039739;B_normal;0,260701947669279;C_normal;0,261442817542249;B_normal;0,264846224548011;C_normal;0,264957896378797;D_normal;0,267743401379751;E_normal;0,269518102634013;G_normal;0,272988775389321;
A_normal;0,275474286321292;D_normal;0,278928665067522;E_normal;0,281642363608828;F_normal;0,282913294294202;E_normal;0,2831727289239;G_normal;0,284075931751027;
A_normal;0,287263549300001;D_normal;0,290368808627439;E_normal;0,292064349386945;F_normal;0,293377136234388;E_normal;0,295969594155193;G_normal;0,297153899307078;
A_normal;0,298924719381224;D_normal;0,299275566055763;E_normal;0,299359247500737;G_normal;0,300595765745837;
A_normal;0,302839925027608;D_normal;0,305048116532918;E_normal;0,306779005236523;F_normal;0,310237407111951;E_normal;0,310927765084974;G_normal;0,31332135657269;
A_normal;0,313433088405873;B_normal;0,316212086576141;C_normal;0,316796579346475;D_normal;0,317056127466559;E_normal;0,319790079751531;F_normal;0,321284245211347;E_normal;0,322054207244138;F_normal;0,32511873022789;E_normal;0,32676538492443;G_normal;0,329786032211915;
A_normal;0,332290687772911;B_normal;0,333028979248613;C_normal;0,335325351678573;B_normal;0,335984173654449;C_normal;0,338819422956375;B_normal;0,340447622275355;C_normal;0,340964435940906;B_normal;0,343995235355882;C_normal;0,346072638187454;B_normal;0,346826737816122;C_normal;0,348229025867315;D_normal;0,350672890939879;E_normal;0,351769194999684;F_normal;0,353868943310873;E_normal;0,354072646106943;F_normal;0,354835250667141;E_normal;0,357111700713479;F_normal;0,358302358510426;E_normal;0,359938375608181;F_normal;0,362450306585136;E_normal;0,362742081624068;F_normal;0,363617157397029;E_normal;0,36482542341077;F_normal;0,36781421621951;E_normal;0,368684786397757;G_normal;0,369965097535492;
A_normal;0,371457917979569;D_normal;0,374090480362712;E_normal;0,375673453009869;F_normal;0,377812304632648;E_normal;0,378646187857764;G_normal;0,381161403848738;
A_normal;0,381784650335451;B_normal;0,381907812305144;C_normal;0,385014144750635;D_normal;0,386798783758422;E_normal;0,389135638837211;F_normal;0,391158134833353;E_normal;0,394544157928774;F_normal;0,395077436166402;E_normal;0,397208650350674;F_normal;0,398887039568055;E_normal;0,400501919950734;G_normal;0,401649616985297;
A_normal;0,404503075855448;B_normal;0,405043018989899;C_normal;0,407637137038465;B_normal;0,408831725796012;C_normal;0,408966950121491;B_normal;0,411361406866086;C_normal;0,413666988549974;D_normal;0,415815792664135;E_normal;0,418492455452603;G_normal;0,421599194059834;
A_normal;0,423827077771421;D_normal;0,426540470164683;E_normal;0,427204611193803;G_normal;0,430349488437059;
A_normal;0,433385707361999;D_normal;0,43442291950406;E_normal;0,434800093447039;F_normal;0,436025896648062;E_normal;0,438017312784925;G_normal;0,440375201850354;
A_normal;0,443832018328572;B_normal;0,444162661117541;C_normal;0,445125331502317;B_normal;0,445945452649742;C_normal;0,446225410990236;D_normal;0,448009718909614;E_normal;0,448788119045073;G_normal;0,450229672262342;
A_normal;0,451974749293489;B_normal;0,453262960245613;C_normal;0,45600152306886;D_normal;0,458366632917508;E_normal;0,460197193247344;F_normal;0,460992186674654;E_normal;0,464391726507327;F_normal;0,467761735321902;E_normal;0,470631777987971;F_normal;0,472134824452547;E_normal;0,475599748711425;G_normal;0,47804675936479;
A_normal;0,480897070299964;B_normal;0,483173448684587;C_normal;0,486177882352624;B_normal;0,48744912003167;C_normal;0,48773645534594;B_normal;0,487754062676686;C_normal;0,488116121645564;B_normal;0,490327572970677;C_normal;0,493119109160034;B_normal;0,495529854717057;C_normal;0,497227748556826;D_normal;0,497575758600659;E_normal;0,498703601349714;G_normal;0,499654043399561;
A_normal;0,502623243666474;B_normal;0,504372751427582;C_normal;0,506893294672611;B_normal;0,508373200377618;C_normal;0,511751688349048;D_normal;0,51378755901371;E_normal;0,515462708155004;F_normal;0,51658910610422;E_normal;0,518266602718439;F_normal;0,519883403932909;E_normal;0,520511788196422;F_normal;0,522423860780287;E_normal;0,525528719336661;F_normal;0,527578733156487;E_normal;0,528616143215913;F_normal;0,530628528289122;E_normal;0,532863748242057;G_normal;0,533744121536276;
A_normal;0,533902408506644;D_normal;0,5367589242281;E_normal;0,537526522185848;G_normal;0,539847569384923;
A_normal;0,540777907965498;B_normal;0,541597714704242;C_normal;0,542822910965899;B_normal;0,544932916375627;C_normal;0,546377112697681;D_normal;0,548079770338114;E_normal;0,548952004857711;F_normal;0,551049427316886;E_normal;0,553037396496317;F_normal;0,555477719920519;E_normal;0,558686622698183;G_normal;0,561167272024452;
A_normal;0,563061032641498;D_normal;0,565604648166401;E_normal;0,56751020017772;F_normal;0,570446954846072;E_normal;0,570520376463214;G_normal;0,570651993121525;
A_normal;0,573800336118438;D_normal;0,576036304950119;E_normal;0,578752067001511;F_normal;0,579086254333056;E_normal;0,582149274516269;G_normal;0,585429749600331;
A_normal;0,588852747763869;B_normal;0,590194789561792;C_normal;0,590272711235836;B_normal;0,593007925972213;C_normal;0,594766584357583;B_normal;0,598009866702746;C_normal;0,598569425358114;B_normal;0,602014575955562;C_normal;0,603193745663804;B_normal;0,604645693136263;C_normal;0,60500534629197;B_normal;0,606033223943087;C_normal;0,606271237442141;B_normal;0,609194255843047;C_normal;0,610495667760713;B_normal;0,610692804271821;C_normal;0,612060810588042;B_normal;0,614714694505286;C_normal;0,614819730885858;B_normal;0,61660918276175;C_normal;0,619128666265169;B_normal;0,619462040927223;C_normal;0,621297843034781;B_normal;0,623458405684991;C_normal;0,626362791246114;B_normal;0,627945602552953;C_normal;0,630264754654491;B_normal;0,631744176165537;C_normal;0,633757090128105;D_normal;0,634073934525886;E_normal;0,63609673853595;G_normal;0,636183169120664;
A_normal;0,6385025922015;D_normal;0,639754455845428;E_normal;0,642549215953397;F_normal;0,642826240299555;E_normal;0,644614899637721;F_normal;0,647315765176448;E_normal;0,648661874123112;F_normal;0,651755807196929;E_normal;0,652243710329964;G_normal;0,654398489644842;
A_normal;0,654710441648301;D_normal;0,654838568508341;E_normal;0,65531024872002;F_normal;0,655654944397005;E_normal;0,657823177505634;F_normal;0,659818284349361;E_normal;0,662229549055661;G_normal;0,662542325145397;
A_normal;0,665907906906796;B_normal;0,668700006127539;C_normal;0,671141202189675;B_normal;0,672633044811341;C_normal;0,675202104035028;D_normal;0,677266033844919;E_normal;0,680377732587254;F_normal;0,683060269820595;E_normal;0,685230743878897;F_normal;0,686174989720005;E_normal;0,686427549986144;F_normal;0,686466711607258;E_normal;0,689539978718839;G_normal;0,689789841462497;
A_normal;0,691093864598467;B_normal;0,691991395548233;C_normal;0,695158028155372;B_normal;0,695686264089697;C_normal;0,697884288076441;D_normal;0,699245796217131;E_normal;0,702206893790087;G_normal;0,702792729173477;
A_normal;0,705443620241972;B_normal;0,706008505624293;C_normal;0,707032954114969;B_normal;0,708474821517788;C_normal;0,709314543802369;D_normal;0,712312045554023;E_normal;0,712363384054496;F_normal;0,714181838822293;E_normal;0,716366504829947;F_normal;0,718317657332389;E_normal;0,721050899160522;F_normal;0,723579285443218;E_normal;0,724149723449955;F_normal;0,727262791247793;E_normal;0,728163768904375;F_normal;0,730563093584756;E_normal;0,73201461251463;G_normal;0,733516017846544;
A_normal;0,73659471017729;D_normal;0,739690294143253;E_normal;0,73972577093001;F_normal;0,741746305547875;E_normal;0,744973383221401;G_normal;0,746977526093058;
A_normal;0,748327496079988;D_normal;0,748630275689519;E_normal;0,750417212213507;F_normal;0,751379884414039;E_normal;0,75371220423646;F_normal;0,753937712781611;E_normal;0,756571919390506;F_normal;0,759623717671882;E_normal;0,761537592288935;G_normal;0,763668941080041;
A_normal;0,766976494938718;B_normal;0,767900319695603;C_normal;0,768805040793572;D_normal;0,772223234145916;E_normal;0,77503732486932;F_normal;0,776844126463403;E_normal;0,77893953611945;F_normal;0,780021868502243;E_normal;0,782729532435447;G_normal;0,78510791819685;
A_normal;0,785266945025393;B_normal;0,788426099165615;C_normal;0,789865810868732;D_normal;0,790180859996731;E_normal;0,793201141667346;G_normal;0,79365144594178;
A_normal;0,796467469657526;D_normal;0,797317436576123;E_normal;0,798675709258533;G_normal;0,801379679373996;
A_normal;0,801744638811215;D_normal;0,802723114424024;E_normal;0,803549383049055;G_normal;0,803908784121935;
A_normal;0,804025908888435;D_normal;0,807420342510644;E_normal;0,809825512402717;G_normal;0,810986733104478;
A_normal;0,81292212901139;B_normal;0,814051835978818;C_normal;0,814386930859959;D_normal;0,8171415724064;E_normal;0,819036862866294;G_normal;0,821378087265961;
A_normal;0,822475400853566;B_normal;0,824431428060053;C_normal;0,826258224912131;D_normal;0,82775382687881;E_normal;0,828700355299387;F_normal;0,831204712479829;E_normal;0,832916819019981;G_normal;0,834034822709833;
A_normal;0,835889436062038;D_normal;0,836349697216065;E_normal;0,839066723987344;F_normal;0,839838629006409;E_normal;0,843204440406731;F_normal;0,846012618695063;E_normal;0,846035359260795;F_normal;0,847916229437235;E_normal;0,849529619881651;F_normal;0,852402372500769;E_normal;0,85258250864475;F_normal;0,853197074255959;E_normal;0,855639276075333;F_normal;0,858466518420352;E_normal;0,858953224218568;G_normal;0,859042233784244;
A_normal;0,859068264360152;B_normal;0,862501096253659;C_normal;0,865803777128653;B_normal;0,866018168214296;C_normal;0,866859016733038;B_normal;0,869534530164351;C_normal;0,872340933033331;B_normal;0,875725835953038;C_normal;0,878442028197849;B_normal;0,881742566017137;C_normal;0,884959274422727;D_normal;0,886247640507969;E_normal;0,888128973356087;F_normal;0,889595630590016;E_normal;0,892105736480315;G_normal;0,893969160359121;
A_normal;0,894197619872608;D_normal;0,89585666821707;E_normal;0,896517189819457;G_normal;0,899171495150465;
A_normal;0,901547705483003;B_normal;0,903853065972928;C_normal;0,905004681206063;B_normal;0,905845617089654;C_normal;0,908379167431526;B_normal;0,909085167398897;C_normal;0,911374610045136;D_normal;0,913124560889426;E_normal;0,915955224339592;G_normal;0,91934498588186;
A_normal;0,921966007297872;B_normal;0,923507063361791;C_normal;0,924123921615926;B_normal;0,924352062130412;C_normal;0,927449750162649;B_normal;0,930546263776099;C_normal;0,930827307075056;D_normal;0,93383007685932;E_normal;0,936341101408794;G_normal;0,938954853869898;
A_normal;0,939938514541913;B_normal;0,942531163126761;C_normal;0,942621406696466;D_normal;0,945078066401443;E_normal;0,947044810998099;G_normal;0,948075973879896;
A_normal;0,949864783215971;B_normal;0,95151922446611;C_normal;0,952655773936487;B_normal;0,953033115819886;C_normal;0,95551563297987;B_normal;0,957758129354463;C_normal;0,958565765590821;D_normal;0,959050449586358;E_normal;0,962157258545631;F_normal;0,962352564729777;E_normal;0,965599870706987;G_normal;0,967795200705749;
A_normal;0,968028525613288;B_normal;0,970646528236103;C_normal;0,973611353411495;B_normal;0,975682047970219;C_normal;0,975851072498093;D_normal;0,977603246092461;E_normal;0,977654244288311;G_normal;0,980618355913774;
A_normal;0,98264067758929;B_normal;0,985658804006461;C_normal;0,988976890997341;D_normal;0,99121794027451;E_normal;0,993037507017208;F_normal;0,995964449962938;E_normal;0,99837119465681;G_normal;1,00115697755407;
A_normal;1,0014677425287;D_normal;1,00166340222091;E_normal;1,00427336532286;G_normal;1,00592900311878;
A_normal;1,00650464512647;B_normal;1,00837577362998;C_normal;1,00926202989973;B_normal;1,01078372006466;C_normal;1,01315822113894;B_normal;1,0133152233773;C_normal;1,01359952581374;B_normal;1,016828785513;C_normal;1,0170171018318;B_normal;1,02029428060956;C_normal;1,02057332489575;B_normal;1,02088485211425;C_normal;1,02319402545012;D_normal;1,02551417326322;E_normal;1,02672786524959;F_normal;1,02996192031585;E_normal;1,03149853280209;F_normal;1,03403499543654;E_normal;1,03604929110669;F_normal;1,03914172361611;E_normal;1,04078826527338;F_normal;1,0418220466365;E_normal;1,04341560066678;G_normal;1,04665086902646;
A_normal;1,04906136527198;D_normal;1,05020862067856;E_normal;1,05068025748026;F_normal;1,051437232742;E_normal;1,05363025688146;G_normal;1,05461552201693;
A_normal;1,05722954315004;D_normal;1,05842322213155;E_normal;1,05918930672245;G_normal;1,06047869839434;
A_normal;1,06060392913059;B_normal;1,06105395960266;C_normal;1,06339442057813;B_normal;1,06475304536677;C_normal;1,06805152317975;B_normal;1,07145288834161;C_normal;1,07290596467242;D_normal;1,07330488270317;E_normal;1,07474275712998;F_normal;1,07752507770622;E_normal;1,07784640048986;F_normal;1,07867226932689;E_normal;1,0789588159791;G_normal;1,08065406160474;
A_normal;1,08276291091493;D_normal;1,08586676790987;E_normal;1,0865107527449;G_normal;1,08986026541647;
A_normal;1,09079640657971;D_normal;1,09333471467512;E_normal;1,09484067797247;F_normal;1,09759463256503;E_normal;1,1009527457532;G_normal;1,10286271662982;
A_normal;1,10628419056108;D_normal;1,10747995074457;E_normal;1,1089275566612;G_normal;1,1106843206734;
A_normal;1,11233432768818;B_normal;1,11417348890973;C_normal;1,11582494001454;D_normal;1,1188503545806;E_normal;1,1192195338307;G_normal;1,11955233391847;
A_normal;1,12133255174558;D_normal;1,1225921065262;E_normal;1,12538592666129;F_normal;1,12706170460539;E_normal;1,12999889928647;F_normal;1,13010095426257;E_normal;1,13161302648627;G_normal;1,13245540995235;
A_normal;1,13328646250011;B_normal;1,13573138839436;C_normal;1,13601989366968;D_normal;1,13610206246732;E_normal;1,13771313926393;F_normal;1,13777326308385;E_normal;1,13913528515453;F_normal;1,13953065788276;E_normal;1,14272784903975;F_normal;1,14610577418676;E_normal;1,14948321897019;G_normal;1,15138913228455;
A_normal;1,15252168331871;B_normal;1,15282344259645;C_normal;1,15582978005922;B_normal;1,15854506333805;C_normal;1,16014265849663;B_normal;1,160452158352;C_normal;1,16070922297917;B_normal;1,16389101561153;C_normal;1,1672821267356;D_normal;1,16792889662126;E_normal;1,1684585381461;F_normal;1,17019480777445;E_normal;1,17115645592276;G_normal;1,17424093889228;
A_normal;1,17723964828636;B_normal;1,18030720167088;C_normal;1,1818520342818;D_normal;1,18323154381748;E_normal;1,18633395731902;F_normal;1,18681729104558;E_normal;1,18766832185955;G_normal;1,18960678993285;
A_normal;1,19179952944655;B_normal;1,19369031214511;C_normal;1,19432700444304;D_normal;1,19562275691876;E_normal;1,19566450956498;G_normal;1,19783926508293;
A_normal;1,20002641657387;D_normal;1,20029332318033;E_normal;1,20174706277127;G_normal;1,20441506819043;
A_normal;1,20443151143748;D_normal;1,20712552419152;E_normal;1,20938655519017;G_normal;1,21071107868759;
A_normal;1,21080076651641;B_normal;1,2130560827144;C_normal;1,21637069834267;D_normal;1,21857781300625;E_normal;1,2186458583407;G_normal;1,2211238331155;
A_normal;1,22151004594505;D_normal;1,22413258898855;E_normal;1,22515327300223;G_normal;1,22566276200168;
A_normal;1,22772789869406;D_normal;1,23077103440462;E_normal;1,23276368576626;F_normal;1,23338372073098;E_normal;1,23611700592705;F_normal;1,23773740623437;E_normal;1,23947160978019;G_normal;1,24135175424292;
A_normal;1,24224778637937;D_normal;1,24331622071299;E_normal;1,24396336943513;G_normal;1,24564376843046;
A_normal;1,24601279026117;D_normal;1,24615213858488;E_normal;1,24910034282463;F_normal;1,25030459160917;E_normal;1,2515699026537;G_normal;1,25251060556588;
A_normal;1,2541988621896;D_normal;1,25663615230587;E_normal;1,25825234378054;F_normal;1,25909730356943;E_normal;1,26128038346037;F_normal;1,26146560670006;E_normal;1,26414685504278;G_normal;1,26438780158545;
A_normal;1,2649099804516;B_normal;1,2652604712736;C_normal;1,2658470152625;B_normal;1,26766879510089;C_normal;1,26815788593214;B_normal;1,27012548289107;C_normal;1,27261085380128;B_normal;1,2740201007287;C_normal;1,27694102401438;D_normal;1,27896590853278;E_normal;1,28023526055363;F_normal;1,28179990604501;E_normal;1,28402925608518;F_normal;1,28626869356958;E_normal;1,28884858170447;G_normal;1,29169577463472;
A_normal;1,29219550694527;D_normal;1,29261950413477;E_normal;1,2960450123614;F_normal;1,29654279523432;E_normal;1,29751671560128;G_normal;1,29868483025995;
A_normal;1,30095106383993;D_normal;1,30138804163855;E_normal;1,30313811071068;F_normal;1,3038327608859;E_normal;1,30620327226805;F_normal;1,3086971767043;E_normal;1,3088133106794;F_normal;1,31026048630398;E_normal;1,31176075962139;G_normal;1,3147101448962;
A_normal;1,31528274841225;D_normal;1,31613547247253;E_normal;1,31878181385562;G_normal;1,32128623115164;
A_normal;1,3235251429384;B_normal;1,32639614054157;C_normal;1,32707143258045;D_normal;1,32938431939854;E_normal;1,32975007346734;G_normal;1,32999677380819;
A_normal;1,33044010805315;D_normal;1,33240751739262;E_normal;1,33436082254209;G_normal;1,33474248543563;
A_normal;1,33514746460262;D_normal;1,33805798120739;E_normal;1,34144998828965;F_normal;1,34252674693643;E_normal;1,34327102626169;G_normal;1,34665332826585;
A_normal;1,34969592132418;B_normal;1,35264508853046;C_normal;1,35395150349682;B_normal;1,35621713891386;C_normal;1,35636137519193;D_normal;1,35933080471134;E_normal;1,36254932125707;G_normal;1,36396160209066;
A_normal;1,36484575924664;B_normal;1,36521405391007;C_normal;1,36552488834261;B_normal;1,3685025828745;C_normal;1,36888127173329;D_normal;1,36990574114477;E_normal;1,37191066364822;F_normal;1,37367516745871;E_normal;1,37674096863581;G_normal;1,37971312810098;
A_normal;1,38057640817068;D_normal;1,38092885222512;E_normal;1,38257682384412;F_normal;1,38379967064248;E_normal;1,38665567833555;G_normal;1,38853154358124;
A_normal;1,38992250286295;B_normal;1,39140713930829;C_normal;1,39369606064348;B_normal;1,39497820189475;C_normal;1,39795112784001;D_normal;1,39906363390684;E_normal;1,40115120319145;F_normal;1,40399996285851;E_normal;1,4069116450248;F_normal;1,41017332554071;E_normal;1,4132215885135;G_normal;1,41468068073057;
A_normal;1,41583407243565;D_normal;1,41757820383969;E_normal;1,41782876996311;F_normal;1,41838228233812;E_normal;1,42031612773523;G_normal;1,42287655162444;
A_normal;1,42339668274831;D_normal;1,42418032073409;E_normal;1,4251481807587;G_normal;1,42739398033397;
