A_normal;0;B_normal;0,000108958123342341;C_normal;0,000812364252245364;B_normal;0,00314449765008046;C_normal;0,00370628746006534;B_normal;0,00518432137485231;C_normal;0,00683291187710387;B_normal;0,00975254533113912;D_normal;0,0107709362055175;
A_normal;0,0120483892565567;B_normal;0,01318701958937;D_normal;0,0161181687888327;
A_normal;0,0171828955418379;B_normal;0,018326980451497;D_normal;0,0191834167263652;
A_normal;0,0201522690994251;B_normal;0,0206702723452407;D_normal;0,0216678216610388;
A_normal;0,025058307389069;B_normal;0,0281414185139713;C_normal;0,0282118938339409;B_normal;0,0287101724421114;D_normal;0,0287854358175537;
A_normal;0,0288189392886125;B_normal;0,0310781672144205;D_normal;0,0335368719194473;
A_normal;0,034252254196973;B_normal;0,0363107655009824;D_normal;0,0385470695360305;
A_normal;0,039393529595044;B_normal;0,0404202484496636;C_normal;0,0431019211860581;B_normal;0,0461633233094795;D_normal;0,0481540269215152;
A_normal;0,0505319220133566;B_normal;0,050558337013677;D_normal;0,0539921467781015;
A_normal;0,0565948296393294;B_normal;0,0570936042721668;D_normal;0,0598165055077213;
A_normal;0,06281896773079;B_normal;0,0638183886557171;C_normal;0,0660021391959163;B_normal;0,0690479192514128;D_normal;0,0699964897454872;
A_normal;0,0733325739096876;B_normal;0,07387795418779;D_normal;0,0744941254120527;
A_normal;0,0762238330854517;B_normal;0,0767653078898244;D_normal;0,0793336758069927;
A_normal;0,0796126743629833;B_normal;0,0798202502483036;D_normal;0,0825824543604136;
A_normal;0,0839074590330711;B_normal;0,0854242401805499;C_normal;0,0871392495011807;B_normal;0,0899825734070166;C_normal;0,0904735300719039;B_normal;0,0907067463493958;D_normal;0,0913800708464502;
A_normal;0,0921699316903768;B_normal;0,0930535538144694;C_normal;0,0959601077872018;B_normal;0,0970534588624206;D_normal;0,0994571567975476;
A_normal;0,100563548170612;B_normal;0,10159297807776;D_normal;0,104164232419053;
A_normal;0,10667670235691;B_normal;0,108558845277811;D_normal;0,1116162241346;
A_normal;0,112006484602009;B_normal;0,113408068361524;D_normal;0,113595155140501;
A_normal;0,115933406072953;B_normal;0,119133912845023;D_normal;0,121499943367477;
A_normal;0,122462676144399;B_normal;0,12501298451227;C_normal;0,127317779270622;B_normal;0,128116435233905;C_normal;0,1293835302236;B_normal;0,132810310864847;C_normal;0,132999445683607;B_normal;0,13600877929356;C_normal;0,138429467124903;B_normal;0,140751900610566;D_normal;0,141827760995107;
A_normal;0,143686135065056;B_normal;0,145222337769357;C_normal;0,14642782289108;B_normal;0,148121578854948;D_normal;0,151075749284549;
A_normal;0,151702058933248;B_normal;0,153415817534551;C_normal;0,156514349936818;B_normal;0,157234985256865;C_normal;0,159274569248535;B_normal;0,161438528399837;C_normal;0,163315511098416;B_normal;0,16487216297052;D_normal;0,165513387633837;
A_normal;0,168971908595672;B_normal;0,171373393638836;D_normal;0,171710932198847;
A_normal;0,172227274155982;B_normal;0,175283964241519;D_normal;0,176807706208718;
A_normal;0,177344011920569;B_normal;0,177984271099881;C_normal;0,17929967010342;B_normal;0,180562981262079;D_normal;0,182138796059816;
A_normal;0,18373795758008;B_normal;0,186576779327071;C_normal;0,187456596160903;B_normal;0,189479547767809;C_normal;0,191590639916184;B_normal;0,194010582823669;C_normal;0,197061646710305;B_normal;0,198325348912881;C_normal;0,201033755549967;B_normal;0,201746784975209;D_normal;0,204653839790909;
A_normal;0,207785193667708;B_normal;0,210477990504134;D_normal;0,211503884548114;
A_normal;0,213090460644;B_normal;0,213744948416004;D_normal;0,214524499271647;
A_normal;0,215645338592973;B_normal;0,218295025920573;C_normal;0,219247566867529;B_normal;0,222150838246711;C_normal;0,223008453774835;B_normal;0,224771233605376;C_normal;0,224772393714779;B_normal;0,227235223808546;D_normal;0,228608060689617;
A_normal;0,229514265371512;B_normal;0,230531612386888;C_normal;0,232981615057927;B_normal;0,235721915611066;D_normal;0,237687496921151;
A_normal;0,237763003567428;B_normal;0,240835898984288;C_normal;0,240948107446052;B_normal;0,241488227423462;C_normal;0,242942625587198;B_normal;0,24295567806338;D_normal;0,245602525453756;
A_normal;0,246403816938659;B_normal;0,246618805580915;C_normal;0,246879493618811;B_normal;0,249185554395404;D_normal;0,251976287383716;
A_normal;0,25342994140778;B_normal;0,25687465161415;C_normal;0,257036052670123;B_normal;0,257387887039739;C_normal;0,260701947669279;B_normal;0,261442817542249;C_normal;0,264846224548011;B_normal;0,264957896378797;D_normal;0,267743401379751;
A_normal;0,269518102634013;B_normal;0,272988775389321;D_normal;0,275474286321292;
A_normal;0,278928665067522;B_normal;0,281642363608828;C_normal;0,282913294294202;B_normal;0,2831727289239;D_normal;0,284075931751027;
A_normal;0,287263549300001;B_normal;0,290368808627439;D_normal;0,292064349386945;
A_normal;0,293377136234388;B_normal;0,295969594155193;D_normal;0,297153899307078;
A_normal;0,298924719381224;B_normal;0,299275566055763;D_normal;0,299359247500737;
A_normal;0,300595765745837;B_normal;0,302839925027608;D_normal;0,305048116532918;
A_normal;0,306779005236523;B_normal;0,310237407111951;C_normal;0,310927765084974;B_normal;0,31332135657269;D_normal;0,313433088405873;
A_normal;0,316212086576141;B_normal;0,316796579346475;D_normal;0,317056127466559;
A_normal;0,319790079751531;B_normal;0,321284245211347;D_normal;0,322054207244138;
A_normal;0,32511873022789;B_normal;0,32676538492443;D_normal;0,329786032211915;
A_normal;0,332290687772911;B_normal;0,333028979248613;D_normal;0,335325351678573;
A_normal;0,335984173654449;B_normal;0,338819422956375;C_normal;0,340447622275355;B_normal;0,340964435940906;C_normal;0,343995235355882;B_normal;0,346072638187454;C_normal;0,346826737816122;B_normal;0,348229025867315;D_normal;0,350672890939879;
A_normal;0,351769194999684;B_normal;0,353868943310873;C_normal;0,354072646106943;B_normal;0,354835250667141;D_normal;0,357111700713479;
A_normal;0,358302358510426;B_normal;0,359938375608181;C_normal;0,362450306585136;B_normal;0,362742081624068;C_normal;0,363617157397029;B_normal;0,36482542341077;C_normal;0,36781421621951;B_normal;0,368684786397757;D_normal;0,369965097535492;
A_normal;0,371457917979569;B_normal;0,374090480362712;D_normal;0,375673453009869;
A_normal;0,377812304632648;B_normal;0,378646187857764;D_normal;0,381161403848738;
A_normal;0,381784650335451;B_normal;0,381907812305144;C_normal;0,385014144750635;B_normal;0,386798783758422;C_normal;0,389135638837211;B_normal;0,391158134833353;C_normal;0,394544157928774;B_normal;0,395077436166402;D_normal;0,397208650350674;
A_normal;0,398887039568055;B_normal;0,400501919950734;D_normal;0,401649616985297;
A_normal;0,404503075855448;B_normal;0,405043018989899;C_normal;0,407637137038465;B_normal;0,408831725796012;D_normal;0,408966950121491;
A_normal;0,411361406866086;B_normal;0,413666988549974;D_normal;0,415815792664135;
A_normal;0,418492455452603;B_normal;0,421599194059834;C_normal;0,423827077771421;B_normal;0,426540470164683;C_normal;0,427204611193803;B_normal;0,430349488437059;D_normal;0,433385707361999;
A_normal;0,43442291950406;B_normal;0,434800093447039;C_normal;0,436025896648062;B_normal;0,438017312784925;D_normal;0,440375201850354;
A_normal;0,443832018328572;B_normal;0,444162661117541;D_normal;0,445125331502317;
A_normal;0,445945452649742;B_normal;0,446225410990236;D_normal;0,448009718909614;
A_normal;0,448788119045073;B_normal;0,450229672262342;D_normal;0,451974749293489;
A_normal;0,453262960245613;B_normal;0,45600152306886;D_normal;0,458366632917508;
A_normal;0,460197193247344;B_normal;0,460992186674654;C_normal;0,464391726507327;B_normal;0,467761735321902;C_normal;0,470631777987971;B_normal;0,472134824452547;C_normal;0,475599748711425;B_normal;0,47804675936479;C_normal;0,480897070299964;B_normal;0,483173448684587;C_normal;0,486177882352624;B_normal;0,48744912003167;D_normal;0,48773645534594;
A_normal;0,487754062676686;B_normal;0,488116121645564;C_normal;0,490327572970677;B_normal;0,493119109160034;C_normal;0,495529854717057;B_normal;0,497227748556826;D_normal;0,497575758600659;
A_normal;0,498703601349714;B_normal;0,499654043399561;C_normal;0,502623243666474;B_normal;0,504372751427582;C_normal;0,506893294672611;B_normal;0,508373200377618;C_normal;0,511751688349048;B_normal;0,51378755901371;C_normal;0,515462708155004;B_normal;0,51658910610422;C_normal;0,518266602718439;B_normal;0,519883403932909;D_normal;0,520511788196422;
A_normal;0,522423860780287;B_normal;0,525528719336661;C_normal;0,527578733156487;B_normal;0,528616143215913;C_normal;0,530628528289122;B_normal;0,532863748242057;D_normal;0,533744121536276;
A_normal;0,533902408506644;B_normal;0,5367589242281;D_normal;0,537526522185848;
A_normal;0,539847569384923;B_normal;0,540777907965498;C_normal;0,541597714704242;B_normal;0,542822910965899;C_normal;0,544932916375627;B_normal;0,546377112697681;D_normal;0,548079770338114;
A_normal;0,548952004857711;B_normal;0,551049427316886;D_normal;0,553037396496317;
A_normal;0,555477719920519;B_normal;0,558686622698183;D_normal;0,561167272024452;
A_normal;0,563061032641498;B_normal;0,565604648166401;D_normal;0,56751020017772;
A_normal;0,570446954846072;B_normal;0,570520376463214;D_normal;0,570651993121525;
A_normal;0,573800336118438;B_normal;0,576036304950119;C_normal;0,578752067001511;B_normal;0,579086254333056;C_normal;0,582149274516269;B_normal;0,585429749600331;D_normal;0,588852747763869;
A_normal;0,590194789561792;B_normal;0,590272711235836;C_normal;0,593007925972213;B_normal;0,594766584357583;C_normal;0,598009866702746;B_normal;0,598569425358114;C_normal;0,602014575955562;B_normal;0,603193745663804;C_normal;0,604645693136263;B_normal;0,60500534629197;C_normal;0,606033223943087;B_normal;0,606271237442141;C_normal;0,609194255843047;B_normal;0,610495667760713;C_normal;0,610692804271821;B_normal;0,612060810588042;C_normal;0,614714694505286;B_normal;0,614819730885858;C_normal;0,61660918276175;B_normal;0,619128666265169;C_normal;0,619462040927223;B_normal;0,621297843034781;C_normal;0,623458405684991;B_normal;0,626362791246114;C_normal;0,627945602552953;B_normal;0,630264754654491;C_normal;0,631744176165537;B_normal;0,633757090128105;D_normal;0,634073934525886;
A_normal;0,63609673853595;B_normal;0,636183169120664;D_normal;0,6385025922015;
A_normal;0,639754455845428;B_normal;0,642549215953397;C_normal;0,642826240299555;B_normal;0,644614899637721;C_normal;0,647315765176448;B_normal;0,648661874123112;C_normal;0,651755807196929;B_normal;0,652243710329964;D_normal;0,654398489644842;
A_normal;0,654710441648301;B_normal;0,654838568508341;C_normal;0,65531024872002;B_normal;0,655654944397005;C_normal;0,657823177505634;B_normal;0,659818284349361;C_normal;0,662229549055661;B_normal;0,662542325145397;C_normal;0,665907906906796;B_normal;0,668700006127539;D_normal;0,671141202189675;
A_normal;0,672633044811341;B_normal;0,675202104035028;D_normal;0,677266033844919;
A_normal;0,680377732587254;B_normal;0,683060269820595;D_normal;0,685230743878897;
A_normal;0,686174989720005;B_normal;0,686427549986144;C_normal;0,686466711607258;B_normal;0,689539978718839;D_normal;0,689789841462497;
A_normal;0,691093864598467;B_normal;0,691991395548233;C_normal;0,695158028155372;B_normal;0,695686264089697;C_normal;0,697884288076441;B_normal;0,699245796217131;D_normal;0,702206893790087;
A_normal;0,702792729173477;B_normal;0,705443620241972;C_normal;0,706008505624293;B_normal;0,707032954114969;C_normal;0,708474821517788;B_normal;0,709314543802369;D_normal;0,712312045554023;
A_normal;0,712363384054496;B_normal;0,714181838822293;D_normal;0,716366504829947;
A_normal;0,718317657332389;B_normal;0,721050899160522;C_normal;0,723579285443218;B_normal;0,724149723449955;C_normal;0,727262791247793;B_normal;0,728163768904375;C_normal;0,730563093584756;B_normal;0,73201461251463;D_normal;0,733516017846544;
A_normal;0,73659471017729;B_normal;0,739690294143253;D_normal;0,73972577093001;
A_normal;0,741746305547875;B_normal;0,744973383221401;D_normal;0,746977526093058;
A_normal;0,748327496079988;B_normal;0,748630275689519;D_normal;0,750417212213507;
A_normal;0,751379884414039;B_normal;0,75371220423646;C_normal;0,753937712781611;B_normal;0,756571919390506;C_normal;0,759623717671882;B_normal;0,761537592288935;D_normal;0,763668941080041;
A_normal;0,766976494938718;B_normal;0,767900319695603;C_normal;0,768805040793572;B_normal;0,772223234145916;C_normal;0,77503732486932;B_normal;0,776844126463403;D_normal;0,77893953611945;
A_normal;0,780021868502243;B_normal;0,782729532435447;D_normal;0,78510791819685;
A_normal;0,785266945025393;B_normal;0,788426099165615;D_normal;0,789865810868732;
A_normal;0,790180859996731;B_normal;0,793201141667346;D_normal;0,79365144594178;
A_normal;0,796467469657526;B_normal;0,797317436576123;D_normal;0,798675709258533;
A_normal;0,801379679373996;B_normal;0,801744638811215;D_normal;0,802723114424024;
A_normal;0,803549383049055;B_normal;0,803908784121935;D_normal;0,804025908888435;
A_normal;0,807420342510644;B_normal;0,809825512402717;D_normal;0,810986733104478;
A_normal;0,81292212901139;B_normal;0,814051835978818;C_normal;0,814386930859959;B_normal;0,8171415724064;C_normal;0,819036862866294;B_normal;0,821378087265961;C_normal;0,822475400853566;B_normal;0,824431428060053;D_normal;0,826258224912131;
A_normal;0,82775382687881;B_normal;0,828700355299387;C_normal;0,831204712479829;B_normal;0,832916819019981;D_normal;0,834034822709833;
A_normal;0,835889436062038;B_normal;0,836349697216065;D_normal;0,839066723987344;
A_normal;0,839838629006409;B_normal;0,843204440406731;C_normal;0,846012618695063;B_normal;0,846035359260795;C_normal;0,847916229437235;B_normal;0,849529619881651;C_normal;0,852402372500769;B_normal;0,85258250864475;C_normal;0,853197074255959;B_normal;0,855639276075333;C_normal;0,858466518420352;B_normal;0,858953224218568;D_normal;0,859042233784244;
A_normal;0,859068264360152;B_normal;0,862501096253659;C_normal;0,865803777128653;B_normal;0,866018168214296;C_normal;0,866859016733038;B_normal;0,869534530164351;D_normal;0,872340933033331;
A_normal;0,875725835953038;B_normal;0,878442028197849;C_normal;0,881742566017137;B_normal;0,884959274422727;D_normal;0,886247640507969;
