A_normal;0;D_normal;0.000108958123342341;C_normal;0.000812364252245364;E_normal;0.00314449765008046;
A_normal;0.00370628746006534;B_normal;0.00518432137485231;B_normal;0.00683291187710387;B_normal;0.00975254533113912;D_normal;0.0107709362055175;C_normal;0.0120483892565567;E_normal;0.01318701958937;
A_normal;0.0161181687888327;B_normal;0.0171828955418379;C_normal;0.018326980451497;D_normal;0.0191834167263652;E_normal;0.0201522690994251;
A_normal;0.0206702723452407;D_normal;0.0216678216610388;C_normal;0.025058307389069;E_normal;0.0281414185139713;
A_normal;0.0282118938339409;C_normal;0.0287101724421114;D_normal;0.0287854358175537;E_normal;0.0288189392886125;
A_normal;0.0310781672144205;C_normal;0.0335368719194473;D_normal;0.034252254196973;E_normal;0.0363107655009824;
A_normal;0.0385470695360305;D_normal;0.039393529595044;C_normal;0.0404202484496636;E_normal;0.0431019211860581;
A_normal;0.0461633233094795;D_normal;0.0481540269215152;C_normal;0.0505319220133566;E_normal;0.050558337013677;
A_normal;0.0539921467781015;B_normal;0.0565948296393294;D_normal;0.0570936042721668;C_normal;0.0598165055077213;E_normal;0.06281896773079;
A_normal;0.0638183886557171;B_normal;0.0660021391959163;B_normal;0.0690479192514128;C_normal;0.0699964897454872;D_normal;0.0733325739096876;E_normal;0.07387795418779;
A_normal;0.0744941254120527;B_normal;0.0762238330854517;C_normal;0.0767653078898244;D_normal;0.0793336758069927;E_normal;0.0796126743629833;
A_normal;0.0798202502483036;D_normal;0.0825824543604136;C_normal;0.0839074590330711;E_normal;0.0854242401805499;
A_normal;0.0871392495011807;D_normal;0.0899825734070166;C_normal;0.0904735300719039;E_normal;0.0907067463493958;
A_normal;0.0913800708464502;C_normal;0.0921699316903768;D_normal;0.0930535538144694;E_normal;0.0959601077872018;
A_normal;0.0970534588624206;D_normal;0.0994571567975476;C_normal;0.100563548170612;E_normal;0.10159297807776;
A_normal;0.104164232419053;C_normal;0.10667670235691;D_normal;0.108558845277811;E_normal;0.1116162241346;
A_normal;0.112006484602009;B_normal;0.113408068361524;C_normal;0.113595155140501;D_normal;0.115933406072953;E_normal;0.119133912845023;
A_normal;0.121499943367477;D_normal;0.122462676144399;C_normal;0.12501298451227;E_normal;0.127317779270622;
A_normal;0.128116435233905;B_normal;0.1293835302236;B_normal;0.132810310864847;B_normal;0.132999445683607;C_normal;0.13600877929356;D_normal;0.138429467124903;E_normal;0.140751900610566;
A_normal;0.141827760995107;B_normal;0.143686135065056;D_normal;0.145222337769357;C_normal;0.14642782289108;E_normal;0.148121578854948;
A_normal;0.151075749284549;D_normal;0.151702058933248;C_normal;0.153415817534551;E_normal;0.156514349936818;
A_normal;0.157234985256865;B_normal;0.159274569248535;D_normal;0.161438528399837;C_normal;0.163315511098416;E_normal;0.16487216297052;
A_normal;0.165513387633837;C_normal;0.168971908595672;D_normal;0.171373393638836;E_normal;0.171710932198847;
A_normal;0.172227274155982;D_normal;0.175283964241519;C_normal;0.176807706208718;E_normal;0.177344011920569;
A_normal;0.177984271099881;C_normal;0.17929967010342;D_normal;0.180562981262079;E_normal;0.182138796059816;
A_normal;0.18373795758008;C_normal;0.186576779327071;D_normal;0.187456596160903;E_normal;0.189479547767809;
A_normal;0.191590639916184;C_normal;0.194010582823669;D_normal;0.197061646710305;E_normal;0.198325348912881;
A_normal;0.201033755549967;D_normal;0.201746784975209;C_normal;0.204653839790909;E_normal;0.207785193667708;
A_normal;0.210477990504134;D_normal;0.211503884548114;C_normal;0.213090460644;E_normal;0.213744948416004;
A_normal;0.214524499271647;D_normal;0.215645338592973;C_normal;0.218295025920573;E_normal;0.219247566867529;
A_normal;0.222150838246711;B_normal;0.223008453774835;C_normal;0.224771233605376;D_normal;0.224772393714779;E_normal;0.227235223808546;
A_normal;0.228608060689617;B_normal;0.229514265371512;B_normal;0.230531612386888;B_normal;0.232981615057927;C_normal;0.235721915611066;D_normal;0.237687496921151;E_normal;0.237763003567428;
A_normal;0.240835898984288;B_normal;0.240948107446052;C_normal;0.241488227423462;D_normal;0.242942625587198;E_normal;0.24295567806338;
A_normal;0.245602525453756;D_normal;0.246403816938659;C_normal;0.246618805580915;E_normal;0.246879493618811;
A_normal;0.249185554395404;C_normal;0.251976287383716;D_normal;0.25342994140778;E_normal;0.25687465161415;
A_normal;0.257036052670123;D_normal;0.257387887039739;C_normal;0.260701947669279;E_normal;0.261442817542249;
A_normal;0.264846224548011;C_normal;0.264957896378797;D_normal;0.267743401379751;E_normal;0.269518102634013;
A_normal;0.272988775389321;D_normal;0.275474286321292;C_normal;0.278928665067522;E_normal;0.281642363608828;
A_normal;0.282913294294202;D_normal;0.2831727289239;C_normal;0.284075931751027;E_normal;0.287263549300001;
A_normal;0.290368808627439;D_normal;0.292064349386945;C_normal;0.293377136234388;E_normal;0.295969594155193;
A_normal;0.297153899307078;D_normal;0.298924719381224;C_normal;0.299275566055763;E_normal;0.299359247500737;
A_normal;0.300595765745837;D_normal;0.302839925027608;C_normal;0.305048116532918;E_normal;0.306779005236523;
A_normal;0.310237407111951;C_normal;0.310927765084974;D_normal;0.31332135657269;E_normal;0.313433088405873;
A_normal;0.316212086576141;C_normal;0.316796579346475;D_normal;0.317056127466559;E_normal;0.319790079751531;
A_normal;0.321284245211347;C_normal;0.322054207244138;D_normal;0.32511873022789;E_normal;0.32676538492443;
A_normal;0.329786032211915;D_normal;0.332290687772911;C_normal;0.333028979248613;E_normal;0.335325351678573;
A_normal;0.335984173654449;C_normal;0.338819422956375;D_normal;0.340447622275355;E_normal;0.340964435940906;
A_normal;0.343995235355882;D_normal;0.346072638187454;C_normal;0.346826737816122;E_normal;0.348229025867315;
A_normal;0.350672890939879;B_normal;0.351769194999684;B_normal;0.353868943310873;C_normal;0.354072646106943;D_normal;0.354835250667141;E_normal;0.357111700713479;
A_normal;0.358302358510426;D_normal;0.359938375608181;C_normal;0.362450306585136;E_normal;0.362742081624068;
A_normal;0.363617157397029;D_normal;0.36482542341077;C_normal;0.36781421621951;E_normal;0.368684786397757;
A_normal;0.369965097535492;C_normal;0.371457917979569;D_normal;0.374090480362712;E_normal;0.375673453009869;
A_normal;0.377812304632648;C_normal;0.378646187857764;D_normal;0.381161403848738;E_normal;0.381784650335451;
A_normal;0.381907812305144;C_normal;0.385014144750635;D_normal;0.386798783758422;E_normal;0.389135638837211;
A_normal;0.391158134833353;C_normal;0.394544157928774;D_normal;0.395077436166402;E_normal;0.397208650350674;
A_normal;0.398887039568055;B_normal;0.400501919950734;C_normal;0.401649616985297;D_normal;0.404503075855448;E_normal;0.405043018989899;
A_normal;0.407637137038465;B_normal;0.408831725796012;D_normal;0.408966950121491;C_normal;0.411361406866086;E_normal;0.413666988549974;
A_normal;0.415815792664135;B_normal;0.418492455452603;D_normal;0.421599194059834;C_normal;0.423827077771421;E_normal;0.426540470164683;
A_normal;0.427204611193803;C_normal;0.430349488437059;D_normal;0.433385707361999;E_normal;0.43442291950406;
A_normal;0.434800093447039;C_normal;0.436025896648062;D_normal;0.438017312784925;E_normal;0.440375201850354;
A_normal;0.443832018328572;C_normal;0.444162661117541;D_normal;0.445125331502317;E_normal;0.445945452649742;
A_normal;0.446225410990236;C_normal;0.448009718909614;D_normal;0.448788119045073;E_normal;0.450229672262342;
A_normal;0.451974749293489;C_normal;0.453262960245613;D_normal;0.45600152306886;E_normal;0.458366632917508;
A_normal;0.460197193247344;B_normal;0.460992186674654;C_normal;0.464391726507327;D_normal;0.467761735321902;E_normal;0.470631777987971;
A_normal;0.472134824452547;C_normal;0.475599748711425;D_normal;0.47804675936479;E_normal;0.480897070299964;
A_normal;0.483173448684587;B_normal;0.486177882352624;C_normal;0.48744912003167;D_normal;0.48773645534594;E_normal;0.487754062676686;
A_normal;0.488116121645564;B_normal;0.490327572970677;B_normal;0.493119109160034;C_normal;0.495529854717057;D_normal;0.497227748556826;E_normal;0.497575758600659;
A_normal;0.498703601349714;D_normal;0.499654043399561;C_normal;0.502623243666474;E_normal;0.504372751427582;
A_normal;0.506893294672611;C_normal;0.508373200377618;D_normal;0.511751688349048;E_normal;0.51378755901371;
A_normal;0.515462708155004;C_normal;0.51658910610422;D_normal;0.518266602718439;E_normal;0.519883403932909;
A_normal;0.520511788196422;C_normal;0.522423860780287;D_normal;0.525528719336661;E_normal;0.527578733156487;
A_normal;0.528616143215913;B_normal;0.530628528289122;D_normal;0.532863748242057;C_normal;0.533744121536276;E_normal;0.533902408506644;
A_normal;0.5367589242281;D_normal;0.537526522185848;C_normal;0.539847569384923;E_normal;0.540777907965498;
A_normal;0.541597714704242;D_normal;0.542822910965899;C_normal;0.544932916375627;E_normal;0.546377112697681;
A_normal;0.548079770338114;C_normal;0.548952004857711;D_normal;0.551049427316886;E_normal;0.553037396496317;
A_normal;0.555477719920519;C_normal;0.558686622698183;D_normal;0.561167272024452;E_normal;0.563061032641498;
A_normal;0.565604648166401;C_normal;0.56751020017772;D_normal;0.570446954846072;E_normal;0.570520376463214;
A_normal;0.570651993121525;B_normal;0.573800336118438;D_normal;0.576036304950119;C_normal;0.578752067001511;E_normal;0.579086254333056;
A_normal;0.582149274516269;C_normal;0.585429749600331;D_normal;0.588852747763869;E_normal;0.590194789561792;
A_normal;0.590272711235836;C_normal;0.593007925972213;D_normal;0.594766584357583;E_normal;0.598009866702746;
A_normal;0.598569425358114;B_normal;0.602014575955562;B_normal;0.603193745663804;C_normal;0.604645693136263;D_normal;0.60500534629197;E_normal;0.606033223943087;
A_normal;0.606271237442141;B_normal;0.609194255843047;C_normal;0.610495667760713;D_normal;0.610692804271821;E_normal;0.612060810588042;
A_normal;0.614714694505286;D_normal;0.614819730885858;C_normal;0.61660918276175;E_normal;0.619128666265169;
A_normal;0.619462040927223;D_normal;0.621297843034781;C_normal;0.623458405684991;E_normal;0.626362791246114;
A_normal;0.627945602552953;D_normal;0.630264754654491;C_normal;0.631744176165537;E_normal;0.633757090128105;
A_normal;0.634073934525886;D_normal;0.63609673853595;C_normal;0.636183169120664;E_normal;0.6385025922015;
A_normal;0.639754455845428;D_normal;0.642549215953397;C_normal;0.642826240299555;E_normal;0.644614899637721;
A_normal;0.647315765176448;B_normal;0.648661874123112;C_normal;0.651755807196929;D_normal;0.652243710329964;E_normal;0.654398489644842;
A_normal;0.654710441648301;D_normal;0.654838568508341;C_normal;0.65531024872002;E_normal;0.655654944397005;
A_normal;0.657823177505634;B_normal;0.659818284349361;C_normal;0.662229549055661;D_normal;0.662542325145397;E_normal;0.665907906906796;
A_normal;0.668700006127539;D_normal;0.671141202189675;C_normal;0.672633044811341;E_normal;0.675202104035028;
A_normal;0.677266033844919;C_normal;0.680377732587254;D_normal;0.683060269820595;E_normal;0.685230743878897;
A_normal;0.686174989720005;C_normal;0.686427549986144;D_normal;0.686466711607258;E_normal;0.689539978718839;
A_normal;0.689789841462497;B_normal;0.691093864598467;C_normal;0.691991395548233;D_normal;0.695158028155372;E_normal;0.695686264089697;
A_normal;0.697884288076441;C_normal;0.699245796217131;D_normal;0.702206893790087;E_normal;0.702792729173477;
A_normal;0.705443620241972;C_normal;0.706008505624293;D_normal;0.707032954114969;E_normal;0.708474821517788;
A_normal;0.709314543802369;D_normal;0.712312045554023;C_normal;0.712363384054496;E_normal;0.714181838822293;
A_normal;0.716366504829947;C_normal;0.718317657332389;D_normal;0.721050899160522;E_normal;0.723579285443218;
A_normal;0.724149723449955;B_normal;0.727262791247793;D_normal;0.728163768904375;C_normal;0.730563093584756;E_normal;0.73201461251463;
A_normal;0.733516017846544;C_normal;0.73659471017729;D_normal;0.739690294143253;E_normal;0.73972577093001;
A_normal;0.741746305547875;D_normal;0.744973383221401;C_normal;0.746977526093058;E_normal;0.748327496079988;
A_normal;0.748630275689519;D_normal;0.750417212213507;C_normal;0.751379884414039;E_normal;0.75371220423646;
A_normal;0.753937712781611;B_normal;0.756571919390506;B_normal;0.759623717671882;B_normal;0.761537592288935;C_normal;0.763668941080041;D_normal;0.766976494938718;E_normal;0.767900319695603;
A_normal;0.768805040793572;D_normal;0.772223234145916;C_normal;0.77503732486932;E_normal;0.776844126463403;
A_normal;0.77893953611945;B_normal;0.780021868502243;B_normal;0.782729532435447;D_normal;0.78510791819685;C_normal;0.785266945025393;E_normal;0.788426099165615;
A_normal;0.789865810868732;D_normal;0.790180859996731;C_normal;0.793201141667346;E_normal;0.79365144594178;
A_normal;0.796467469657526;D_normal;0.797317436576123;C_normal;0.798675709258533;E_normal;0.801379679373996;
A_normal;0.801744638811215;D_normal;0.802723114424024;C_normal;0.803549383049055;E_normal;0.803908784121935;
A_normal;0.804025908888435;D_normal;0.807420342510644;C_normal;0.809825512402717;E_normal;0.810986733104478;
A_normal;0.81292212901139;C_normal;0.814051835978818;D_normal;0.814386930859959;E_normal;0.8171415724064;
A_normal;0.819036862866294;C_normal;0.821378087265961;D_normal;0.822475400853566;E_normal;0.824431428060053;
A_normal;0.826258224912131;C_normal;0.82775382687881;D_normal;0.828700355299387;E_normal;0.831204712479829;
A_normal;0.832916819019981;C_normal;0.834034822709833;D_normal;0.835889436062038;E_normal;0.836349697216065;
A_normal;0.839066723987344;C_normal;0.839838629006409;D_normal;0.843204440406731;E_normal;0.846012618695063;
A_normal;0.846035359260795;C_normal;0.847916229437235;D_normal;0.849529619881651;E_normal;0.852402372500769;
A_normal;0.85258250864475;B_normal;0.853197074255959;D_normal;0.855639276075333;C_normal;0.858466518420352;E_normal;0.858953224218568;
A_normal;0.859042233784244;B_normal;0.859068264360152;B_normal;0.862501096253659;B_normal;0.865803777128653;B_normal;0.866018168214296;B_normal;0.866859016733038;C_normal;0.869534530164351;D_normal;0.872340933033331;E_normal;0.875725835953038;
A_normal;0.878442028197849;C_normal;0.881742566017137;D_normal;0.884959274422727;E_normal;0.886247640507969;
A_normal;0.888128973356087;B_normal;0.889595630590016;D_normal;0.892105736480315;C_normal;0.893969160359121;E_normal;0.894197619872608;
A_normal;0.89585666821707;D_normal;0.896517189819457;C_normal;0.899171495150465;E_normal;0.901547705483003;
A_normal;0.903853065972928;B_normal;0.905004681206063;C_normal;0.905845617089654;D_normal;0.908379167431526;E_normal;0.909085167398897;
A_normal;0.911374610045136;D_normal;0.913124560889426;C_normal;0.915955224339592;E_normal;0.91934498588186;
A_normal;0.921966007297872;B_normal;0.923507063361791;D_normal;0.924123921615926;C_normal;0.924352062130412;E_normal;0.927449750162649;
A_normal;0.930546263776099;C_normal;0.930827307075056;D_normal;0.93383007685932;E_normal;0.936341101408794;
A_normal;0.938954853869898;B_normal;0.939938514541913;C_normal;0.942531163126761;D_normal;0.942621406696466;E_normal;0.945078066401443;
A_normal;0.947044810998099;D_normal;0.948075973879896;C_normal;0.949864783215971;E_normal;0.95151922446611;
A_normal;0.952655773936487;B_normal;0.953033115819886;C_normal;0.95551563297987;D_normal;0.957758129354463;E_normal;0.958565765590821;
A_normal;0.959050449586358;C_normal;0.962157258545631;D_normal;0.962352564729777;E_normal;0.965599870706987;
A_normal;0.967795200705749;C_normal;0.968028525613288;D_normal;0.970646528236103;E_normal;0.973611353411495;
A_normal;0.975682047970219;C_normal;0.975851072498093;D_normal;0.977603246092461;E_normal;0.977654244288311;
A_normal;0.980618355913774;D_normal;0.98264067758929;C_normal;0.985658804006461;E_normal;0.988976890997341;
A_normal;0.99121794027451;B_normal;0.993037507017208;B_normal;0.995964449962938;B_normal;0.99837119465681;C_normal;1.00115697755407;D_normal;1.0014677425287;E_normal;1.00166340222091;
A_normal;1.00427336532286;D_normal;1.00592900311878;C_normal;1.00650464512647;E_normal;1.00837577362998;
A_normal;1.00926202989973;C_normal;1.01078372006466;D_normal;1.01315822113894;E_normal;1.0133152233773;
A_normal;1.01359952581374;B_normal;1.016828785513;D_normal;1.0170171018318;C_normal;1.02029428060956;E_normal;1.02057332489575;
A_normal;1.02088485211425;C_normal;1.02319402545012;D_normal;1.02551417326322;E_normal;1.02672786524959;
A_normal;1.02996192031585;D_normal;1.03149853280209;C_normal;1.03403499543654;E_normal;1.03604929110669;
A_normal;1.03914172361611;B_normal;1.04078826527338;C_normal;1.0418220466365;D_normal;1.04341560066678;E_normal;1.04665086902646;
A_normal;1.04906136527198;D_normal;1.05020862067856;C_normal;1.05068025748026;E_normal;1.051437232742;
A_normal;1.05363025688146;D_normal;1.05461552201693;C_normal;1.05722954315004;E_normal;1.05842322213155;
A_normal;1.05918930672245;C_normal;1.06047869839434;D_normal;1.06060392913059;E_normal;1.06105395960266;
A_normal;1.06339442057813;B_normal;1.06475304536677;B_normal;1.06805152317975;C_normal;1.07145288834161;D_normal;1.07290596467242;E_normal;1.07330488270317;
A_normal;1.07474275712998;B_normal;1.07752507770622;C_normal;1.07784640048986;D_normal;1.07867226932689;E_normal;1.0789588159791;
A_normal;1.08065406160474;C_normal;1.08276291091493;D_normal;1.08586676790987;E_normal;1.0865107527449;
A_normal;1.08986026541647;D_normal;1.09079640657971;C_normal;1.09333471467512;E_normal;1.09484067797247;
A_normal;1.09759463256503;B_normal;1.1009527457532;D_normal;1.10286271662982;C_normal;1.10628419056108;E_normal;1.10747995074457;
A_normal;1.1089275566612;D_normal;1.1106843206734;C_normal;1.11233432768818;E_normal;1.11417348890973;
A_normal;1.11582494001454;D_normal;1.1188503545806;C_normal;1.1192195338307;E_normal;1.11955233391847;
A_normal;1.12133255174558;C_normal;1.1225921065262;D_normal;1.12538592666129;E_normal;1.12706170460539;
A_normal;1.12999889928647;B_normal;1.13010095426257;D_normal;1.13161302648627;C_normal;1.13245540995235;E_normal;1.13328646250011;
A_normal;1.13573138839436;C_normal;1.13601989366968;D_normal;1.13610206246732;E_normal;1.13771313926393;
A_normal;1.13777326308385;D_normal;1.13913528515453;C_normal;1.13953065788276;E_normal;1.14272784903975;
A_normal;1.14610577418676;C_normal;1.14948321897019;D_normal;1.15138913228455;E_normal;1.15252168331871;
A_normal;1.15282344259645;D_normal;1.15582978005922;C_normal;1.15854506333805;E_normal;1.16014265849663;
A_normal;1.160452158352;B_normal;1.16070922297917;C_normal;1.16389101561153;D_normal;1.1672821267356;E_normal;1.16792889662126;
A_normal;1.1684585381461;C_normal;1.17019480777445;D_normal;1.17115645592276;E_normal;1.17424093889228;
A_normal;1.17723964828636;C_normal;1.18030720167088;D_normal;1.1818520342818;E_normal;1.18323154381748;
A_normal;1.18633395731902;C_normal;1.18681729104558;D_normal;1.18766832185955;E_normal;1.18960678993285;
A_normal;1.19179952944655;B_normal;1.19369031214511;D_normal;1.19432700444304;C_normal;1.19562275691876;E_normal;1.19566450956498;
A_normal;1.19783926508293;C_normal;1.20002641657387;D_normal;1.20029332318033;E_normal;1.20174706277127;
A_normal;1.20441506819043;D_normal;1.20443151143748;C_normal;1.20712552419152;E_normal;1.20938655519017;
A_normal;1.21071107868759;B_normal;1.21080076651641;C_normal;1.2130560827144;D_normal;1.21637069834267;E_normal;1.21857781300625;
A_normal;1.2186458583407;D_normal;1.2211238331155;C_normal;1.22151004594505;E_normal;1.22413258898855;
A_normal;1.22515327300223;D_normal;1.22566276200168;C_normal;1.22772789869406;E_normal;1.23077103440462;
A_normal;1.23276368576626;C_normal;1.23338372073098;D_normal;1.23611700592705;E_normal;1.23773740623437;
A_normal;1.23947160978019;C_normal;1.24135175424292;D_normal;1.24224778637937;E_normal;1.24331622071299;
A_normal;1.24396336943513;C_normal;1.24564376843046;D_normal;1.24601279026117;E_normal;1.24615213858488;
A_normal;1.24910034282463;C_normal;1.25030459160917;D_normal;1.2515699026537;E_normal;1.25251060556588;
A_normal;1.2541988621896;D_normal;1.25663615230587;C_normal;1.25825234378054;E_normal;1.25909730356943;
A_normal;1.26128038346037;C_normal;1.26146560670006;D_normal;1.26414685504278;E_normal;1.26438780158545;
A_normal;1.2649099804516;C_normal;1.2652604712736;D_normal;1.2658470152625;E_normal;1.26766879510089;
A_normal;1.26815788593214;B_normal;1.27012548289107;D_normal;1.27261085380128;C_normal;1.2740201007287;E_normal;1.27694102401438;
A_normal;1.27896590853278;D_normal;1.28023526055363;C_normal;1.28179990604501;E_normal;1.28402925608518;
A_normal;1.28626869356958;D_normal;1.28884858170447;C_normal;1.29169577463472;E_normal;1.29219550694527;
A_normal;1.29261950413477;D_normal;1.2960450123614;C_normal;1.29654279523432;E_normal;1.29751671560128;
A_normal;1.29868483025995;B_normal;1.30095106383993;D_normal;1.30138804163855;C_normal;1.30313811071068;E_normal;1.3038327608859;
A_normal;1.30620327226805;C_normal;1.3086971767043;D_normal;1.3088133106794;E_normal;1.31026048630398;
A_normal;1.31176075962139;D_normal;1.3147101448962;C_normal;1.31528274841225;E_normal;1.31613547247253;
A_normal;1.31878181385562;C_normal;1.32128623115164;D_normal;1.3235251429384;E_normal;1.32639614054157;
A_normal;1.32707143258045;D_normal;1.32938431939854;C_normal;1.32975007346734;E_normal;1.32999677380819;
A_normal;1.33044010805315;C_normal;1.33240751739262;D_normal;1.33436082254209;E_normal;1.33474248543563;
A_normal;1.33514746460262;C_normal;1.33805798120739;D_normal;1.34144998828965;E_normal;1.34252674693643;
A_normal;1.34327102626169;D_normal;1.34665332826585;C_normal;1.34969592132418;E_normal;1.35264508853046;
A_normal;1.35395150349682;B_normal;1.35621713891386;D_normal;1.35636137519193;C_normal;1.35933080471134;E_normal;1.36254932125707;
A_normal;1.36396160209066;D_normal;1.36484575924664;C_normal;1.36521405391007;E_normal;1.36552488834261;
A_normal;1.3685025828745;C_normal;1.36888127173329;D_normal;1.36990574114477;E_normal;1.37191066364822;
A_normal;1.37367516745871;D_normal;1.37674096863581;C_normal;1.37971312810098;E_normal;1.38057640817068;
A_normal;1.38092885222512;D_normal;1.38257682384412;C_normal;1.38379967064248;E_normal;1.38665567833555;
A_normal;1.38853154358124;C_normal;1.38992250286295;D_normal;1.39140713930829;E_normal;1.39369606064348;
A_normal;1.39497820189475;B_normal;1.39795112784001;D_normal;1.39906363390684;C_normal;1.40115120319145;E_normal;1.40399996285851;
A_normal;1.4069116450248;B_normal;1.41017332554071;D_normal;1.4132215885135;C_normal;1.41468068073057;E_normal;1.41583407243565;
A_normal;1.41757820383969;D_normal;1.41782876996311;C_normal;1.41838228233812;E_normal;1.42031612773523;
A_normal;1.42287655162444;C_normal;1.42339668274831;D_normal;1.42418032073409;E_normal;1.4251481807587;
A_normal;1.42739398033397;C_normal;1.42930808517526;D_normal;1.43034445072893;E_normal;1.43097791958361;
A_normal;1.43386952621707;B_normal;1.43507085232219;D_normal;1.43648188185277;C_normal;1.43754945236368;E_normal;1.43889152950982;
A_normal;1.44045106658854;D_normal;1.44165630874826;C_normal;1.44355156714866;E_normal;1.44472912993256;
A_normal;1.44785762734116;B_normal;1.45018370788279;D_normal;1.45088764969033;C_normal;1.45323298961739;E_normal;1.4539575463245;
A_normal;1.45472305613576;D_normal;1.45687420367904;C_normal;1.46003441013292;E_normal;1.46263998439018;
A_normal;1.46350224903856;B_normal;1.46648602896635;C_normal;1.46727201027291;D_normal;1.46811375176832;E_normal;1.46838060755625;
A_normal;1.46996055777385;B_normal;1.47057513127543;B_normal;1.47150632743594;D_normal;1.47267158452208;C_normal;1.47343495999909;E_normal;1.47672758058373;
