A_normal;0;E_normal;0,000108958123342341;F_normal;0,000812364252245364;C_normal;0,00314449765008046;B_normal;0,00370628746006534;C_normal;0,00518432137485231;B_normal;0,00683291187710387;C_normal;0,00975254533113912;E_normal;0,0107709362055175;F_normal;0,0120483892565567;D_normal;0,01318701958937;
A_normal;0,0161181687888327;B_normal;0,0171828955418379;C_normal;0,018326980451497;E_normal;0,0191834167263652;F_normal;0,0201522690994251;D_normal;0,0206702723452407;
A_normal;0,0216678216610388;B_normal;0,025058307389069;D_normal;0,0281414185139713;
A_normal;0,0282118938339409;E_normal;0,0287101724421114;F_normal;0,0287854358175537;D_normal;0,0288189392886125;
A_normal;0,0310781672144205;E_normal;0,0335368719194473;F_normal;0,034252254196973;D_normal;0,0363107655009824;
A_normal;0,0385470695360305;E_normal;0,039393529595044;F_normal;0,0404202484496636;C_normal;0,0431019211860581;E_normal;0,0461633233094795;F_normal;0,0481540269215152;C_normal;0,0505319220133566;E_normal;0,050558337013677;F_normal;0,0539921467781015;C_normal;0,0565948296393294;E_normal;0,0570936042721668;F_normal;0,0598165055077213;D_normal;0,06281896773079;
A_normal;0,0638183886557171;B_normal;0,0660021391959163;C_normal;0,0690479192514128;E_normal;0,0699964897454872;F_normal;0,0733325739096876;C_normal;0,07387795418779;E_normal;0,0744941254120527;F_normal;0,0762238330854517;D_normal;0,0767653078898244;
A_normal;0,0793336758069927;B_normal;0,0796126743629833;C_normal;0,0798202502483036;E_normal;0,0825824543604136;F_normal;0,0839074590330711;D_normal;0,0854242401805499;
A_normal;0,0871392495011807;E_normal;0,0899825734070166;F_normal;0,0904735300719039;C_normal;0,0907067463493958;E_normal;0,0913800708464502;F_normal;0,0921699316903768;C_normal;0,0930535538144694;B_normal;0,0959601077872018;D_normal;0,0970534588624206;
A_normal;0,0994571567975476;B_normal;0,100563548170612;D_normal;0,10159297807776;
A_normal;0,104164232419053;B_normal;0,10667670235691;D_normal;0,108558845277811;
A_normal;0,1116162241346;B_normal;0,112006484602009;C_normal;0,113408068361524;E_normal;0,113595155140501;F_normal;0,115933406072953;D_normal;0,119133912845023;
A_normal;0,121499943367477;E_normal;0,122462676144399;F_normal;0,12501298451227;C_normal;0,127317779270622;E_normal;0,128116435233905;F_normal;0,1293835302236;C_normal;0,132810310864847;B_normal;0,132999445683607;D_normal;0,13600877929356;
A_normal;0,138429467124903;B_normal;0,140751900610566;D_normal;0,141827760995107;
A_normal;0,143686135065056;E_normal;0,145222337769357;F_normal;0,14642782289108;C_normal;0,148121578854948;E_normal;0,151075749284549;F_normal;0,151702058933248;C_normal;0,153415817534551;B_normal;0,156514349936818;D_normal;0,157234985256865;
A_normal;0,159274569248535;E_normal;0,161438528399837;F_normal;0,163315511098416;C_normal;0,16487216297052;E_normal;0,165513387633837;F_normal;0,168971908595672;D_normal;0,171373393638836;
A_normal;0,171710932198847;B_normal;0,172227274155982;D_normal;0,175283964241519;
A_normal;0,176807706208718;B_normal;0,177344011920569;C_normal;0,177984271099881;B_normal;0,17929967010342;C_normal;0,180562981262079;E_normal;0,182138796059816;F_normal;0,18373795758008;D_normal;0,186576779327071;
A_normal;0,187456596160903;E_normal;0,189479547767809;F_normal;0,191590639916184;D_normal;0,194010582823669;
A_normal;0,197061646710305;E_normal;0,198325348912881;F_normal;0,201033755549967;D_normal;0,201746784975209;
A_normal;0,204653839790909;B_normal;0,207785193667708;C_normal;0,210477990504134;E_normal;0,211503884548114;F_normal;0,213090460644;C_normal;0,213744948416004;E_normal;0,214524499271647;F_normal;0,215645338592973;D_normal;0,218295025920573;
A_normal;0,219247566867529;B_normal;0,222150838246711;C_normal;0,223008453774835;B_normal;0,224771233605376;C_normal;0,224772393714779;B_normal;0,227235223808546;D_normal;0,228608060689617;
A_normal;0,229514265371512;B_normal;0,230531612386888;C_normal;0,232981615057927;E_normal;0,235721915611066;F_normal;0,237687496921151;C_normal;0,237763003567428;E_normal;0,240835898984288;F_normal;0,240948107446052;C_normal;0,241488227423462;B_normal;0,242942625587198;D_normal;0,24295567806338;
A_normal;0,245602525453756;E_normal;0,246403816938659;F_normal;0,246618805580915;C_normal;0,246879493618811;B_normal;0,249185554395404;D_normal;0,251976287383716;
A_normal;0,25342994140778;B_normal;0,25687465161415;C_normal;0,257036052670123;E_normal;0,257387887039739;F_normal;0,260701947669279;D_normal;0,261442817542249;
A_normal;0,264846224548011;E_normal;0,264957896378797;F_normal;0,267743401379751;D_normal;0,269518102634013;
A_normal;0,272988775389321;E_normal;0,275474286321292;F_normal;0,278928665067522;C_normal;0,281642363608828;B_normal;0,282913294294202;D_normal;0,2831727289239;
A_normal;0,284075931751027;B_normal;0,287263549300001;D_normal;0,290368808627439;
A_normal;0,292064349386945;B_normal;0,293377136234388;D_normal;0,295969594155193;
A_normal;0,297153899307078;E_normal;0,298924719381224;F_normal;0,299275566055763;D_normal;0,299359247500737;
A_normal;0,300595765745837;E_normal;0,302839925027608;F_normal;0,305048116532918;C_normal;0,306779005236523;B_normal;0,310237407111951;C_normal;0,310927765084974;E_normal;0,31332135657269;F_normal;0,313433088405873;C_normal;0,316212086576141;E_normal;0,316796579346475;F_normal;0,317056127466559;D_normal;0,319790079751531;
A_normal;0,321284245211347;E_normal;0,322054207244138;F_normal;0,32511873022789;D_normal;0,32676538492443;
A_normal;0,329786032211915;E_normal;0,332290687772911;F_normal;0,333028979248613;D_normal;0,335325351678573;
A_normal;0,335984173654449;E_normal;0,338819422956375;F_normal;0,340447622275355;D_normal;0,340964435940906;
A_normal;0,343995235355882;E_normal;0,346072638187454;F_normal;0,346826737816122;D_normal;0,348229025867315;
A_normal;0,350672890939879;B_normal;0,351769194999684;C_normal;0,353868943310873;B_normal;0,354072646106943;C_normal;0,354835250667141;E_normal;0,357111700713479;F_normal;0,358302358510426;D_normal;0,359938375608181;
A_normal;0,362450306585136;E_normal;0,362742081624068;F_normal;0,363617157397029;D_normal;0,36482542341077;
A_normal;0,36781421621951;B_normal;0,368684786397757;D_normal;0,369965097535492;
A_normal;0,371457917979569;E_normal;0,374090480362712;F_normal;0,375673453009869;C_normal;0,377812304632648;B_normal;0,378646187857764;D_normal;0,381161403848738;
A_normal;0,381784650335451;B_normal;0,381907812305144;C_normal;0,385014144750635;E_normal;0,386798783758422;F_normal;0,389135638837211;C_normal;0,391158134833353;B_normal;0,394544157928774;C_normal;0,395077436166402;E_normal;0,397208650350674;F_normal;0,398887039568055;C_normal;0,400501919950734;E_normal;0,401649616985297;F_normal;0,404503075855448;C_normal;0,405043018989899;B_normal;0,407637137038465;C_normal;0,408831725796012;E_normal;0,408966950121491;F_normal;0,411361406866086;C_normal;0,413666988549974;E_normal;0,415815792664135;F_normal;0,418492455452603;D_normal;0,421599194059834;
A_normal;0,423827077771421;E_normal;0,426540470164683;F_normal;0,427204611193803;D_normal;0,430349488437059;
A_normal;0,433385707361999;E_normal;0,43442291950406;F_normal;0,434800093447039;C_normal;0,436025896648062;E_normal;0,438017312784925;F_normal;0,440375201850354;C_normal;0,443832018328572;B_normal;0,444162661117541;D_normal;0,445125331502317;
A_normal;0,445945452649742;E_normal;0,446225410990236;F_normal;0,448009718909614;C_normal;0,448788119045073;E_normal;0,450229672262342;F_normal;0,451974749293489;C_normal;0,453262960245613;E_normal;0,45600152306886;F_normal;0,458366632917508;D_normal;0,460197193247344;
A_normal;0,460992186674654;B_normal;0,464391726507327;C_normal;0,467761735321902;B_normal;0,470631777987971;C_normal;0,472134824452547;B_normal;0,475599748711425;D_normal;0,47804675936479;
A_normal;0,480897070299964;B_normal;0,483173448684587;C_normal;0,486177882352624;B_normal;0,48744912003167;D_normal;0,48773645534594;
A_normal;0,487754062676686;B_normal;0,488116121645564;C_normal;0,490327572970677;B_normal;0,493119109160034;C_normal;0,495529854717057;E_normal;0,497227748556826;F_normal;0,497575758600659;D_normal;0,498703601349714;
A_normal;0,499654043399561;B_normal;0,502623243666474;C_normal;0,504372751427582;B_normal;0,506893294672611;C_normal;0,508373200377618;B_normal;0,511751688349048;D_normal;0,51378755901371;
A_normal;0,515462708155004;B_normal;0,51658910610422;C_normal;0,518266602718439;B_normal;0,519883403932909;D_normal;0,520511788196422;
A_normal;0,522423860780287;E_normal;0,525528719336661;F_normal;0,527578733156487;D_normal;0,528616143215913;
A_normal;0,530628528289122;E_normal;0,532863748242057;F_normal;0,533744121536276;C_normal;0,533902408506644;E_normal;0,5367589242281;F_normal;0,537526522185848;D_normal;0,539847569384923;
A_normal;0,540777907965498;B_normal;0,541597714704242;D_normal;0,542822910965899;
A_normal;0,544932916375627;B_normal;0,546377112697681;D_normal;0,548079770338114;
A_normal;0,548952004857711;B_normal;0,551049427316886;D_normal;0,553037396496317;
A_normal;0,555477719920519;B_normal;0,558686622698183;D_normal;0,561167272024452;
A_normal;0,563061032641498;E_normal;0,565604648166401;F_normal;0,56751020017772;C_normal;0,570446954846072;E_normal;0,570520376463214;F_normal;0,570651993121525;C_normal;0,573800336118438;E_normal;0,576036304950119;F_normal;0,578752067001511;C_normal;0,579086254333056;B_normal;0,582149274516269;D_normal;0,585429749600331;
A_normal;0,588852747763869;B_normal;0,590194789561792;D_normal;0,590272711235836;
A_normal;0,593007925972213;E_normal;0,594766584357583;F_normal;0,598009866702746;C_normal;0,598569425358114;B_normal;0,602014575955562;C_normal;0,603193745663804;B_normal;0,604645693136263;C_normal;0,60500534629197;B_normal;0,606033223943087;C_normal;0,606271237442141;B_normal;0,609194255843047;D_normal;0,610495667760713;
A_normal;0,610692804271821;B_normal;0,612060810588042;C_normal;0,614714694505286;E_normal;0,614819730885858;F_normal;0,61660918276175;C_normal;0,619128666265169;B_normal;0,619462040927223;D_normal;0,621297843034781;
A_normal;0,623458405684991;B_normal;0,626362791246114;C_normal;0,627945602552953;E_normal;0,630264754654491;F_normal;0,631744176165537;C_normal;0,633757090128105;E_normal;0,634073934525886;F_normal;0,63609673853595;D_normal;0,636183169120664;
A_normal;0,6385025922015;E_normal;0,639754455845428;F_normal;0,642549215953397;C_normal;0,642826240299555;E_normal;0,644614899637721;F_normal;0,647315765176448;C_normal;0,648661874123112;B_normal;0,651755807196929;D_normal;0,652243710329964;
A_normal;0,654398489644842;B_normal;0,654710441648301;D_normal;0,654838568508341;
A_normal;0,65531024872002;B_normal;0,655654944397005;C_normal;0,657823177505634;B_normal;0,659818284349361;C_normal;0,662229549055661;E_normal;0,662542325145397;F_normal;0,665907906906796;C_normal;0,668700006127539;E_normal;0,671141202189675;F_normal;0,672633044811341;C_normal;0,675202104035028;E_normal;0,677266033844919;F_normal;0,680377732587254;C_normal;0,683060269820595;E_normal;0,685230743878897;F_normal;0,686174989720005;C_normal;0,686427549986144;B_normal;0,686466711607258;C_normal;0,689539978718839;E_normal;0,689789841462497;F_normal;0,691093864598467;C_normal;0,691991395548233;B_normal;0,695158028155372;C_normal;0,695686264089697;B_normal;0,697884288076441;D_normal;0,699245796217131;
A_normal;0,702206893790087;E_normal;0,702792729173477;F_normal;0,705443620241972;C_normal;0,706008505624293;E_normal;0,707032954114969;F_normal;0,708474821517788;C_normal;0,709314543802369;E_normal;0,712312045554023;F_normal;0,712363384054496;C_normal;0,714181838822293;E_normal;0,716366504829947;F_normal;0,718317657332389;C_normal;0,721050899160522;B_normal;0,723579285443218;D_normal;0,724149723449955;
A_normal;0,727262791247793;E_normal;0,728163768904375;F_normal;0,730563093584756;C_normal;0,73201461251463;E_normal;0,733516017846544;F_normal;0,73659471017729;D_normal;0,739690294143253;
A_normal;0,73972577093001;B_normal;0,741746305547875;D_normal;0,744973383221401;
A_normal;0,746977526093058;B_normal;0,748327496079988;D_normal;0,748630275689519;
A_normal;0,750417212213507;B_normal;0,751379884414039;C_normal;0,75371220423646;B_normal;0,753937712781611;C_normal;0,756571919390506;B_normal;0,759623717671882;C_normal;0,761537592288935;E_normal;0,763668941080041;F_normal;0,766976494938718;C_normal;0,767900319695603;B_normal;0,768805040793572;D_normal;0,772223234145916;
A_normal;0,77503732486932;B_normal;0,776844126463403;D_normal;0,77893953611945;
A_normal;0,780021868502243;B_normal;0,782729532435447;D_normal;0,78510791819685;
A_normal;0,785266945025393;B_normal;0,788426099165615;D_normal;0,789865810868732;
A_normal;0,790180859996731;B_normal;0,793201141667346;D_normal;0,79365144594178;
A_normal;0,796467469657526;E_normal;0,797317436576123;F_normal;0,798675709258533;D_normal;0,801379679373996;
A_normal;0,801744638811215;E_normal;0,802723114424024;F_normal;0,803549383049055;D_normal;0,803908784121935;
A_normal;0,804025908888435;E_normal;0,807420342510644;F_normal;0,809825512402717;D_normal;0,810986733104478;
A_normal;0,81292212901139;B_normal;0,814051835978818;C_normal;0,814386930859959;E_normal;0,8171415724064;F_normal;0,819036862866294;D_normal;0,821378087265961;
A_normal;0,822475400853566;B_normal;0,824431428060053;D_normal;0,826258224912131;
A_normal;0,82775382687881;E_normal;0,828700355299387;F_normal;0,831204712479829;D_normal;0,832916819019981;
A_normal;0,834034822709833;B_normal;0,835889436062038;D_normal;0,836349697216065;
A_normal;0,839066723987344;B_normal;0,839838629006409;D_normal;0,843204440406731;
A_normal;0,846012618695063;E_normal;0,846035359260795;F_normal;0,847916229437235;D_normal;0,849529619881651;
A_normal;0,852402372500769;E_normal;0,85258250864475;F_normal;0,853197074255959;D_normal;0,855639276075333;
A_normal;0,858466518420352;E_normal;0,858953224218568;F_normal;0,859042233784244;C_normal;0,859068264360152;B_normal;0,862501096253659;C_normal;0,865803777128653;B_normal;0,866018168214296;C_normal;0,866859016733038;B_normal;0,869534530164351;D_normal;0,872340933033331;
A_normal;0,875725835953038;B_normal;0,878442028197849;C_normal;0,881742566017137;B_normal;0,884959274422727;D_normal;0,886247640507969;
A_normal;0,888128973356087;B_normal;0,889595630590016;D_normal;0,892105736480315;
A_normal;0,893969160359121;B_normal;0,894197619872608;D_normal;0,89585666821707;
A_normal;0,896517189819457;E_normal;0,899171495150465;F_normal;0,901547705483003;C_normal;0,903853065972928;B_normal;0,905004681206063;C_normal;0,905845617089654;B_normal;0,908379167431526;C_normal;0,909085167398897;B_normal;0,911374610045136;D_normal;0,913124560889426;
A_normal;0,915955224339592;E_normal;0,91934498588186;F_normal;0,921966007297872;C_normal;0,923507063361791;E_normal;0,924123921615926;F_normal;0,924352062130412;D_normal;0,927449750162649;
A_normal;0,930546263776099;E_normal;0,930827307075056;F_normal;0,93383007685932;C_normal;0,936341101408794;E_normal;0,938954853869898;F_normal;0,939938514541913;C_normal;0,942531163126761;B_normal;0,942621406696466;D_normal;0,945078066401443;
A_normal;0,947044810998099;E_normal;0,948075973879896;F_normal;0,949864783215971;C_normal;0,95151922446611;B_normal;0,952655773936487;C_normal;0,953033115819886;B_normal;0,95551563297987;C_normal;0,957758129354463;B_normal;0,958565765590821;D_normal;0,959050449586358;
A_normal;0,962157258545631;B_normal;0,962352564729777;C_normal;0,965599870706987;E_normal;0,967795200705749;F_normal;0,968028525613288;C_normal;0,970646528236103;B_normal;0,973611353411495;C_normal;0,975682047970219;B_normal;0,975851072498093;D_normal;0,977603246092461;
A_normal;0,977654244288311;E_normal;0,980618355913774;F_normal;0,98264067758929;C_normal;0,985658804006461;B_normal;0,988976890997341;D_normal;0,99121794027451;
A_normal;0,993037507017208;B_normal;0,995964449962938;C_normal;0,99837119465681;E_normal;1,00115697755407;F_normal;1,0014677425287;D_normal;1,00166340222091;
A_normal;1,00427336532286;E_normal;1,00592900311878;F_normal;1,00650464512647;C_normal;1,00837577362998;E_normal;1,00926202989973;F_normal;1,01078372006466;C_normal;1,01315822113894;B_normal;1,0133152233773;C_normal;1,01359952581374;B_normal;1,016828785513;D_normal;1,0170171018318;
A_normal;1,02029428060956;B_normal;1,02057332489575;C_normal;1,02088485211425;E_normal;1,02319402545012;F_normal;1,02551417326322;C_normal;1,02672786524959;B_normal;1,02996192031585;D_normal;1,03149853280209;
A_normal;1,03403499543654;E_normal;1,03604929110669;F_normal;1,03914172361611;C_normal;1,04078826527338;B_normal;1,0418220466365;D_normal;1,04341560066678;
A_normal;1,04665086902646;B_normal;1,04906136527198;D_normal;1,05020862067856;
A_normal;1,05068025748026;B_normal;1,051437232742;C_normal;1,05363025688146;E_normal;1,05461552201693;F_normal;1,05722954315004;D_normal;1,05842322213155;
A_normal;1,05918930672245;E_normal;1,06047869839434;F_normal;1,06060392913059;C_normal;1,06105395960266;E_normal;1,06339442057813;F_normal;1,06475304536677;C_normal;1,06805152317975;B_normal;1,07145288834161;D_normal;1,07290596467242;
A_normal;1,07330488270317;B_normal;1,07474275712998;C_normal;1,07752507770622;B_normal;1,07784640048986;C_normal;1,07867226932689;E_normal;1,0789588159791;F_normal;1,08065406160474;D_normal;1,08276291091493;
A_normal;1,08586676790987;E_normal;1,0865107527449;F_normal;1,08986026541647;D_normal;1,09079640657971;
