A_schedule;0;A_start;0,00300246222306871;A_suspend;0,00400188314799582;A_resume;0,00618563368819499;A_suspend;0,00923141374369152;A_resume;0,0101799842377659;A_suspend;0,0135160684019663;A_resume;0,0140614486800688;A_complete;0,0146776199043315;
A_schedule;0,0164073275777304;A_start;0,0169488023821032;A_complete;0,0195171702992714;
A_schedule;0,0197961688552621;A_start;0,0200037447405824;A_complete;0,0227659488526923;
A_schedule;0,0240909535253498;A_start;0,0256077346728287;A_complete;0,0273227439934595;
A_schedule;0,0301660678992953;A_start;0,0306570245641827;A_suspend;0,0308902408416745;A_resume;0,0315635653387289;A_complete;0,0323534261826555;
A_schedule;0,0332370483067482;A_start;0,0361436022794805;A_complete;0,0372369533546993;
A_schedule;0,0396406512898264;A_start;0,0407470426628909;A_complete;0,0417764725700383;
A_schedule;0,0443477269113322;A_start;0,046860196849189;A_complete;0,0487423397700897;
A_schedule;0,0517997186268783;A_start;0,0521899790942876;A_suspend;0,0535915628538027;A_resume;0,0537786496327802;A_suspend;0,056116900565232;A_resume;0,0593174073373019;A_abort;0,0616834378597559;
A_schedule;0,0626461706366778;A_start;0,0651964790045491;A_suspend;0,0675012737629004;A_resume;0,0682999297261833;A_suspend;0,0695670247158786;A_resume;0,0729938053571257;A_suspend;0,0731829401758862;A_resume;0,0761922737858387;A_suspend;0,078612961617182;A_resume;0,0809353951028445;A_complete;0,0820112554873857;
A_schedule;0,083869629557335;A_withdraw;0,0854058322616361;
A_schedule;0,0866113173833583;A_start;0,0883050733472272;A_complete;0,0912592437768277;
A_schedule;0,0918855534255272;A_start;0,0935993120268298;A_complete;0,0966978444290968;
A_schedule;0,0974184797491438;A_start;0,0994580637408136;A_abort;0,101622022892116;
A_schedule;0,103499005590695;A_start;0,105055657462799;A_complete;0,105696882126116;
A_schedule;0,10915540308795;A_start;0,111556888131114;A_complete;0,111894426691126;
A_schedule;0,11241076864826;A_start;0,115467458733797;A_abort;0,116991200700997;
A_schedule;0,117527506412848;A_start;0,11816776559216;A_complete;0,119483164595699;
A_schedule;0,120746475754357;A_start;0,122322290552094;A_complete;0,123921452072358;
A_schedule;0,126760273819349;A_start;0,127640090653181;A_complete;0,129663042260088;
A_schedule;0,131774134408463;A_start;0,134194077315947;A_complete;0,137245141202584;
A_schedule;0,138508843405159;A_start;0,141217250042246;A_complete;0,141930279467488;
A_schedule;0,144837334283188;A_start;0,147968688159987;A_complete;0,150661484996413;
A_schedule;0,151687379040393;A_withdraw;0,153273955136279;
A_schedule;0,153928442908283;A_start;0,154707993763926;A_complete;0,155828833085252;
A_schedule;0,158478520412852;A_start;0,159431061359808;A_suspend;0,16233433273899;A_resume;0,163191948267114;A_complete;0,164954728097655;
A_schedule;0,164955888207058;A_start;0,167418718300824;A_complete;0,168791555181896;
A_schedule;0,169697759863791;A_start;0,170715106879167;A_complete;0,173165109550205;
A_schedule;0,175905410103345;A_start;0,17787099141343;A_complete;0,177946498059706;
A_schedule;0,181019393476567;A_start;0,181131601938331;A_complete;0,18167172191574;
A_schedule;0,183126120079477;A_start;0,183139172555659;A_complete;0,185786019946035;
A_schedule;0,186587311430938;A_start;0,186802300073193;A_complete;0,18706298811109;
A_schedule;0,189369048887683;A_start;0,192159781875994;A_suspend;0,193613435900059;A_resume;0,197058146106428;A_suspend;0,197219547162402;A_resume;0,197571381532018;A_suspend;0,200885442161557;A_resume;0,201626312034528;A_complete;0,205029719040289;
A_schedule;0,205141390871075;A_withdraw;0,20792689587203;
A_schedule;0,209701597126291;A_start;0,213172269881599;A_complete;0,215657780813571;
A_schedule;0,219112159559801;A_start;0,221825858101106;A_complete;0,223096788786481;
A_schedule;0,223356223416178;A_start;0,224259426243306;A_suspend;0,22744704379228;A_resume;0,230552303119718;A_complete;0,232247843879223;
A_schedule;0,233560630726667;A_start;0,236153088647471;A_complete;0,237337393799357;
A_schedule;0,239108213873502;A_withdraw;0,239459060548042;
A_schedule;0,239542741993015;A_start;0,240779260238115;A_complete;0,243023419519886;
A_schedule;0,245231611025196;A_start;0,246962499728801;A_complete;0,25042090160423;
A_schedule;0,251111259577253;A_start;0,253504851064968;A_complete;0,253616582898151;
A_schedule;0,256395581068419;A_start;0,256980073838753;A_abort;0,257239621958838;
A_schedule;0,259973574243809;A_start;0,261467739703625;A_complete;0,262237701736416;
A_schedule;0,265302224720169;A_withdraw;0,266948879416709;
A_schedule;0,269969526704194;A_withdraw;0,27247418226519;
A_schedule;0,273212473740892;A_start;0,275508846170851;A_suspend;0,276167668146728;A_resume;0,279002917448654;A_complete;0,280631116767634;
A_schedule;0,281147930433185;A_start;0,28417872984816;A_complete;0,286256132679733;
A_schedule;0,287010232308401;A_start;0,288412520359594;A_complete;0,290856385432158;
A_schedule;0,291952689491963;A_start;0,294052437803152;A_complete;0,294256140599221;
A_schedule;0,29501874515942;A_start;0,297295195205758;A_complete;0,298485853002704;
A_schedule;0,300121870100459;A_start;0,302633801077415;A_complete;0,302925576116346;
A_schedule;0,303800651889307;A_start;0,305008917903049;A_complete;0,307997710711788;
A_schedule;0,308868280890036;A_start;0,310148592027771;A_complete;0,311641412471848;
A_schedule;0,314273974854991;A_start;0,315856947502147;A_complete;0,317995799124926;
A_schedule;0,318829682350042;A_start;0,321344898341017;A_abort;0,321968144827729;
A_schedule;0,322091306797423;A_start;0,325197639242914;A_complete;0,326982278250701;
A_schedule;0,32931913332949;A_start;0,331341629325632;A_complete;0,334727652421053;
A_schedule;0,33526093065868;A_start;0,337392144842953;A_suspend;0,339070534060334;A_resume;0,340685414443012;A_complete;0,341833111477576;
A_schedule;0,344686570347726;A_start;0,345226513482177;A_complete;0,347820631530744;
A_schedule;0,349015220288291;A_withdraw;0,34915044461377;
A_schedule;0,351544901358365;A_start;0,353850483042253;A_complete;0,355999287156414;
A_schedule;0,358675949944882;A_start;0,361782688552113;A_complete;0,364010572263699;
A_schedule;0,366723964656962;A_start;0,367388105686081;A_complete;0,370532982929338;
A_schedule;0,373569201854277;A_start;0,374606413996339;A_complete;0,374983587939318;
A_schedule;0,37620939114034;A_withdraw;0,378200807277204;
A_schedule;0,380558696342632;A_start;0,384015512820851;A_complete;0,384346155609819;
A_schedule;0,385308825994596;A_start;0,38612894714202;A_complete;0,386408905482515;
A_schedule;0,388193213401893;A_start;0,388971613537352;A_abort;0,39041316675462;
A_schedule;0,392158243785768;A_start;0,393446454737892;A_complete;0,396185017561139;
A_schedule;0,398550127409787;A_withdraw;0,400380687739622;
A_schedule;0,401175681166933;A_start;0,404575220999605;A_suspend;0,407945229814181;A_resume;0,410815272480249;A_suspend;0,412318318944825;A_resume;0,415783243203704;A_complete;0,418230253857069;
A_schedule;0,421080564792242;A_start;0,423356943176865;A_suspend;0,426361376844903;A_resume;0,427632614523948;A_abort;0,427919949838219;
A_schedule;0,427937557168965;A_start;0,428299616137843;A_complete;0,430511067462956;
A_schedule;0,433302603652313;A_start;0,435713349209335;A_complete;0,437411243049104;
A_schedule;0,437759253092938;A_withdraw;0,438887095841993;
A_schedule;0,439837537891839;A_start;0,442806738158753;A_complete;0,44455624591986;
A_schedule;0,44707678916489;A_start;0,448556694869896;A_complete;0,451935182841327;
A_schedule;0,453971053505989;A_start;0,455646202647282;A_complete;0,456772600596499;
A_schedule;0,458450097210718;A_start;0,460066898425187;A_abort;0,460695282688701;
A_schedule;0,462607355272566;A_start;0,46571221382894;A_complete;0,467762227648766;
A_schedule;0,468799637708192;A_start;0,4708120227814;A_complete;0,473047242734335;
A_schedule;0,473927616028555;A_start;0,474085902998922;A_complete;0,476942418720379;
A_schedule;0,477710016678126;A_start;0,480031063877201;A_complete;0,480961402457777;
A_schedule;0,48178120919652;A_start;0,483006405458178;A_suspend;0,485116410867906;A_resume;0,486560607189959;A_complete;0,488263264830392;
A_schedule;0,489135499349989;A_start;0,491232921809165;A_complete;0,493220890988596;
A_schedule;0,495661214412798;A_start;0,498870117190462;A_complete;0,50135076651673;
A_schedule;0,503244527133777;A_start;0,50578814265868;A_complete;0,507693694669999;
A_schedule;0,510630449338351;A_withdraw;0,510703870955493;
A_schedule;0,510835487613804;A_start;0,513983830610717;A_abort;0,516219799442398;
A_schedule;0,51893556149379;A_start;0,519269748825334;A_suspend;0,522332769008548;A_resume;0,52561324409261;A_complete;0,529036242256148;
A_schedule;0,530378284054071;A_start;0,530456205728115;A_complete;0,533191420464492;
A_schedule;0,534950078849862;A_start;0,538193361195024;A_suspend;0,538752919850393;A_resume;0,54219807044784;A_suspend;0,543377240156082;A_resume;0,544829187628542;A_complete;0,545188840784249;
A_schedule;0,546216718435365;A_start;0,54645473193442;A_complete;0,549377750335326;
A_schedule;0,550679162252992;A_start;0,5508762987641;A_suspend;0,552244305080321;A_resume;0,554898188997565;A_complete;0,555003225378136;
A_schedule;0,556792677254028;A_start;0,559312160757448;A_complete;0,559645535419501;
A_schedule;0,561481337527059;A_start;0,563641900177269;A_complete;0,566546285738393;
A_schedule;0,568129097045232;A_start;0,57044824914677;A_complete;0,571927670657816;
A_schedule;0,573940584620384;A_start;0,574257429018164;A_complete;0,576280233028229;
A_schedule;0,576366663612943;A_start;0,578686086693779;A_complete;0,579937950337707;
